-------------------------------------------------------------------------------
Test set: ed22_ud12_Ejercicio2_GeneradorIP.GeneradorTest
-------------------------------------------------------------------------------
Tests run: 2005, Failures: 1002, Errors: 2, Skipped: 0, Time elapsed: 1.834 s <<< FAILURE! - in ed22_ud12_Ejercicio2_GeneradorIP.GeneradorTest
testNotSameObject  Time elapsed: 0.015 s  <<< FAILURE!
org.opentest4j.AssertionFailedError: expected: not same but was: <null>
	at ed22_ud12_Ejercicio2_GeneradorIP.GeneradorTest.testNotSameObject(GeneradorTest.java:41)

test  Time elapsed: 0 s  <<< FAILURE!
org.opentest4j.AssertionFailedError: Not yet implemented
	at ed22_ud12_Ejercicio2_GeneradorIP.GeneradorTest.test(GeneradorTest.java:22)

testIfIsNotNull[1]  Time elapsed: 0.002 s  <<< FAILURE!
org.opentest4j.AssertionFailedError: expected: not <null>
	at ed22_ud12_Ejercicio2_GeneradorIP.GeneradorTest.testIfIsNotNull(GeneradorTest.java:32)

testIfIsNotNull[2]  Time elapsed: 0.001 s  <<< FAILURE!
org.opentest4j.AssertionFailedError: expected: not <null>
	at ed22_ud12_Ejercicio2_GeneradorIP.GeneradorTest.testIfIsNotNull(GeneradorTest.java:32)

testIfIsNotNull[3]  Time elapsed: 0.001 s  <<< FAILURE!
org.opentest4j.AssertionFailedError: expected: not <null>
	at ed22_ud12_Ejercicio2_GeneradorIP.GeneradorTest.testIfIsNotNull(GeneradorTest.java:32)

testIfIsNotNull[4]  Time elapsed: 0.001 s  <<< FAILURE!
org.opentest4j.AssertionFailedError: expected: not <null>
	at ed22_ud12_Ejercicio2_GeneradorIP.GeneradorTest.testIfIsNotNull(GeneradorTest.java:32)

testIfIsNotNull[5]  Time elapsed: 0.001 s  <<< FAILURE!
org.opentest4j.AssertionFailedError: expected: not <null>
	at ed22_ud12_Ejercicio2_GeneradorIP.GeneradorTest.testIfIsNotNull(GeneradorTest.java:32)

testIfIsNotNull[6]  Time elapsed: 0.001 s  <<< FAILURE!
org.opentest4j.AssertionFailedError: expected: not <null>
	at ed22_ud12_Ejercicio2_GeneradorIP.GeneradorTest.testIfIsNotNull(GeneradorTest.java:32)

testIfIsNotNull[7]  Time elapsed: 0.001 s  <<< FAILURE!
org.opentest4j.AssertionFailedError: expected: not <null>
	at ed22_ud12_Ejercicio2_GeneradorIP.GeneradorTest.testIfIsNotNull(GeneradorTest.java:32)

testIfIsNotNull[8]  Time elapsed: 0.001 s  <<< FAILURE!
org.opentest4j.AssertionFailedError: expected: not <null>
	at ed22_ud12_Ejercicio2_GeneradorIP.GeneradorTest.testIfIsNotNull(GeneradorTest.java:32)

testIfIsNotNull[9]  Time elapsed: 0 s  <<< FAILURE!
org.opentest4j.AssertionFailedError: expected: not <null>
	at ed22_ud12_Ejercicio2_GeneradorIP.GeneradorTest.testIfIsNotNull(GeneradorTest.java:32)

testIfIsNotNull[10]  Time elapsed: 0.001 s  <<< FAILURE!
org.opentest4j.AssertionFailedError: expected: not <null>
	at ed22_ud12_Ejercicio2_GeneradorIP.GeneradorTest.testIfIsNotNull(GeneradorTest.java:32)

testIfIsNotNull[11]  Time elapsed: 0.001 s  <<< FAILURE!
org.opentest4j.AssertionFailedError: expected: not <null>
	at ed22_ud12_Ejercicio2_GeneradorIP.GeneradorTest.testIfIsNotNull(GeneradorTest.java:32)

testIfIsNotNull[12]  Time elapsed: 0.001 s  <<< FAILURE!
org.opentest4j.AssertionFailedError: expected: not <null>
	at ed22_ud12_Ejercicio2_GeneradorIP.GeneradorTest.testIfIsNotNull(GeneradorTest.java:32)

testIfIsNotNull[13]  Time elapsed: 0.001 s  <<< FAILURE!
org.opentest4j.AssertionFailedError: expected: not <null>
	at ed22_ud12_Ejercicio2_GeneradorIP.GeneradorTest.testIfIsNotNull(GeneradorTest.java:32)

testIfIsNotNull[14]  Time elapsed: 0.001 s  <<< FAILURE!
org.opentest4j.AssertionFailedError: expected: not <null>
	at ed22_ud12_Ejercicio2_GeneradorIP.GeneradorTest.testIfIsNotNull(GeneradorTest.java:32)

testIfIsNotNull[15]  Time elapsed: 0.001 s  <<< FAILURE!
org.opentest4j.AssertionFailedError: expected: not <null>
	at ed22_ud12_Ejercicio2_GeneradorIP.GeneradorTest.testIfIsNotNull(GeneradorTest.java:32)

testIfIsNotNull[16]  Time elapsed: 0.001 s  <<< FAILURE!
org.opentest4j.AssertionFailedError: expected: not <null>
	at ed22_ud12_Ejercicio2_GeneradorIP.GeneradorTest.testIfIsNotNull(GeneradorTest.java:32)

testIfIsNotNull[17]  Time elapsed: 0.001 s  <<< FAILURE!
org.opentest4j.AssertionFailedError: expected: not <null>
	at ed22_ud12_Ejercicio2_GeneradorIP.GeneradorTest.testIfIsNotNull(GeneradorTest.java:32)

testIfIsNotNull[18]  Time elapsed: 0 s  <<< FAILURE!
org.opentest4j.AssertionFailedError: expected: not <null>
	at ed22_ud12_Ejercicio2_GeneradorIP.GeneradorTest.testIfIsNotNull(GeneradorTest.java:32)

testIfIsNotNull[19]  Time elapsed: 0.001 s  <<< FAILURE!
org.opentest4j.AssertionFailedError: expected: not <null>
	at ed22_ud12_Ejercicio2_GeneradorIP.GeneradorTest.testIfIsNotNull(GeneradorTest.java:32)

testIfIsNotNull[20]  Time elapsed: 0.001 s  <<< FAILURE!
org.opentest4j.AssertionFailedError: expected: not <null>
	at ed22_ud12_Ejercicio2_GeneradorIP.GeneradorTest.testIfIsNotNull(GeneradorTest.java:32)

testIfIsNotNull[21]  Time elapsed: 0.001 s  <<< FAILURE!
org.opentest4j.AssertionFailedError: expected: not <null>
	at ed22_ud12_Ejercicio2_GeneradorIP.GeneradorTest.testIfIsNotNull(GeneradorTest.java:32)

testIfIsNotNull[22]  Time elapsed: 0 s  <<< FAILURE!
org.opentest4j.AssertionFailedError: expected: not <null>
	at ed22_ud12_Ejercicio2_GeneradorIP.GeneradorTest.testIfIsNotNull(GeneradorTest.java:32)

testIfIsNotNull[23]  Time elapsed: 0.001 s  <<< FAILURE!
org.opentest4j.AssertionFailedError: expected: not <null>
	at ed22_ud12_Ejercicio2_GeneradorIP.GeneradorTest.testIfIsNotNull(GeneradorTest.java:32)

testIfIsNotNull[24]  Time elapsed: 0 s  <<< FAILURE!
org.opentest4j.AssertionFailedError: expected: not <null>
	at ed22_ud12_Ejercicio2_GeneradorIP.GeneradorTest.testIfIsNotNull(GeneradorTest.java:32)

testIfIsNotNull[25]  Time elapsed: 0 s  <<< FAILURE!
org.opentest4j.AssertionFailedError: expected: not <null>
	at ed22_ud12_Ejercicio2_GeneradorIP.GeneradorTest.testIfIsNotNull(GeneradorTest.java:32)

testIfIsNotNull[26]  Time elapsed: 0.001 s  <<< FAILURE!
org.opentest4j.AssertionFailedError: expected: not <null>
	at ed22_ud12_Ejercicio2_GeneradorIP.GeneradorTest.testIfIsNotNull(GeneradorTest.java:32)

testIfIsNotNull[27]  Time elapsed: 0 s  <<< FAILURE!
org.opentest4j.AssertionFailedError: expected: not <null>
	at ed22_ud12_Ejercicio2_GeneradorIP.GeneradorTest.testIfIsNotNull(GeneradorTest.java:32)

testIfIsNotNull[28]  Time elapsed: 0 s  <<< FAILURE!
org.opentest4j.AssertionFailedError: expected: not <null>
	at ed22_ud12_Ejercicio2_GeneradorIP.GeneradorTest.testIfIsNotNull(GeneradorTest.java:32)

testIfIsNotNull[29]  Time elapsed: 0.001 s  <<< FAILURE!
org.opentest4j.AssertionFailedError: expected: not <null>
	at ed22_ud12_Ejercicio2_GeneradorIP.GeneradorTest.testIfIsNotNull(GeneradorTest.java:32)

testIfIsNotNull[30]  Time elapsed: 0 s  <<< FAILURE!
org.opentest4j.AssertionFailedError: expected: not <null>
	at ed22_ud12_Ejercicio2_GeneradorIP.GeneradorTest.testIfIsNotNull(GeneradorTest.java:32)

testIfIsNotNull[31]  Time elapsed: 0.001 s  <<< FAILURE!
org.opentest4j.AssertionFailedError: expected: not <null>
	at ed22_ud12_Ejercicio2_GeneradorIP.GeneradorTest.testIfIsNotNull(GeneradorTest.java:32)

testIfIsNotNull[32]  Time elapsed: 0 s  <<< FAILURE!
org.opentest4j.AssertionFailedError: expected: not <null>
	at ed22_ud12_Ejercicio2_GeneradorIP.GeneradorTest.testIfIsNotNull(GeneradorTest.java:32)

testIfIsNotNull[33]  Time elapsed: 0.001 s  <<< FAILURE!
org.opentest4j.AssertionFailedError: expected: not <null>
	at ed22_ud12_Ejercicio2_GeneradorIP.GeneradorTest.testIfIsNotNull(GeneradorTest.java:32)

testIfIsNotNull[34]  Time elapsed: 0 s  <<< FAILURE!
org.opentest4j.AssertionFailedError: expected: not <null>
	at ed22_ud12_Ejercicio2_GeneradorIP.GeneradorTest.testIfIsNotNull(GeneradorTest.java:32)

testIfIsNotNull[35]  Time elapsed: 0.001 s  <<< FAILURE!
org.opentest4j.AssertionFailedError: expected: not <null>
	at ed22_ud12_Ejercicio2_GeneradorIP.GeneradorTest.testIfIsNotNull(GeneradorTest.java:32)

testIfIsNotNull[36]  Time elapsed: 0.001 s  <<< FAILURE!
org.opentest4j.AssertionFailedError: expected: not <null>
	at ed22_ud12_Ejercicio2_GeneradorIP.GeneradorTest.testIfIsNotNull(GeneradorTest.java:32)

testIfIsNotNull[37]  Time elapsed: 0 s  <<< FAILURE!
org.opentest4j.AssertionFailedError: expected: not <null>
	at ed22_ud12_Ejercicio2_GeneradorIP.GeneradorTest.testIfIsNotNull(GeneradorTest.java:32)

testIfIsNotNull[38]  Time elapsed: 0.001 s  <<< FAILURE!
org.opentest4j.AssertionFailedError: expected: not <null>
	at ed22_ud12_Ejercicio2_GeneradorIP.GeneradorTest.testIfIsNotNull(GeneradorTest.java:32)

testIfIsNotNull[39]  Time elapsed: 0 s  <<< FAILURE!
org.opentest4j.AssertionFailedError: expected: not <null>
	at ed22_ud12_Ejercicio2_GeneradorIP.GeneradorTest.testIfIsNotNull(GeneradorTest.java:32)

testIfIsNotNull[40]  Time elapsed: 0.001 s  <<< FAILURE!
org.opentest4j.AssertionFailedError: expected: not <null>
	at ed22_ud12_Ejercicio2_GeneradorIP.GeneradorTest.testIfIsNotNull(GeneradorTest.java:32)

testIfIsNotNull[41]  Time elapsed: 0 s  <<< FAILURE!
org.opentest4j.AssertionFailedError: expected: not <null>
	at ed22_ud12_Ejercicio2_GeneradorIP.GeneradorTest.testIfIsNotNull(GeneradorTest.java:32)

testIfIsNotNull[42]  Time elapsed: 0.001 s  <<< FAILURE!
org.opentest4j.AssertionFailedError: expected: not <null>
	at ed22_ud12_Ejercicio2_GeneradorIP.GeneradorTest.testIfIsNotNull(GeneradorTest.java:32)

testIfIsNotNull[43]  Time elapsed: 0.001 s  <<< FAILURE!
org.opentest4j.AssertionFailedError: expected: not <null>
	at ed22_ud12_Ejercicio2_GeneradorIP.GeneradorTest.testIfIsNotNull(GeneradorTest.java:32)

testIfIsNotNull[44]  Time elapsed: 0 s  <<< FAILURE!
org.opentest4j.AssertionFailedError: expected: not <null>
	at ed22_ud12_Ejercicio2_GeneradorIP.GeneradorTest.testIfIsNotNull(GeneradorTest.java:32)

testIfIsNotNull[45]  Time elapsed: 0.001 s  <<< FAILURE!
org.opentest4j.AssertionFailedError: expected: not <null>
	at ed22_ud12_Ejercicio2_GeneradorIP.GeneradorTest.testIfIsNotNull(GeneradorTest.java:32)

testIfIsNotNull[46]  Time elapsed: 0.001 s  <<< FAILURE!
org.opentest4j.AssertionFailedError: expected: not <null>
	at ed22_ud12_Ejercicio2_GeneradorIP.GeneradorTest.testIfIsNotNull(GeneradorTest.java:32)

testIfIsNotNull[47]  Time elapsed: 0 s  <<< FAILURE!
org.opentest4j.AssertionFailedError: expected: not <null>
	at ed22_ud12_Ejercicio2_GeneradorIP.GeneradorTest.testIfIsNotNull(GeneradorTest.java:32)

testIfIsNotNull[48]  Time elapsed: 0 s  <<< FAILURE!
org.opentest4j.AssertionFailedError: expected: not <null>
	at ed22_ud12_Ejercicio2_GeneradorIP.GeneradorTest.testIfIsNotNull(GeneradorTest.java:32)

testIfIsNotNull[49]  Time elapsed: 0.001 s  <<< FAILURE!
org.opentest4j.AssertionFailedError: expected: not <null>
	at ed22_ud12_Ejercicio2_GeneradorIP.GeneradorTest.testIfIsNotNull(GeneradorTest.java:32)

testIfIsNotNull[50]  Time elapsed: 0 s  <<< FAILURE!
org.opentest4j.AssertionFailedError: expected: not <null>
	at ed22_ud12_Ejercicio2_GeneradorIP.GeneradorTest.testIfIsNotNull(GeneradorTest.java:32)

testIfIsNotNull[51]  Time elapsed: 0.001 s  <<< FAILURE!
org.opentest4j.AssertionFailedError: expected: not <null>
	at ed22_ud12_Ejercicio2_GeneradorIP.GeneradorTest.testIfIsNotNull(GeneradorTest.java:32)

testIfIsNotNull[52]  Time elapsed: 0 s  <<< FAILURE!
org.opentest4j.AssertionFailedError: expected: not <null>
	at ed22_ud12_Ejercicio2_GeneradorIP.GeneradorTest.testIfIsNotNull(GeneradorTest.java:32)

testIfIsNotNull[53]  Time elapsed: 0 s  <<< FAILURE!
org.opentest4j.AssertionFailedError: expected: not <null>
	at ed22_ud12_Ejercicio2_GeneradorIP.GeneradorTest.testIfIsNotNull(GeneradorTest.java:32)

testIfIsNotNull[54]  Time elapsed: 0.001 s  <<< FAILURE!
org.opentest4j.AssertionFailedError: expected: not <null>
	at ed22_ud12_Ejercicio2_GeneradorIP.GeneradorTest.testIfIsNotNull(GeneradorTest.java:32)

testIfIsNotNull[55]  Time elapsed: 0.001 s  <<< FAILURE!
org.opentest4j.AssertionFailedError: expected: not <null>
	at ed22_ud12_Ejercicio2_GeneradorIP.GeneradorTest.testIfIsNotNull(GeneradorTest.java:32)

testIfIsNotNull[56]  Time elapsed: 0.001 s  <<< FAILURE!
org.opentest4j.AssertionFailedError: expected: not <null>
	at ed22_ud12_Ejercicio2_GeneradorIP.GeneradorTest.testIfIsNotNull(GeneradorTest.java:32)

testIfIsNotNull[57]  Time elapsed: 0 s  <<< FAILURE!
org.opentest4j.AssertionFailedError: expected: not <null>
	at ed22_ud12_Ejercicio2_GeneradorIP.GeneradorTest.testIfIsNotNull(GeneradorTest.java:32)

testIfIsNotNull[58]  Time elapsed: 0.001 s  <<< FAILURE!
org.opentest4j.AssertionFailedError: expected: not <null>
	at ed22_ud12_Ejercicio2_GeneradorIP.GeneradorTest.testIfIsNotNull(GeneradorTest.java:32)

testIfIsNotNull[59]  Time elapsed: 0.001 s  <<< FAILURE!
org.opentest4j.AssertionFailedError: expected: not <null>
	at ed22_ud12_Ejercicio2_GeneradorIP.GeneradorTest.testIfIsNotNull(GeneradorTest.java:32)

testIfIsNotNull[60]  Time elapsed: 0.001 s  <<< FAILURE!
org.opentest4j.AssertionFailedError: expected: not <null>
	at ed22_ud12_Ejercicio2_GeneradorIP.GeneradorTest.testIfIsNotNull(GeneradorTest.java:32)

testIfIsNotNull[61]  Time elapsed: 0.001 s  <<< FAILURE!
org.opentest4j.AssertionFailedError: expected: not <null>
	at ed22_ud12_Ejercicio2_GeneradorIP.GeneradorTest.testIfIsNotNull(GeneradorTest.java:32)

testIfIsNotNull[62]  Time elapsed: 0.001 s  <<< FAILURE!
org.opentest4j.AssertionFailedError: expected: not <null>
	at ed22_ud12_Ejercicio2_GeneradorIP.GeneradorTest.testIfIsNotNull(GeneradorTest.java:32)

testIfIsNotNull[63]  Time elapsed: 0 s  <<< FAILURE!
org.opentest4j.AssertionFailedError: expected: not <null>
	at ed22_ud12_Ejercicio2_GeneradorIP.GeneradorTest.testIfIsNotNull(GeneradorTest.java:32)

testIfIsNotNull[64]  Time elapsed: 0 s  <<< FAILURE!
org.opentest4j.AssertionFailedError: expected: not <null>
	at ed22_ud12_Ejercicio2_GeneradorIP.GeneradorTest.testIfIsNotNull(GeneradorTest.java:32)

testIfIsNotNull[65]  Time elapsed: 0.001 s  <<< FAILURE!
org.opentest4j.AssertionFailedError: expected: not <null>
	at ed22_ud12_Ejercicio2_GeneradorIP.GeneradorTest.testIfIsNotNull(GeneradorTest.java:32)

testIfIsNotNull[66]  Time elapsed: 0.001 s  <<< FAILURE!
org.opentest4j.AssertionFailedError: expected: not <null>
	at ed22_ud12_Ejercicio2_GeneradorIP.GeneradorTest.testIfIsNotNull(GeneradorTest.java:32)

testIfIsNotNull[67]  Time elapsed: 0 s  <<< FAILURE!
org.opentest4j.AssertionFailedError: expected: not <null>
	at ed22_ud12_Ejercicio2_GeneradorIP.GeneradorTest.testIfIsNotNull(GeneradorTest.java:32)

testIfIsNotNull[68]  Time elapsed: 0 s  <<< FAILURE!
org.opentest4j.AssertionFailedError: expected: not <null>
	at ed22_ud12_Ejercicio2_GeneradorIP.GeneradorTest.testIfIsNotNull(GeneradorTest.java:32)

testIfIsNotNull[69]  Time elapsed: 0 s  <<< FAILURE!
org.opentest4j.AssertionFailedError: expected: not <null>
	at ed22_ud12_Ejercicio2_GeneradorIP.GeneradorTest.testIfIsNotNull(GeneradorTest.java:32)

testIfIsNotNull[70]  Time elapsed: 0.001 s  <<< FAILURE!
org.opentest4j.AssertionFailedError: expected: not <null>
	at ed22_ud12_Ejercicio2_GeneradorIP.GeneradorTest.testIfIsNotNull(GeneradorTest.java:32)

testIfIsNotNull[71]  Time elapsed: 0.001 s  <<< FAILURE!
org.opentest4j.AssertionFailedError: expected: not <null>
	at ed22_ud12_Ejercicio2_GeneradorIP.GeneradorTest.testIfIsNotNull(GeneradorTest.java:32)

testIfIsNotNull[72]  Time elapsed: 0 s  <<< FAILURE!
org.opentest4j.AssertionFailedError: expected: not <null>
	at ed22_ud12_Ejercicio2_GeneradorIP.GeneradorTest.testIfIsNotNull(GeneradorTest.java:32)

testIfIsNotNull[73]  Time elapsed: 0 s  <<< FAILURE!
org.opentest4j.AssertionFailedError: expected: not <null>
	at ed22_ud12_Ejercicio2_GeneradorIP.GeneradorTest.testIfIsNotNull(GeneradorTest.java:32)

testIfIsNotNull[74]  Time elapsed: 0 s  <<< FAILURE!
org.opentest4j.AssertionFailedError: expected: not <null>
	at ed22_ud12_Ejercicio2_GeneradorIP.GeneradorTest.testIfIsNotNull(GeneradorTest.java:32)

testIfIsNotNull[75]  Time elapsed: 0 s  <<< FAILURE!
org.opentest4j.AssertionFailedError: expected: not <null>
	at ed22_ud12_Ejercicio2_GeneradorIP.GeneradorTest.testIfIsNotNull(GeneradorTest.java:32)

testIfIsNotNull[76]  Time elapsed: 0.001 s  <<< FAILURE!
org.opentest4j.AssertionFailedError: expected: not <null>
	at ed22_ud12_Ejercicio2_GeneradorIP.GeneradorTest.testIfIsNotNull(GeneradorTest.java:32)

testIfIsNotNull[77]  Time elapsed: 0 s  <<< FAILURE!
org.opentest4j.AssertionFailedError: expected: not <null>
	at ed22_ud12_Ejercicio2_GeneradorIP.GeneradorTest.testIfIsNotNull(GeneradorTest.java:32)

testIfIsNotNull[78]  Time elapsed: 0 s  <<< FAILURE!
org.opentest4j.AssertionFailedError: expected: not <null>
	at ed22_ud12_Ejercicio2_GeneradorIP.GeneradorTest.testIfIsNotNull(GeneradorTest.java:32)

testIfIsNotNull[79]  Time elapsed: 0 s  <<< FAILURE!
org.opentest4j.AssertionFailedError: expected: not <null>
	at ed22_ud12_Ejercicio2_GeneradorIP.GeneradorTest.testIfIsNotNull(GeneradorTest.java:32)

testIfIsNotNull[80]  Time elapsed: 0.001 s  <<< FAILURE!
org.opentest4j.AssertionFailedError: expected: not <null>
	at ed22_ud12_Ejercicio2_GeneradorIP.GeneradorTest.testIfIsNotNull(GeneradorTest.java:32)

testIfIsNotNull[81]  Time elapsed: 0.001 s  <<< FAILURE!
org.opentest4j.AssertionFailedError: expected: not <null>
	at ed22_ud12_Ejercicio2_GeneradorIP.GeneradorTest.testIfIsNotNull(GeneradorTest.java:32)

testIfIsNotNull[82]  Time elapsed: 0.001 s  <<< FAILURE!
org.opentest4j.AssertionFailedError: expected: not <null>
	at ed22_ud12_Ejercicio2_GeneradorIP.GeneradorTest.testIfIsNotNull(GeneradorTest.java:32)

testIfIsNotNull[83]  Time elapsed: 0 s  <<< FAILURE!
org.opentest4j.AssertionFailedError: expected: not <null>
	at ed22_ud12_Ejercicio2_GeneradorIP.GeneradorTest.testIfIsNotNull(GeneradorTest.java:32)

testIfIsNotNull[84]  Time elapsed: 0.001 s  <<< FAILURE!
org.opentest4j.AssertionFailedError: expected: not <null>
	at ed22_ud12_Ejercicio2_GeneradorIP.GeneradorTest.testIfIsNotNull(GeneradorTest.java:32)

testIfIsNotNull[85]  Time elapsed: 0.001 s  <<< FAILURE!
org.opentest4j.AssertionFailedError: expected: not <null>
	at ed22_ud12_Ejercicio2_GeneradorIP.GeneradorTest.testIfIsNotNull(GeneradorTest.java:32)

testIfIsNotNull[86]  Time elapsed: 0 s  <<< FAILURE!
org.opentest4j.AssertionFailedError: expected: not <null>
	at ed22_ud12_Ejercicio2_GeneradorIP.GeneradorTest.testIfIsNotNull(GeneradorTest.java:32)

testIfIsNotNull[87]  Time elapsed: 0.001 s  <<< FAILURE!
org.opentest4j.AssertionFailedError: expected: not <null>
	at ed22_ud12_Ejercicio2_GeneradorIP.GeneradorTest.testIfIsNotNull(GeneradorTest.java:32)

testIfIsNotNull[88]  Time elapsed: 0 s  <<< FAILURE!
org.opentest4j.AssertionFailedError: expected: not <null>
	at ed22_ud12_Ejercicio2_GeneradorIP.GeneradorTest.testIfIsNotNull(GeneradorTest.java:32)

testIfIsNotNull[89]  Time elapsed: 0 s  <<< FAILURE!
org.opentest4j.AssertionFailedError: expected: not <null>
	at ed22_ud12_Ejercicio2_GeneradorIP.GeneradorTest.testIfIsNotNull(GeneradorTest.java:32)

testIfIsNotNull[90]  Time elapsed: 0.001 s  <<< FAILURE!
org.opentest4j.AssertionFailedError: expected: not <null>
	at ed22_ud12_Ejercicio2_GeneradorIP.GeneradorTest.testIfIsNotNull(GeneradorTest.java:32)

testIfIsNotNull[91]  Time elapsed: 0.001 s  <<< FAILURE!
org.opentest4j.AssertionFailedError: expected: not <null>
	at ed22_ud12_Ejercicio2_GeneradorIP.GeneradorTest.testIfIsNotNull(GeneradorTest.java:32)

testIfIsNotNull[92]  Time elapsed: 0 s  <<< FAILURE!
org.opentest4j.AssertionFailedError: expected: not <null>
	at ed22_ud12_Ejercicio2_GeneradorIP.GeneradorTest.testIfIsNotNull(GeneradorTest.java:32)

testIfIsNotNull[93]  Time elapsed: 0.001 s  <<< FAILURE!
org.opentest4j.AssertionFailedError: expected: not <null>
	at ed22_ud12_Ejercicio2_GeneradorIP.GeneradorTest.testIfIsNotNull(GeneradorTest.java:32)

testIfIsNotNull[94]  Time elapsed: 0.001 s  <<< FAILURE!
org.opentest4j.AssertionFailedError: expected: not <null>
	at ed22_ud12_Ejercicio2_GeneradorIP.GeneradorTest.testIfIsNotNull(GeneradorTest.java:32)

testIfIsNotNull[95]  Time elapsed: 0.001 s  <<< FAILURE!
org.opentest4j.AssertionFailedError: expected: not <null>
	at ed22_ud12_Ejercicio2_GeneradorIP.GeneradorTest.testIfIsNotNull(GeneradorTest.java:32)

testIfIsNotNull[96]  Time elapsed: 0.001 s  <<< FAILURE!
org.opentest4j.AssertionFailedError: expected: not <null>
	at ed22_ud12_Ejercicio2_GeneradorIP.GeneradorTest.testIfIsNotNull(GeneradorTest.java:32)

testIfIsNotNull[97]  Time elapsed: 0 s  <<< FAILURE!
org.opentest4j.AssertionFailedError: expected: not <null>
	at ed22_ud12_Ejercicio2_GeneradorIP.GeneradorTest.testIfIsNotNull(GeneradorTest.java:32)

testIfIsNotNull[98]  Time elapsed: 0.001 s  <<< FAILURE!
org.opentest4j.AssertionFailedError: expected: not <null>
	at ed22_ud12_Ejercicio2_GeneradorIP.GeneradorTest.testIfIsNotNull(GeneradorTest.java:32)

testIfIsNotNull[99]  Time elapsed: 0 s  <<< FAILURE!
org.opentest4j.AssertionFailedError: expected: not <null>
	at ed22_ud12_Ejercicio2_GeneradorIP.GeneradorTest.testIfIsNotNull(GeneradorTest.java:32)

testIfIsNotNull[100]  Time elapsed: 0.001 s  <<< FAILURE!
org.opentest4j.AssertionFailedError: expected: not <null>
	at ed22_ud12_Ejercicio2_GeneradorIP.GeneradorTest.testIfIsNotNull(GeneradorTest.java:32)

testIfIsNotNull[101]  Time elapsed: 0.004 s  <<< FAILURE!
org.opentest4j.AssertionFailedError: expected: not <null>
	at ed22_ud12_Ejercicio2_GeneradorIP.GeneradorTest.testIfIsNotNull(GeneradorTest.java:32)

testIfIsNotNull[102]  Time elapsed: 0 s  <<< FAILURE!
org.opentest4j.AssertionFailedError: expected: not <null>
	at ed22_ud12_Ejercicio2_GeneradorIP.GeneradorTest.testIfIsNotNull(GeneradorTest.java:32)

testIfIsNotNull[103]  Time elapsed: 0 s  <<< FAILURE!
org.opentest4j.AssertionFailedError: expected: not <null>
	at ed22_ud12_Ejercicio2_GeneradorIP.GeneradorTest.testIfIsNotNull(GeneradorTest.java:32)

testIfIsNotNull[104]  Time elapsed: 0 s  <<< FAILURE!
org.opentest4j.AssertionFailedError: expected: not <null>
	at ed22_ud12_Ejercicio2_GeneradorIP.GeneradorTest.testIfIsNotNull(GeneradorTest.java:32)

testIfIsNotNull[105]  Time elapsed: 0 s  <<< FAILURE!
org.opentest4j.AssertionFailedError: expected: not <null>
	at ed22_ud12_Ejercicio2_GeneradorIP.GeneradorTest.testIfIsNotNull(GeneradorTest.java:32)

testIfIsNotNull[106]  Time elapsed: 0.001 s  <<< FAILURE!
org.opentest4j.AssertionFailedError: expected: not <null>
	at ed22_ud12_Ejercicio2_GeneradorIP.GeneradorTest.testIfIsNotNull(GeneradorTest.java:32)

testIfIsNotNull[107]  Time elapsed: 0.001 s  <<< FAILURE!
org.opentest4j.AssertionFailedError: expected: not <null>
	at ed22_ud12_Ejercicio2_GeneradorIP.GeneradorTest.testIfIsNotNull(GeneradorTest.java:32)

testIfIsNotNull[108]  Time elapsed: 0 s  <<< FAILURE!
org.opentest4j.AssertionFailedError: expected: not <null>
	at ed22_ud12_Ejercicio2_GeneradorIP.GeneradorTest.testIfIsNotNull(GeneradorTest.java:32)

testIfIsNotNull[109]  Time elapsed: 0 s  <<< FAILURE!
org.opentest4j.AssertionFailedError: expected: not <null>
	at ed22_ud12_Ejercicio2_GeneradorIP.GeneradorTest.testIfIsNotNull(GeneradorTest.java:32)

testIfIsNotNull[110]  Time elapsed: 0 s  <<< FAILURE!
org.opentest4j.AssertionFailedError: expected: not <null>
	at ed22_ud12_Ejercicio2_GeneradorIP.GeneradorTest.testIfIsNotNull(GeneradorTest.java:32)

testIfIsNotNull[111]  Time elapsed: 0 s  <<< FAILURE!
org.opentest4j.AssertionFailedError: expected: not <null>
	at ed22_ud12_Ejercicio2_GeneradorIP.GeneradorTest.testIfIsNotNull(GeneradorTest.java:32)

testIfIsNotNull[112]  Time elapsed: 0 s  <<< FAILURE!
org.opentest4j.AssertionFailedError: expected: not <null>
	at ed22_ud12_Ejercicio2_GeneradorIP.GeneradorTest.testIfIsNotNull(GeneradorTest.java:32)

testIfIsNotNull[113]  Time elapsed: 0.001 s  <<< FAILURE!
org.opentest4j.AssertionFailedError: expected: not <null>
	at ed22_ud12_Ejercicio2_GeneradorIP.GeneradorTest.testIfIsNotNull(GeneradorTest.java:32)

testIfIsNotNull[114]  Time elapsed: 0 s  <<< FAILURE!
org.opentest4j.AssertionFailedError: expected: not <null>
	at ed22_ud12_Ejercicio2_GeneradorIP.GeneradorTest.testIfIsNotNull(GeneradorTest.java:32)

testIfIsNotNull[115]  Time elapsed: 0 s  <<< FAILURE!
org.opentest4j.AssertionFailedError: expected: not <null>
	at ed22_ud12_Ejercicio2_GeneradorIP.GeneradorTest.testIfIsNotNull(GeneradorTest.java:32)

testIfIsNotNull[116]  Time elapsed: 0 s  <<< FAILURE!
org.opentest4j.AssertionFailedError: expected: not <null>
	at ed22_ud12_Ejercicio2_GeneradorIP.GeneradorTest.testIfIsNotNull(GeneradorTest.java:32)

testIfIsNotNull[117]  Time elapsed: 0 s  <<< FAILURE!
org.opentest4j.AssertionFailedError: expected: not <null>
	at ed22_ud12_Ejercicio2_GeneradorIP.GeneradorTest.testIfIsNotNull(GeneradorTest.java:32)

testIfIsNotNull[118]  Time elapsed: 0.001 s  <<< FAILURE!
org.opentest4j.AssertionFailedError: expected: not <null>
	at ed22_ud12_Ejercicio2_GeneradorIP.GeneradorTest.testIfIsNotNull(GeneradorTest.java:32)

testIfIsNotNull[119]  Time elapsed: 0 s  <<< FAILURE!
org.opentest4j.AssertionFailedError: expected: not <null>
	at ed22_ud12_Ejercicio2_GeneradorIP.GeneradorTest.testIfIsNotNull(GeneradorTest.java:32)

testIfIsNotNull[120]  Time elapsed: 0 s  <<< FAILURE!
org.opentest4j.AssertionFailedError: expected: not <null>
	at ed22_ud12_Ejercicio2_GeneradorIP.GeneradorTest.testIfIsNotNull(GeneradorTest.java:32)

testIfIsNotNull[121]  Time elapsed: 0.001 s  <<< FAILURE!
org.opentest4j.AssertionFailedError: expected: not <null>
	at ed22_ud12_Ejercicio2_GeneradorIP.GeneradorTest.testIfIsNotNull(GeneradorTest.java:32)

testIfIsNotNull[122]  Time elapsed: 0.001 s  <<< FAILURE!
org.opentest4j.AssertionFailedError: expected: not <null>
	at ed22_ud12_Ejercicio2_GeneradorIP.GeneradorTest.testIfIsNotNull(GeneradorTest.java:32)

testIfIsNotNull[123]  Time elapsed: 0 s  <<< FAILURE!
org.opentest4j.AssertionFailedError: expected: not <null>
	at ed22_ud12_Ejercicio2_GeneradorIP.GeneradorTest.testIfIsNotNull(GeneradorTest.java:32)

testIfIsNotNull[124]  Time elapsed: 0.001 s  <<< FAILURE!
org.opentest4j.AssertionFailedError: expected: not <null>
	at ed22_ud12_Ejercicio2_GeneradorIP.GeneradorTest.testIfIsNotNull(GeneradorTest.java:32)

testIfIsNotNull[125]  Time elapsed: 0 s  <<< FAILURE!
org.opentest4j.AssertionFailedError: expected: not <null>
	at ed22_ud12_Ejercicio2_GeneradorIP.GeneradorTest.testIfIsNotNull(GeneradorTest.java:32)

testIfIsNotNull[126]  Time elapsed: 0.001 s  <<< FAILURE!
org.opentest4j.AssertionFailedError: expected: not <null>
	at ed22_ud12_Ejercicio2_GeneradorIP.GeneradorTest.testIfIsNotNull(GeneradorTest.java:32)

testIfIsNotNull[127]  Time elapsed: 0.001 s  <<< FAILURE!
org.opentest4j.AssertionFailedError: expected: not <null>
	at ed22_ud12_Ejercicio2_GeneradorIP.GeneradorTest.testIfIsNotNull(GeneradorTest.java:32)

testIfIsNotNull[128]  Time elapsed: 0.001 s  <<< FAILURE!
org.opentest4j.AssertionFailedError: expected: not <null>
	at ed22_ud12_Ejercicio2_GeneradorIP.GeneradorTest.testIfIsNotNull(GeneradorTest.java:32)

testIfIsNotNull[129]  Time elapsed: 0.001 s  <<< FAILURE!
org.opentest4j.AssertionFailedError: expected: not <null>
	at ed22_ud12_Ejercicio2_GeneradorIP.GeneradorTest.testIfIsNotNull(GeneradorTest.java:32)

testIfIsNotNull[130]  Time elapsed: 0 s  <<< FAILURE!
org.opentest4j.AssertionFailedError: expected: not <null>
	at ed22_ud12_Ejercicio2_GeneradorIP.GeneradorTest.testIfIsNotNull(GeneradorTest.java:32)

testIfIsNotNull[131]  Time elapsed: 0.001 s  <<< FAILURE!
org.opentest4j.AssertionFailedError: expected: not <null>
	at ed22_ud12_Ejercicio2_GeneradorIP.GeneradorTest.testIfIsNotNull(GeneradorTest.java:32)

testIfIsNotNull[132]  Time elapsed: 0 s  <<< FAILURE!
org.opentest4j.AssertionFailedError: expected: not <null>
	at ed22_ud12_Ejercicio2_GeneradorIP.GeneradorTest.testIfIsNotNull(GeneradorTest.java:32)

testIfIsNotNull[133]  Time elapsed: 0.001 s  <<< FAILURE!
org.opentest4j.AssertionFailedError: expected: not <null>
	at ed22_ud12_Ejercicio2_GeneradorIP.GeneradorTest.testIfIsNotNull(GeneradorTest.java:32)

testIfIsNotNull[134]  Time elapsed: 0 s  <<< FAILURE!
org.opentest4j.AssertionFailedError: expected: not <null>
	at ed22_ud12_Ejercicio2_GeneradorIP.GeneradorTest.testIfIsNotNull(GeneradorTest.java:32)

testIfIsNotNull[135]  Time elapsed: 0.001 s  <<< FAILURE!
org.opentest4j.AssertionFailedError: expected: not <null>
	at ed22_ud12_Ejercicio2_GeneradorIP.GeneradorTest.testIfIsNotNull(GeneradorTest.java:32)

testIfIsNotNull[136]  Time elapsed: 0 s  <<< FAILURE!
org.opentest4j.AssertionFailedError: expected: not <null>
	at ed22_ud12_Ejercicio2_GeneradorIP.GeneradorTest.testIfIsNotNull(GeneradorTest.java:32)

testIfIsNotNull[137]  Time elapsed: 0 s  <<< FAILURE!
org.opentest4j.AssertionFailedError: expected: not <null>
	at ed22_ud12_Ejercicio2_GeneradorIP.GeneradorTest.testIfIsNotNull(GeneradorTest.java:32)

testIfIsNotNull[138]  Time elapsed: 0.001 s  <<< FAILURE!
org.opentest4j.AssertionFailedError: expected: not <null>
	at ed22_ud12_Ejercicio2_GeneradorIP.GeneradorTest.testIfIsNotNull(GeneradorTest.java:32)

testIfIsNotNull[139]  Time elapsed: 0 s  <<< FAILURE!
org.opentest4j.AssertionFailedError: expected: not <null>
	at ed22_ud12_Ejercicio2_GeneradorIP.GeneradorTest.testIfIsNotNull(GeneradorTest.java:32)

testIfIsNotNull[140]  Time elapsed: 0 s  <<< FAILURE!
org.opentest4j.AssertionFailedError: expected: not <null>
	at ed22_ud12_Ejercicio2_GeneradorIP.GeneradorTest.testIfIsNotNull(GeneradorTest.java:32)

testIfIsNotNull[141]  Time elapsed: 0.001 s  <<< FAILURE!
org.opentest4j.AssertionFailedError: expected: not <null>
	at ed22_ud12_Ejercicio2_GeneradorIP.GeneradorTest.testIfIsNotNull(GeneradorTest.java:32)

testIfIsNotNull[142]  Time elapsed: 0 s  <<< FAILURE!
org.opentest4j.AssertionFailedError: expected: not <null>
	at ed22_ud12_Ejercicio2_GeneradorIP.GeneradorTest.testIfIsNotNull(GeneradorTest.java:32)

testIfIsNotNull[143]  Time elapsed: 0.001 s  <<< FAILURE!
org.opentest4j.AssertionFailedError: expected: not <null>
	at ed22_ud12_Ejercicio2_GeneradorIP.GeneradorTest.testIfIsNotNull(GeneradorTest.java:32)

testIfIsNotNull[144]  Time elapsed: 0.001 s  <<< FAILURE!
org.opentest4j.AssertionFailedError: expected: not <null>
	at ed22_ud12_Ejercicio2_GeneradorIP.GeneradorTest.testIfIsNotNull(GeneradorTest.java:32)

testIfIsNotNull[145]  Time elapsed: 0 s  <<< FAILURE!
org.opentest4j.AssertionFailedError: expected: not <null>
	at ed22_ud12_Ejercicio2_GeneradorIP.GeneradorTest.testIfIsNotNull(GeneradorTest.java:32)

testIfIsNotNull[146]  Time elapsed: 0 s  <<< FAILURE!
org.opentest4j.AssertionFailedError: expected: not <null>
	at ed22_ud12_Ejercicio2_GeneradorIP.GeneradorTest.testIfIsNotNull(GeneradorTest.java:32)

testIfIsNotNull[147]  Time elapsed: 0.001 s  <<< FAILURE!
org.opentest4j.AssertionFailedError: expected: not <null>
	at ed22_ud12_Ejercicio2_GeneradorIP.GeneradorTest.testIfIsNotNull(GeneradorTest.java:32)

testIfIsNotNull[148]  Time elapsed: 0 s  <<< FAILURE!
org.opentest4j.AssertionFailedError: expected: not <null>
	at ed22_ud12_Ejercicio2_GeneradorIP.GeneradorTest.testIfIsNotNull(GeneradorTest.java:32)

testIfIsNotNull[149]  Time elapsed: 0 s  <<< FAILURE!
org.opentest4j.AssertionFailedError: expected: not <null>
	at ed22_ud12_Ejercicio2_GeneradorIP.GeneradorTest.testIfIsNotNull(GeneradorTest.java:32)

testIfIsNotNull[150]  Time elapsed: 0.001 s  <<< FAILURE!
org.opentest4j.AssertionFailedError: expected: not <null>
	at ed22_ud12_Ejercicio2_GeneradorIP.GeneradorTest.testIfIsNotNull(GeneradorTest.java:32)

testIfIsNotNull[151]  Time elapsed: 0 s  <<< FAILURE!
org.opentest4j.AssertionFailedError: expected: not <null>
	at ed22_ud12_Ejercicio2_GeneradorIP.GeneradorTest.testIfIsNotNull(GeneradorTest.java:32)

testIfIsNotNull[152]  Time elapsed: 0 s  <<< FAILURE!
org.opentest4j.AssertionFailedError: expected: not <null>
	at ed22_ud12_Ejercicio2_GeneradorIP.GeneradorTest.testIfIsNotNull(GeneradorTest.java:32)

testIfIsNotNull[153]  Time elapsed: 0.001 s  <<< FAILURE!
org.opentest4j.AssertionFailedError: expected: not <null>
	at ed22_ud12_Ejercicio2_GeneradorIP.GeneradorTest.testIfIsNotNull(GeneradorTest.java:32)

testIfIsNotNull[154]  Time elapsed: 0.001 s  <<< FAILURE!
org.opentest4j.AssertionFailedError: expected: not <null>
	at ed22_ud12_Ejercicio2_GeneradorIP.GeneradorTest.testIfIsNotNull(GeneradorTest.java:32)

testIfIsNotNull[155]  Time elapsed: 0 s  <<< FAILURE!
org.opentest4j.AssertionFailedError: expected: not <null>
	at ed22_ud12_Ejercicio2_GeneradorIP.GeneradorTest.testIfIsNotNull(GeneradorTest.java:32)

testIfIsNotNull[156]  Time elapsed: 0 s  <<< FAILURE!
org.opentest4j.AssertionFailedError: expected: not <null>
	at ed22_ud12_Ejercicio2_GeneradorIP.GeneradorTest.testIfIsNotNull(GeneradorTest.java:32)

testIfIsNotNull[157]  Time elapsed: 0 s  <<< FAILURE!
org.opentest4j.AssertionFailedError: expected: not <null>
	at ed22_ud12_Ejercicio2_GeneradorIP.GeneradorTest.testIfIsNotNull(GeneradorTest.java:32)

testIfIsNotNull[158]  Time elapsed: 0 s  <<< FAILURE!
org.opentest4j.AssertionFailedError: expected: not <null>
	at ed22_ud12_Ejercicio2_GeneradorIP.GeneradorTest.testIfIsNotNull(GeneradorTest.java:32)

testIfIsNotNull[159]  Time elapsed: 0 s  <<< FAILURE!
org.opentest4j.AssertionFailedError: expected: not <null>
	at ed22_ud12_Ejercicio2_GeneradorIP.GeneradorTest.testIfIsNotNull(GeneradorTest.java:32)

testIfIsNotNull[160]  Time elapsed: 0.001 s  <<< FAILURE!
org.opentest4j.AssertionFailedError: expected: not <null>
	at ed22_ud12_Ejercicio2_GeneradorIP.GeneradorTest.testIfIsNotNull(GeneradorTest.java:32)

testIfIsNotNull[161]  Time elapsed: 0 s  <<< FAILURE!
org.opentest4j.AssertionFailedError: expected: not <null>
	at ed22_ud12_Ejercicio2_GeneradorIP.GeneradorTest.testIfIsNotNull(GeneradorTest.java:32)

testIfIsNotNull[162]  Time elapsed: 0 s  <<< FAILURE!
org.opentest4j.AssertionFailedError: expected: not <null>
	at ed22_ud12_Ejercicio2_GeneradorIP.GeneradorTest.testIfIsNotNull(GeneradorTest.java:32)

testIfIsNotNull[163]  Time elapsed: 0.001 s  <<< FAILURE!
org.opentest4j.AssertionFailedError: expected: not <null>
	at ed22_ud12_Ejercicio2_GeneradorIP.GeneradorTest.testIfIsNotNull(GeneradorTest.java:32)

testIfIsNotNull[164]  Time elapsed: 0 s  <<< FAILURE!
org.opentest4j.AssertionFailedError: expected: not <null>
	at ed22_ud12_Ejercicio2_GeneradorIP.GeneradorTest.testIfIsNotNull(GeneradorTest.java:32)

testIfIsNotNull[165]  Time elapsed: 0 s  <<< FAILURE!
org.opentest4j.AssertionFailedError: expected: not <null>
	at ed22_ud12_Ejercicio2_GeneradorIP.GeneradorTest.testIfIsNotNull(GeneradorTest.java:32)

testIfIsNotNull[166]  Time elapsed: 0.001 s  <<< FAILURE!
org.opentest4j.AssertionFailedError: expected: not <null>
	at ed22_ud12_Ejercicio2_GeneradorIP.GeneradorTest.testIfIsNotNull(GeneradorTest.java:32)

testIfIsNotNull[167]  Time elapsed: 0.001 s  <<< FAILURE!
org.opentest4j.AssertionFailedError: expected: not <null>
	at ed22_ud12_Ejercicio2_GeneradorIP.GeneradorTest.testIfIsNotNull(GeneradorTest.java:32)

testIfIsNotNull[168]  Time elapsed: 0 s  <<< FAILURE!
org.opentest4j.AssertionFailedError: expected: not <null>
	at ed22_ud12_Ejercicio2_GeneradorIP.GeneradorTest.testIfIsNotNull(GeneradorTest.java:32)

testIfIsNotNull[169]  Time elapsed: 0 s  <<< FAILURE!
org.opentest4j.AssertionFailedError: expected: not <null>
	at ed22_ud12_Ejercicio2_GeneradorIP.GeneradorTest.testIfIsNotNull(GeneradorTest.java:32)

testIfIsNotNull[170]  Time elapsed: 0 s  <<< FAILURE!
org.opentest4j.AssertionFailedError: expected: not <null>
	at ed22_ud12_Ejercicio2_GeneradorIP.GeneradorTest.testIfIsNotNull(GeneradorTest.java:32)

testIfIsNotNull[171]  Time elapsed: 0.001 s  <<< FAILURE!
org.opentest4j.AssertionFailedError: expected: not <null>
	at ed22_ud12_Ejercicio2_GeneradorIP.GeneradorTest.testIfIsNotNull(GeneradorTest.java:32)

testIfIsNotNull[172]  Time elapsed: 0 s  <<< FAILURE!
org.opentest4j.AssertionFailedError: expected: not <null>
	at ed22_ud12_Ejercicio2_GeneradorIP.GeneradorTest.testIfIsNotNull(GeneradorTest.java:32)

testIfIsNotNull[173]  Time elapsed: 0.001 s  <<< FAILURE!
org.opentest4j.AssertionFailedError: expected: not <null>
	at ed22_ud12_Ejercicio2_GeneradorIP.GeneradorTest.testIfIsNotNull(GeneradorTest.java:32)

testIfIsNotNull[174]  Time elapsed: 0 s  <<< FAILURE!
org.opentest4j.AssertionFailedError: expected: not <null>
	at ed22_ud12_Ejercicio2_GeneradorIP.GeneradorTest.testIfIsNotNull(GeneradorTest.java:32)

testIfIsNotNull[175]  Time elapsed: 0 s  <<< FAILURE!
org.opentest4j.AssertionFailedError: expected: not <null>
	at ed22_ud12_Ejercicio2_GeneradorIP.GeneradorTest.testIfIsNotNull(GeneradorTest.java:32)

testIfIsNotNull[176]  Time elapsed: 0.001 s  <<< FAILURE!
org.opentest4j.AssertionFailedError: expected: not <null>
	at ed22_ud12_Ejercicio2_GeneradorIP.GeneradorTest.testIfIsNotNull(GeneradorTest.java:32)

testIfIsNotNull[177]  Time elapsed: 0 s  <<< FAILURE!
org.opentest4j.AssertionFailedError: expected: not <null>
	at ed22_ud12_Ejercicio2_GeneradorIP.GeneradorTest.testIfIsNotNull(GeneradorTest.java:32)

testIfIsNotNull[178]  Time elapsed: 0.001 s  <<< FAILURE!
org.opentest4j.AssertionFailedError: expected: not <null>
	at ed22_ud12_Ejercicio2_GeneradorIP.GeneradorTest.testIfIsNotNull(GeneradorTest.java:32)

testIfIsNotNull[179]  Time elapsed: 0.001 s  <<< FAILURE!
org.opentest4j.AssertionFailedError: expected: not <null>
	at ed22_ud12_Ejercicio2_GeneradorIP.GeneradorTest.testIfIsNotNull(GeneradorTest.java:32)

testIfIsNotNull[180]  Time elapsed: 0 s  <<< FAILURE!
org.opentest4j.AssertionFailedError: expected: not <null>
	at ed22_ud12_Ejercicio2_GeneradorIP.GeneradorTest.testIfIsNotNull(GeneradorTest.java:32)

testIfIsNotNull[181]  Time elapsed: 0 s  <<< FAILURE!
org.opentest4j.AssertionFailedError: expected: not <null>
	at ed22_ud12_Ejercicio2_GeneradorIP.GeneradorTest.testIfIsNotNull(GeneradorTest.java:32)

testIfIsNotNull[182]  Time elapsed: 0 s  <<< FAILURE!
org.opentest4j.AssertionFailedError: expected: not <null>
	at ed22_ud12_Ejercicio2_GeneradorIP.GeneradorTest.testIfIsNotNull(GeneradorTest.java:32)

testIfIsNotNull[183]  Time elapsed: 0 s  <<< FAILURE!
org.opentest4j.AssertionFailedError: expected: not <null>
	at ed22_ud12_Ejercicio2_GeneradorIP.GeneradorTest.testIfIsNotNull(GeneradorTest.java:32)

testIfIsNotNull[184]  Time elapsed: 0 s  <<< FAILURE!
org.opentest4j.AssertionFailedError: expected: not <null>
	at ed22_ud12_Ejercicio2_GeneradorIP.GeneradorTest.testIfIsNotNull(GeneradorTest.java:32)

testIfIsNotNull[185]  Time elapsed: 0.001 s  <<< FAILURE!
org.opentest4j.AssertionFailedError: expected: not <null>
	at ed22_ud12_Ejercicio2_GeneradorIP.GeneradorTest.testIfIsNotNull(GeneradorTest.java:32)

testIfIsNotNull[186]  Time elapsed: 0.001 s  <<< FAILURE!
org.opentest4j.AssertionFailedError: expected: not <null>
	at ed22_ud12_Ejercicio2_GeneradorIP.GeneradorTest.testIfIsNotNull(GeneradorTest.java:32)

testIfIsNotNull[187]  Time elapsed: 0 s  <<< FAILURE!
org.opentest4j.AssertionFailedError: expected: not <null>
	at ed22_ud12_Ejercicio2_GeneradorIP.GeneradorTest.testIfIsNotNull(GeneradorTest.java:32)

testIfIsNotNull[188]  Time elapsed: 0.001 s  <<< FAILURE!
org.opentest4j.AssertionFailedError: expected: not <null>
	at ed22_ud12_Ejercicio2_GeneradorIP.GeneradorTest.testIfIsNotNull(GeneradorTest.java:32)

testIfIsNotNull[189]  Time elapsed: 0.001 s  <<< FAILURE!
org.opentest4j.AssertionFailedError: expected: not <null>
	at ed22_ud12_Ejercicio2_GeneradorIP.GeneradorTest.testIfIsNotNull(GeneradorTest.java:32)

testIfIsNotNull[190]  Time elapsed: 0.001 s  <<< FAILURE!
org.opentest4j.AssertionFailedError: expected: not <null>
	at ed22_ud12_Ejercicio2_GeneradorIP.GeneradorTest.testIfIsNotNull(GeneradorTest.java:32)

testIfIsNotNull[191]  Time elapsed: 0.001 s  <<< FAILURE!
org.opentest4j.AssertionFailedError: expected: not <null>
	at ed22_ud12_Ejercicio2_GeneradorIP.GeneradorTest.testIfIsNotNull(GeneradorTest.java:32)

testIfIsNotNull[192]  Time elapsed: 0.001 s  <<< FAILURE!
org.opentest4j.AssertionFailedError: expected: not <null>
	at ed22_ud12_Ejercicio2_GeneradorIP.GeneradorTest.testIfIsNotNull(GeneradorTest.java:32)

testIfIsNotNull[193]  Time elapsed: 0 s  <<< FAILURE!
org.opentest4j.AssertionFailedError: expected: not <null>
	at ed22_ud12_Ejercicio2_GeneradorIP.GeneradorTest.testIfIsNotNull(GeneradorTest.java:32)

testIfIsNotNull[194]  Time elapsed: 0 s  <<< FAILURE!
org.opentest4j.AssertionFailedError: expected: not <null>
	at ed22_ud12_Ejercicio2_GeneradorIP.GeneradorTest.testIfIsNotNull(GeneradorTest.java:32)

testIfIsNotNull[195]  Time elapsed: 0 s  <<< FAILURE!
org.opentest4j.AssertionFailedError: expected: not <null>
	at ed22_ud12_Ejercicio2_GeneradorIP.GeneradorTest.testIfIsNotNull(GeneradorTest.java:32)

testIfIsNotNull[196]  Time elapsed: 0 s  <<< FAILURE!
org.opentest4j.AssertionFailedError: expected: not <null>
	at ed22_ud12_Ejercicio2_GeneradorIP.GeneradorTest.testIfIsNotNull(GeneradorTest.java:32)

testIfIsNotNull[197]  Time elapsed: 0 s  <<< FAILURE!
org.opentest4j.AssertionFailedError: expected: not <null>
	at ed22_ud12_Ejercicio2_GeneradorIP.GeneradorTest.testIfIsNotNull(GeneradorTest.java:32)

testIfIsNotNull[198]  Time elapsed: 0.001 s  <<< FAILURE!
org.opentest4j.AssertionFailedError: expected: not <null>
	at ed22_ud12_Ejercicio2_GeneradorIP.GeneradorTest.testIfIsNotNull(GeneradorTest.java:32)

testIfIsNotNull[199]  Time elapsed: 0.001 s  <<< FAILURE!
org.opentest4j.AssertionFailedError: expected: not <null>
	at ed22_ud12_Ejercicio2_GeneradorIP.GeneradorTest.testIfIsNotNull(GeneradorTest.java:32)

testIfIsNotNull[200]  Time elapsed: 0 s  <<< FAILURE!
org.opentest4j.AssertionFailedError: expected: not <null>
	at ed22_ud12_Ejercicio2_GeneradorIP.GeneradorTest.testIfIsNotNull(GeneradorTest.java:32)

testIfIsNotNull[201]  Time elapsed: 0.001 s  <<< FAILURE!
org.opentest4j.AssertionFailedError: expected: not <null>
	at ed22_ud12_Ejercicio2_GeneradorIP.GeneradorTest.testIfIsNotNull(GeneradorTest.java:32)

testIfIsNotNull[202]  Time elapsed: 0 s  <<< FAILURE!
org.opentest4j.AssertionFailedError: expected: not <null>
	at ed22_ud12_Ejercicio2_GeneradorIP.GeneradorTest.testIfIsNotNull(GeneradorTest.java:32)

testIfIsNotNull[203]  Time elapsed: 0.001 s  <<< FAILURE!
org.opentest4j.AssertionFailedError: expected: not <null>
	at ed22_ud12_Ejercicio2_GeneradorIP.GeneradorTest.testIfIsNotNull(GeneradorTest.java:32)

testIfIsNotNull[204]  Time elapsed: 0 s  <<< FAILURE!
org.opentest4j.AssertionFailedError: expected: not <null>
	at ed22_ud12_Ejercicio2_GeneradorIP.GeneradorTest.testIfIsNotNull(GeneradorTest.java:32)

testIfIsNotNull[205]  Time elapsed: 0 s  <<< FAILURE!
org.opentest4j.AssertionFailedError: expected: not <null>
	at ed22_ud12_Ejercicio2_GeneradorIP.GeneradorTest.testIfIsNotNull(GeneradorTest.java:32)

testIfIsNotNull[206]  Time elapsed: 0 s  <<< FAILURE!
org.opentest4j.AssertionFailedError: expected: not <null>
	at ed22_ud12_Ejercicio2_GeneradorIP.GeneradorTest.testIfIsNotNull(GeneradorTest.java:32)

testIfIsNotNull[207]  Time elapsed: 0.001 s  <<< FAILURE!
org.opentest4j.AssertionFailedError: expected: not <null>
	at ed22_ud12_Ejercicio2_GeneradorIP.GeneradorTest.testIfIsNotNull(GeneradorTest.java:32)

testIfIsNotNull[208]  Time elapsed: 0 s  <<< FAILURE!
org.opentest4j.AssertionFailedError: expected: not <null>
	at ed22_ud12_Ejercicio2_GeneradorIP.GeneradorTest.testIfIsNotNull(GeneradorTest.java:32)

testIfIsNotNull[209]  Time elapsed: 0.001 s  <<< FAILURE!
org.opentest4j.AssertionFailedError: expected: not <null>
	at ed22_ud12_Ejercicio2_GeneradorIP.GeneradorTest.testIfIsNotNull(GeneradorTest.java:32)

testIfIsNotNull[210]  Time elapsed: 0 s  <<< FAILURE!
org.opentest4j.AssertionFailedError: expected: not <null>
	at ed22_ud12_Ejercicio2_GeneradorIP.GeneradorTest.testIfIsNotNull(GeneradorTest.java:32)

testIfIsNotNull[211]  Time elapsed: 0.001 s  <<< FAILURE!
org.opentest4j.AssertionFailedError: expected: not <null>
	at ed22_ud12_Ejercicio2_GeneradorIP.GeneradorTest.testIfIsNotNull(GeneradorTest.java:32)

testIfIsNotNull[212]  Time elapsed: 0.001 s  <<< FAILURE!
org.opentest4j.AssertionFailedError: expected: not <null>
	at ed22_ud12_Ejercicio2_GeneradorIP.GeneradorTest.testIfIsNotNull(GeneradorTest.java:32)

testIfIsNotNull[213]  Time elapsed: 0.001 s  <<< FAILURE!
org.opentest4j.AssertionFailedError: expected: not <null>
	at ed22_ud12_Ejercicio2_GeneradorIP.GeneradorTest.testIfIsNotNull(GeneradorTest.java:32)

testIfIsNotNull[214]  Time elapsed: 0.005 s  <<< FAILURE!
org.opentest4j.AssertionFailedError: expected: not <null>
	at ed22_ud12_Ejercicio2_GeneradorIP.GeneradorTest.testIfIsNotNull(GeneradorTest.java:32)

testIfIsNotNull[215]  Time elapsed: 0 s  <<< FAILURE!
org.opentest4j.AssertionFailedError: expected: not <null>
	at ed22_ud12_Ejercicio2_GeneradorIP.GeneradorTest.testIfIsNotNull(GeneradorTest.java:32)

testIfIsNotNull[216]  Time elapsed: 0 s  <<< FAILURE!
org.opentest4j.AssertionFailedError: expected: not <null>
	at ed22_ud12_Ejercicio2_GeneradorIP.GeneradorTest.testIfIsNotNull(GeneradorTest.java:32)

testIfIsNotNull[217]  Time elapsed: 0.001 s  <<< FAILURE!
org.opentest4j.AssertionFailedError: expected: not <null>
	at ed22_ud12_Ejercicio2_GeneradorIP.GeneradorTest.testIfIsNotNull(GeneradorTest.java:32)

testIfIsNotNull[218]  Time elapsed: 0.001 s  <<< FAILURE!
org.opentest4j.AssertionFailedError: expected: not <null>
	at ed22_ud12_Ejercicio2_GeneradorIP.GeneradorTest.testIfIsNotNull(GeneradorTest.java:32)

testIfIsNotNull[219]  Time elapsed: 0 s  <<< FAILURE!
org.opentest4j.AssertionFailedError: expected: not <null>
	at ed22_ud12_Ejercicio2_GeneradorIP.GeneradorTest.testIfIsNotNull(GeneradorTest.java:32)

testIfIsNotNull[220]  Time elapsed: 0.001 s  <<< FAILURE!
org.opentest4j.AssertionFailedError: expected: not <null>
	at ed22_ud12_Ejercicio2_GeneradorIP.GeneradorTest.testIfIsNotNull(GeneradorTest.java:32)

testIfIsNotNull[221]  Time elapsed: 0.001 s  <<< FAILURE!
org.opentest4j.AssertionFailedError: expected: not <null>
	at ed22_ud12_Ejercicio2_GeneradorIP.GeneradorTest.testIfIsNotNull(GeneradorTest.java:32)

testIfIsNotNull[222]  Time elapsed: 0 s  <<< FAILURE!
org.opentest4j.AssertionFailedError: expected: not <null>
	at ed22_ud12_Ejercicio2_GeneradorIP.GeneradorTest.testIfIsNotNull(GeneradorTest.java:32)

testIfIsNotNull[223]  Time elapsed: 0 s  <<< FAILURE!
org.opentest4j.AssertionFailedError: expected: not <null>
	at ed22_ud12_Ejercicio2_GeneradorIP.GeneradorTest.testIfIsNotNull(GeneradorTest.java:32)

testIfIsNotNull[224]  Time elapsed: 0 s  <<< FAILURE!
org.opentest4j.AssertionFailedError: expected: not <null>
	at ed22_ud12_Ejercicio2_GeneradorIP.GeneradorTest.testIfIsNotNull(GeneradorTest.java:32)

testIfIsNotNull[225]  Time elapsed: 0.001 s  <<< FAILURE!
org.opentest4j.AssertionFailedError: expected: not <null>
	at ed22_ud12_Ejercicio2_GeneradorIP.GeneradorTest.testIfIsNotNull(GeneradorTest.java:32)

testIfIsNotNull[226]  Time elapsed: 0 s  <<< FAILURE!
org.opentest4j.AssertionFailedError: expected: not <null>
	at ed22_ud12_Ejercicio2_GeneradorIP.GeneradorTest.testIfIsNotNull(GeneradorTest.java:32)

testIfIsNotNull[227]  Time elapsed: 0.001 s  <<< FAILURE!
org.opentest4j.AssertionFailedError: expected: not <null>
	at ed22_ud12_Ejercicio2_GeneradorIP.GeneradorTest.testIfIsNotNull(GeneradorTest.java:32)

testIfIsNotNull[228]  Time elapsed: 0 s  <<< FAILURE!
org.opentest4j.AssertionFailedError: expected: not <null>
	at ed22_ud12_Ejercicio2_GeneradorIP.GeneradorTest.testIfIsNotNull(GeneradorTest.java:32)

testIfIsNotNull[229]  Time elapsed: 0 s  <<< FAILURE!
org.opentest4j.AssertionFailedError: expected: not <null>
	at ed22_ud12_Ejercicio2_GeneradorIP.GeneradorTest.testIfIsNotNull(GeneradorTest.java:32)

testIfIsNotNull[230]  Time elapsed: 0.001 s  <<< FAILURE!
org.opentest4j.AssertionFailedError: expected: not <null>
	at ed22_ud12_Ejercicio2_GeneradorIP.GeneradorTest.testIfIsNotNull(GeneradorTest.java:32)

testIfIsNotNull[231]  Time elapsed: 0 s  <<< FAILURE!
org.opentest4j.AssertionFailedError: expected: not <null>
	at ed22_ud12_Ejercicio2_GeneradorIP.GeneradorTest.testIfIsNotNull(GeneradorTest.java:32)

testIfIsNotNull[232]  Time elapsed: 0.001 s  <<< FAILURE!
org.opentest4j.AssertionFailedError: expected: not <null>
	at ed22_ud12_Ejercicio2_GeneradorIP.GeneradorTest.testIfIsNotNull(GeneradorTest.java:32)

testIfIsNotNull[233]  Time elapsed: 0 s  <<< FAILURE!
org.opentest4j.AssertionFailedError: expected: not <null>
	at ed22_ud12_Ejercicio2_GeneradorIP.GeneradorTest.testIfIsNotNull(GeneradorTest.java:32)

testIfIsNotNull[234]  Time elapsed: 0 s  <<< FAILURE!
org.opentest4j.AssertionFailedError: expected: not <null>
	at ed22_ud12_Ejercicio2_GeneradorIP.GeneradorTest.testIfIsNotNull(GeneradorTest.java:32)

testIfIsNotNull[235]  Time elapsed: 0 s  <<< FAILURE!
org.opentest4j.AssertionFailedError: expected: not <null>
	at ed22_ud12_Ejercicio2_GeneradorIP.GeneradorTest.testIfIsNotNull(GeneradorTest.java:32)

testIfIsNotNull[236]  Time elapsed: 0 s  <<< FAILURE!
org.opentest4j.AssertionFailedError: expected: not <null>
	at ed22_ud12_Ejercicio2_GeneradorIP.GeneradorTest.testIfIsNotNull(GeneradorTest.java:32)

testIfIsNotNull[237]  Time elapsed: 0.001 s  <<< FAILURE!
org.opentest4j.AssertionFailedError: expected: not <null>
	at ed22_ud12_Ejercicio2_GeneradorIP.GeneradorTest.testIfIsNotNull(GeneradorTest.java:32)

testIfIsNotNull[238]  Time elapsed: 0.001 s  <<< FAILURE!
org.opentest4j.AssertionFailedError: expected: not <null>
	at ed22_ud12_Ejercicio2_GeneradorIP.GeneradorTest.testIfIsNotNull(GeneradorTest.java:32)

testIfIsNotNull[239]  Time elapsed: 0.001 s  <<< FAILURE!
org.opentest4j.AssertionFailedError: expected: not <null>
	at ed22_ud12_Ejercicio2_GeneradorIP.GeneradorTest.testIfIsNotNull(GeneradorTest.java:32)

testIfIsNotNull[240]  Time elapsed: 0.001 s  <<< FAILURE!
org.opentest4j.AssertionFailedError: expected: not <null>
	at ed22_ud12_Ejercicio2_GeneradorIP.GeneradorTest.testIfIsNotNull(GeneradorTest.java:32)

testIfIsNotNull[241]  Time elapsed: 0.001 s  <<< FAILURE!
org.opentest4j.AssertionFailedError: expected: not <null>
	at ed22_ud12_Ejercicio2_GeneradorIP.GeneradorTest.testIfIsNotNull(GeneradorTest.java:32)

testIfIsNotNull[242]  Time elapsed: 0 s  <<< FAILURE!
org.opentest4j.AssertionFailedError: expected: not <null>
	at ed22_ud12_Ejercicio2_GeneradorIP.GeneradorTest.testIfIsNotNull(GeneradorTest.java:32)

testIfIsNotNull[243]  Time elapsed: 0 s  <<< FAILURE!
org.opentest4j.AssertionFailedError: expected: not <null>
	at ed22_ud12_Ejercicio2_GeneradorIP.GeneradorTest.testIfIsNotNull(GeneradorTest.java:32)

testIfIsNotNull[244]  Time elapsed: 0 s  <<< FAILURE!
org.opentest4j.AssertionFailedError: expected: not <null>
	at ed22_ud12_Ejercicio2_GeneradorIP.GeneradorTest.testIfIsNotNull(GeneradorTest.java:32)

testIfIsNotNull[245]  Time elapsed: 0 s  <<< FAILURE!
org.opentest4j.AssertionFailedError: expected: not <null>
	at ed22_ud12_Ejercicio2_GeneradorIP.GeneradorTest.testIfIsNotNull(GeneradorTest.java:32)

testIfIsNotNull[246]  Time elapsed: 0 s  <<< FAILURE!
org.opentest4j.AssertionFailedError: expected: not <null>
	at ed22_ud12_Ejercicio2_GeneradorIP.GeneradorTest.testIfIsNotNull(GeneradorTest.java:32)

testIfIsNotNull[247]  Time elapsed: 0.001 s  <<< FAILURE!
org.opentest4j.AssertionFailedError: expected: not <null>
	at ed22_ud12_Ejercicio2_GeneradorIP.GeneradorTest.testIfIsNotNull(GeneradorTest.java:32)

testIfIsNotNull[248]  Time elapsed: 0 s  <<< FAILURE!
org.opentest4j.AssertionFailedError: expected: not <null>
	at ed22_ud12_Ejercicio2_GeneradorIP.GeneradorTest.testIfIsNotNull(GeneradorTest.java:32)

testIfIsNotNull[249]  Time elapsed: 0.001 s  <<< FAILURE!
org.opentest4j.AssertionFailedError: expected: not <null>
	at ed22_ud12_Ejercicio2_GeneradorIP.GeneradorTest.testIfIsNotNull(GeneradorTest.java:32)

testIfIsNotNull[250]  Time elapsed: 0 s  <<< FAILURE!
org.opentest4j.AssertionFailedError: expected: not <null>
	at ed22_ud12_Ejercicio2_GeneradorIP.GeneradorTest.testIfIsNotNull(GeneradorTest.java:32)

testIfIsNotNull[251]  Time elapsed: 0.001 s  <<< FAILURE!
org.opentest4j.AssertionFailedError: expected: not <null>
	at ed22_ud12_Ejercicio2_GeneradorIP.GeneradorTest.testIfIsNotNull(GeneradorTest.java:32)

testIfIsNotNull[252]  Time elapsed: 0 s  <<< FAILURE!
org.opentest4j.AssertionFailedError: expected: not <null>
	at ed22_ud12_Ejercicio2_GeneradorIP.GeneradorTest.testIfIsNotNull(GeneradorTest.java:32)

testIfIsNotNull[253]  Time elapsed: 0.001 s  <<< FAILURE!
org.opentest4j.AssertionFailedError: expected: not <null>
	at ed22_ud12_Ejercicio2_GeneradorIP.GeneradorTest.testIfIsNotNull(GeneradorTest.java:32)

testIfIsNotNull[254]  Time elapsed: 0 s  <<< FAILURE!
org.opentest4j.AssertionFailedError: expected: not <null>
	at ed22_ud12_Ejercicio2_GeneradorIP.GeneradorTest.testIfIsNotNull(GeneradorTest.java:32)

testIfIsNotNull[255]  Time elapsed: 0.001 s  <<< FAILURE!
org.opentest4j.AssertionFailedError: expected: not <null>
	at ed22_ud12_Ejercicio2_GeneradorIP.GeneradorTest.testIfIsNotNull(GeneradorTest.java:32)

testIfIsNotNull[256]  Time elapsed: 0 s  <<< FAILURE!
org.opentest4j.AssertionFailedError: expected: not <null>
	at ed22_ud12_Ejercicio2_GeneradorIP.GeneradorTest.testIfIsNotNull(GeneradorTest.java:32)

testIfIsNotNull[257]  Time elapsed: 0.001 s  <<< FAILURE!
org.opentest4j.AssertionFailedError: expected: not <null>
	at ed22_ud12_Ejercicio2_GeneradorIP.GeneradorTest.testIfIsNotNull(GeneradorTest.java:32)

testIfIsNotNull[258]  Time elapsed: 0.001 s  <<< FAILURE!
org.opentest4j.AssertionFailedError: expected: not <null>
	at ed22_ud12_Ejercicio2_GeneradorIP.GeneradorTest.testIfIsNotNull(GeneradorTest.java:32)

testIfIsNotNull[259]  Time elapsed: 0.001 s  <<< FAILURE!
org.opentest4j.AssertionFailedError: expected: not <null>
	at ed22_ud12_Ejercicio2_GeneradorIP.GeneradorTest.testIfIsNotNull(GeneradorTest.java:32)

testIfIsNotNull[260]  Time elapsed: 0 s  <<< FAILURE!
org.opentest4j.AssertionFailedError: expected: not <null>
	at ed22_ud12_Ejercicio2_GeneradorIP.GeneradorTest.testIfIsNotNull(GeneradorTest.java:32)

testIfIsNotNull[261]  Time elapsed: 0 s  <<< FAILURE!
org.opentest4j.AssertionFailedError: expected: not <null>
	at ed22_ud12_Ejercicio2_GeneradorIP.GeneradorTest.testIfIsNotNull(GeneradorTest.java:32)

testIfIsNotNull[262]  Time elapsed: 0.001 s  <<< FAILURE!
org.opentest4j.AssertionFailedError: expected: not <null>
	at ed22_ud12_Ejercicio2_GeneradorIP.GeneradorTest.testIfIsNotNull(GeneradorTest.java:32)

testIfIsNotNull[263]  Time elapsed: 0.001 s  <<< FAILURE!
org.opentest4j.AssertionFailedError: expected: not <null>
	at ed22_ud12_Ejercicio2_GeneradorIP.GeneradorTest.testIfIsNotNull(GeneradorTest.java:32)

testIfIsNotNull[264]  Time elapsed: 0.001 s  <<< FAILURE!
org.opentest4j.AssertionFailedError: expected: not <null>
	at ed22_ud12_Ejercicio2_GeneradorIP.GeneradorTest.testIfIsNotNull(GeneradorTest.java:32)

testIfIsNotNull[265]  Time elapsed: 0 s  <<< FAILURE!
org.opentest4j.AssertionFailedError: expected: not <null>
	at ed22_ud12_Ejercicio2_GeneradorIP.GeneradorTest.testIfIsNotNull(GeneradorTest.java:32)

testIfIsNotNull[266]  Time elapsed: 0 s  <<< FAILURE!
org.opentest4j.AssertionFailedError: expected: not <null>
	at ed22_ud12_Ejercicio2_GeneradorIP.GeneradorTest.testIfIsNotNull(GeneradorTest.java:32)

testIfIsNotNull[267]  Time elapsed: 0 s  <<< FAILURE!
org.opentest4j.AssertionFailedError: expected: not <null>
	at ed22_ud12_Ejercicio2_GeneradorIP.GeneradorTest.testIfIsNotNull(GeneradorTest.java:32)

testIfIsNotNull[268]  Time elapsed: 0 s  <<< FAILURE!
org.opentest4j.AssertionFailedError: expected: not <null>
	at ed22_ud12_Ejercicio2_GeneradorIP.GeneradorTest.testIfIsNotNull(GeneradorTest.java:32)

testIfIsNotNull[269]  Time elapsed: 0.001 s  <<< FAILURE!
org.opentest4j.AssertionFailedError: expected: not <null>
	at ed22_ud12_Ejercicio2_GeneradorIP.GeneradorTest.testIfIsNotNull(GeneradorTest.java:32)

testIfIsNotNull[270]  Time elapsed: 0 s  <<< FAILURE!
org.opentest4j.AssertionFailedError: expected: not <null>
	at ed22_ud12_Ejercicio2_GeneradorIP.GeneradorTest.testIfIsNotNull(GeneradorTest.java:32)

testIfIsNotNull[271]  Time elapsed: 0 s  <<< FAILURE!
org.opentest4j.AssertionFailedError: expected: not <null>
	at ed22_ud12_Ejercicio2_GeneradorIP.GeneradorTest.testIfIsNotNull(GeneradorTest.java:32)

testIfIsNotNull[272]  Time elapsed: 0 s  <<< FAILURE!
org.opentest4j.AssertionFailedError: expected: not <null>
	at ed22_ud12_Ejercicio2_GeneradorIP.GeneradorTest.testIfIsNotNull(GeneradorTest.java:32)

testIfIsNotNull[273]  Time elapsed: 0 s  <<< FAILURE!
org.opentest4j.AssertionFailedError: expected: not <null>
	at ed22_ud12_Ejercicio2_GeneradorIP.GeneradorTest.testIfIsNotNull(GeneradorTest.java:32)

testIfIsNotNull[274]  Time elapsed: 0.001 s  <<< FAILURE!
org.opentest4j.AssertionFailedError: expected: not <null>
	at ed22_ud12_Ejercicio2_GeneradorIP.GeneradorTest.testIfIsNotNull(GeneradorTest.java:32)

testIfIsNotNull[275]  Time elapsed: 0 s  <<< FAILURE!
org.opentest4j.AssertionFailedError: expected: not <null>
	at ed22_ud12_Ejercicio2_GeneradorIP.GeneradorTest.testIfIsNotNull(GeneradorTest.java:32)

testIfIsNotNull[276]  Time elapsed: 0 s  <<< FAILURE!
org.opentest4j.AssertionFailedError: expected: not <null>
	at ed22_ud12_Ejercicio2_GeneradorIP.GeneradorTest.testIfIsNotNull(GeneradorTest.java:32)

testIfIsNotNull[277]  Time elapsed: 0 s  <<< FAILURE!
org.opentest4j.AssertionFailedError: expected: not <null>
	at ed22_ud12_Ejercicio2_GeneradorIP.GeneradorTest.testIfIsNotNull(GeneradorTest.java:32)

testIfIsNotNull[278]  Time elapsed: 0 s  <<< FAILURE!
org.opentest4j.AssertionFailedError: expected: not <null>
	at ed22_ud12_Ejercicio2_GeneradorIP.GeneradorTest.testIfIsNotNull(GeneradorTest.java:32)

testIfIsNotNull[279]  Time elapsed: 0.001 s  <<< FAILURE!
org.opentest4j.AssertionFailedError: expected: not <null>
	at ed22_ud12_Ejercicio2_GeneradorIP.GeneradorTest.testIfIsNotNull(GeneradorTest.java:32)

testIfIsNotNull[280]  Time elapsed: 0.001 s  <<< FAILURE!
org.opentest4j.AssertionFailedError: expected: not <null>
	at ed22_ud12_Ejercicio2_GeneradorIP.GeneradorTest.testIfIsNotNull(GeneradorTest.java:32)

testIfIsNotNull[281]  Time elapsed: 0 s  <<< FAILURE!
org.opentest4j.AssertionFailedError: expected: not <null>
	at ed22_ud12_Ejercicio2_GeneradorIP.GeneradorTest.testIfIsNotNull(GeneradorTest.java:32)

testIfIsNotNull[282]  Time elapsed: 0 s  <<< FAILURE!
org.opentest4j.AssertionFailedError: expected: not <null>
	at ed22_ud12_Ejercicio2_GeneradorIP.GeneradorTest.testIfIsNotNull(GeneradorTest.java:32)

testIfIsNotNull[283]  Time elapsed: 0.001 s  <<< FAILURE!
org.opentest4j.AssertionFailedError: expected: not <null>
	at ed22_ud12_Ejercicio2_GeneradorIP.GeneradorTest.testIfIsNotNull(GeneradorTest.java:32)

testIfIsNotNull[284]  Time elapsed: 0 s  <<< FAILURE!
org.opentest4j.AssertionFailedError: expected: not <null>
	at ed22_ud12_Ejercicio2_GeneradorIP.GeneradorTest.testIfIsNotNull(GeneradorTest.java:32)

testIfIsNotNull[285]  Time elapsed: 0 s  <<< FAILURE!
org.opentest4j.AssertionFailedError: expected: not <null>
	at ed22_ud12_Ejercicio2_GeneradorIP.GeneradorTest.testIfIsNotNull(GeneradorTest.java:32)

testIfIsNotNull[286]  Time elapsed: 0 s  <<< FAILURE!
org.opentest4j.AssertionFailedError: expected: not <null>
	at ed22_ud12_Ejercicio2_GeneradorIP.GeneradorTest.testIfIsNotNull(GeneradorTest.java:32)

testIfIsNotNull[287]  Time elapsed: 0 s  <<< FAILURE!
org.opentest4j.AssertionFailedError: expected: not <null>
	at ed22_ud12_Ejercicio2_GeneradorIP.GeneradorTest.testIfIsNotNull(GeneradorTest.java:32)

testIfIsNotNull[288]  Time elapsed: 0 s  <<< FAILURE!
org.opentest4j.AssertionFailedError: expected: not <null>
	at ed22_ud12_Ejercicio2_GeneradorIP.GeneradorTest.testIfIsNotNull(GeneradorTest.java:32)

testIfIsNotNull[289]  Time elapsed: 0 s  <<< FAILURE!
org.opentest4j.AssertionFailedError: expected: not <null>
	at ed22_ud12_Ejercicio2_GeneradorIP.GeneradorTest.testIfIsNotNull(GeneradorTest.java:32)

testIfIsNotNull[290]  Time elapsed: 0 s  <<< FAILURE!
org.opentest4j.AssertionFailedError: expected: not <null>
	at ed22_ud12_Ejercicio2_GeneradorIP.GeneradorTest.testIfIsNotNull(GeneradorTest.java:32)

testIfIsNotNull[291]  Time elapsed: 0 s  <<< FAILURE!
org.opentest4j.AssertionFailedError: expected: not <null>
	at ed22_ud12_Ejercicio2_GeneradorIP.GeneradorTest.testIfIsNotNull(GeneradorTest.java:32)

testIfIsNotNull[292]  Time elapsed: 0 s  <<< FAILURE!
org.opentest4j.AssertionFailedError: expected: not <null>
	at ed22_ud12_Ejercicio2_GeneradorIP.GeneradorTest.testIfIsNotNull(GeneradorTest.java:32)

testIfIsNotNull[293]  Time elapsed: 0 s  <<< FAILURE!
org.opentest4j.AssertionFailedError: expected: not <null>
	at ed22_ud12_Ejercicio2_GeneradorIP.GeneradorTest.testIfIsNotNull(GeneradorTest.java:32)

testIfIsNotNull[294]  Time elapsed: 0 s  <<< FAILURE!
org.opentest4j.AssertionFailedError: expected: not <null>
	at ed22_ud12_Ejercicio2_GeneradorIP.GeneradorTest.testIfIsNotNull(GeneradorTest.java:32)

testIfIsNotNull[295]  Time elapsed: 0 s  <<< FAILURE!
org.opentest4j.AssertionFailedError: expected: not <null>
	at ed22_ud12_Ejercicio2_GeneradorIP.GeneradorTest.testIfIsNotNull(GeneradorTest.java:32)

testIfIsNotNull[296]  Time elapsed: 0.001 s  <<< FAILURE!
org.opentest4j.AssertionFailedError: expected: not <null>
	at ed22_ud12_Ejercicio2_GeneradorIP.GeneradorTest.testIfIsNotNull(GeneradorTest.java:32)

testIfIsNotNull[297]  Time elapsed: 0.001 s  <<< FAILURE!
org.opentest4j.AssertionFailedError: expected: not <null>
	at ed22_ud12_Ejercicio2_GeneradorIP.GeneradorTest.testIfIsNotNull(GeneradorTest.java:32)

testIfIsNotNull[298]  Time elapsed: 0.001 s  <<< FAILURE!
org.opentest4j.AssertionFailedError: expected: not <null>
	at ed22_ud12_Ejercicio2_GeneradorIP.GeneradorTest.testIfIsNotNull(GeneradorTest.java:32)

testIfIsNotNull[299]  Time elapsed: 0.001 s  <<< FAILURE!
org.opentest4j.AssertionFailedError: expected: not <null>
	at ed22_ud12_Ejercicio2_GeneradorIP.GeneradorTest.testIfIsNotNull(GeneradorTest.java:32)

testIfIsNotNull[300]  Time elapsed: 0 s  <<< FAILURE!
org.opentest4j.AssertionFailedError: expected: not <null>
	at ed22_ud12_Ejercicio2_GeneradorIP.GeneradorTest.testIfIsNotNull(GeneradorTest.java:32)

testIfIsNotNull[301]  Time elapsed: 0 s  <<< FAILURE!
org.opentest4j.AssertionFailedError: expected: not <null>
	at ed22_ud12_Ejercicio2_GeneradorIP.GeneradorTest.testIfIsNotNull(GeneradorTest.java:32)

testIfIsNotNull[302]  Time elapsed: 0 s  <<< FAILURE!
org.opentest4j.AssertionFailedError: expected: not <null>
	at ed22_ud12_Ejercicio2_GeneradorIP.GeneradorTest.testIfIsNotNull(GeneradorTest.java:32)

testIfIsNotNull[303]  Time elapsed: 0 s  <<< FAILURE!
org.opentest4j.AssertionFailedError: expected: not <null>
	at ed22_ud12_Ejercicio2_GeneradorIP.GeneradorTest.testIfIsNotNull(GeneradorTest.java:32)

testIfIsNotNull[304]  Time elapsed: 0 s  <<< FAILURE!
org.opentest4j.AssertionFailedError: expected: not <null>
	at ed22_ud12_Ejercicio2_GeneradorIP.GeneradorTest.testIfIsNotNull(GeneradorTest.java:32)

testIfIsNotNull[305]  Time elapsed: 0 s  <<< FAILURE!
org.opentest4j.AssertionFailedError: expected: not <null>
	at ed22_ud12_Ejercicio2_GeneradorIP.GeneradorTest.testIfIsNotNull(GeneradorTest.java:32)

testIfIsNotNull[306]  Time elapsed: 0 s  <<< FAILURE!
org.opentest4j.AssertionFailedError: expected: not <null>
	at ed22_ud12_Ejercicio2_GeneradorIP.GeneradorTest.testIfIsNotNull(GeneradorTest.java:32)

testIfIsNotNull[307]  Time elapsed: 0.001 s  <<< FAILURE!
org.opentest4j.AssertionFailedError: expected: not <null>
	at ed22_ud12_Ejercicio2_GeneradorIP.GeneradorTest.testIfIsNotNull(GeneradorTest.java:32)

testIfIsNotNull[308]  Time elapsed: 0.001 s  <<< FAILURE!
org.opentest4j.AssertionFailedError: expected: not <null>
	at ed22_ud12_Ejercicio2_GeneradorIP.GeneradorTest.testIfIsNotNull(GeneradorTest.java:32)

testIfIsNotNull[309]  Time elapsed: 0.001 s  <<< FAILURE!
org.opentest4j.AssertionFailedError: expected: not <null>
	at ed22_ud12_Ejercicio2_GeneradorIP.GeneradorTest.testIfIsNotNull(GeneradorTest.java:32)

testIfIsNotNull[310]  Time elapsed: 0.001 s  <<< FAILURE!
org.opentest4j.AssertionFailedError: expected: not <null>
	at ed22_ud12_Ejercicio2_GeneradorIP.GeneradorTest.testIfIsNotNull(GeneradorTest.java:32)

testIfIsNotNull[311]  Time elapsed: 0.001 s  <<< FAILURE!
org.opentest4j.AssertionFailedError: expected: not <null>
	at ed22_ud12_Ejercicio2_GeneradorIP.GeneradorTest.testIfIsNotNull(GeneradorTest.java:32)

testIfIsNotNull[312]  Time elapsed: 0.001 s  <<< FAILURE!
org.opentest4j.AssertionFailedError: expected: not <null>
	at ed22_ud12_Ejercicio2_GeneradorIP.GeneradorTest.testIfIsNotNull(GeneradorTest.java:32)

testIfIsNotNull[313]  Time elapsed: 0 s  <<< FAILURE!
org.opentest4j.AssertionFailedError: expected: not <null>
	at ed22_ud12_Ejercicio2_GeneradorIP.GeneradorTest.testIfIsNotNull(GeneradorTest.java:32)

testIfIsNotNull[314]  Time elapsed: 0 s  <<< FAILURE!
org.opentest4j.AssertionFailedError: expected: not <null>
	at ed22_ud12_Ejercicio2_GeneradorIP.GeneradorTest.testIfIsNotNull(GeneradorTest.java:32)

testIfIsNotNull[315]  Time elapsed: 0.001 s  <<< FAILURE!
org.opentest4j.AssertionFailedError: expected: not <null>
	at ed22_ud12_Ejercicio2_GeneradorIP.GeneradorTest.testIfIsNotNull(GeneradorTest.java:32)

testIfIsNotNull[316]  Time elapsed: 0 s  <<< FAILURE!
org.opentest4j.AssertionFailedError: expected: not <null>
	at ed22_ud12_Ejercicio2_GeneradorIP.GeneradorTest.testIfIsNotNull(GeneradorTest.java:32)

testIfIsNotNull[317]  Time elapsed: 0 s  <<< FAILURE!
org.opentest4j.AssertionFailedError: expected: not <null>
	at ed22_ud12_Ejercicio2_GeneradorIP.GeneradorTest.testIfIsNotNull(GeneradorTest.java:32)

testIfIsNotNull[318]  Time elapsed: 0.001 s  <<< FAILURE!
org.opentest4j.AssertionFailedError: expected: not <null>
	at ed22_ud12_Ejercicio2_GeneradorIP.GeneradorTest.testIfIsNotNull(GeneradorTest.java:32)

testIfIsNotNull[319]  Time elapsed: 0 s  <<< FAILURE!
org.opentest4j.AssertionFailedError: expected: not <null>
	at ed22_ud12_Ejercicio2_GeneradorIP.GeneradorTest.testIfIsNotNull(GeneradorTest.java:32)

testIfIsNotNull[320]  Time elapsed: 0.006 s  <<< FAILURE!
org.opentest4j.AssertionFailedError: expected: not <null>
	at ed22_ud12_Ejercicio2_GeneradorIP.GeneradorTest.testIfIsNotNull(GeneradorTest.java:32)

testIfIsNotNull[321]  Time elapsed: 0 s  <<< FAILURE!
org.opentest4j.AssertionFailedError: expected: not <null>
	at ed22_ud12_Ejercicio2_GeneradorIP.GeneradorTest.testIfIsNotNull(GeneradorTest.java:32)

testIfIsNotNull[322]  Time elapsed: 0 s  <<< FAILURE!
org.opentest4j.AssertionFailedError: expected: not <null>
	at ed22_ud12_Ejercicio2_GeneradorIP.GeneradorTest.testIfIsNotNull(GeneradorTest.java:32)

testIfIsNotNull[323]  Time elapsed: 0 s  <<< FAILURE!
org.opentest4j.AssertionFailedError: expected: not <null>
	at ed22_ud12_Ejercicio2_GeneradorIP.GeneradorTest.testIfIsNotNull(GeneradorTest.java:32)

testIfIsNotNull[324]  Time elapsed: 0 s  <<< FAILURE!
org.opentest4j.AssertionFailedError: expected: not <null>
	at ed22_ud12_Ejercicio2_GeneradorIP.GeneradorTest.testIfIsNotNull(GeneradorTest.java:32)

testIfIsNotNull[325]  Time elapsed: 0 s  <<< FAILURE!
org.opentest4j.AssertionFailedError: expected: not <null>
	at ed22_ud12_Ejercicio2_GeneradorIP.GeneradorTest.testIfIsNotNull(GeneradorTest.java:32)

testIfIsNotNull[326]  Time elapsed: 0 s  <<< FAILURE!
org.opentest4j.AssertionFailedError: expected: not <null>
	at ed22_ud12_Ejercicio2_GeneradorIP.GeneradorTest.testIfIsNotNull(GeneradorTest.java:32)

testIfIsNotNull[327]  Time elapsed: 0.001 s  <<< FAILURE!
org.opentest4j.AssertionFailedError: expected: not <null>
	at ed22_ud12_Ejercicio2_GeneradorIP.GeneradorTest.testIfIsNotNull(GeneradorTest.java:32)

testIfIsNotNull[328]  Time elapsed: 0.001 s  <<< FAILURE!
org.opentest4j.AssertionFailedError: expected: not <null>
	at ed22_ud12_Ejercicio2_GeneradorIP.GeneradorTest.testIfIsNotNull(GeneradorTest.java:32)

testIfIsNotNull[329]  Time elapsed: 0.001 s  <<< FAILURE!
org.opentest4j.AssertionFailedError: expected: not <null>
	at ed22_ud12_Ejercicio2_GeneradorIP.GeneradorTest.testIfIsNotNull(GeneradorTest.java:32)

testIfIsNotNull[330]  Time elapsed: 0.002 s  <<< FAILURE!
org.opentest4j.AssertionFailedError: expected: not <null>
	at ed22_ud12_Ejercicio2_GeneradorIP.GeneradorTest.testIfIsNotNull(GeneradorTest.java:32)

testIfIsNotNull[331]  Time elapsed: 0 s  <<< FAILURE!
org.opentest4j.AssertionFailedError: expected: not <null>
	at ed22_ud12_Ejercicio2_GeneradorIP.GeneradorTest.testIfIsNotNull(GeneradorTest.java:32)

testIfIsNotNull[332]  Time elapsed: 0.002 s  <<< FAILURE!
org.opentest4j.AssertionFailedError: expected: not <null>
	at ed22_ud12_Ejercicio2_GeneradorIP.GeneradorTest.testIfIsNotNull(GeneradorTest.java:32)

testIfIsNotNull[333]  Time elapsed: 0 s  <<< FAILURE!
org.opentest4j.AssertionFailedError: expected: not <null>
	at ed22_ud12_Ejercicio2_GeneradorIP.GeneradorTest.testIfIsNotNull(GeneradorTest.java:32)

testIfIsNotNull[334]  Time elapsed: 0.001 s  <<< FAILURE!
org.opentest4j.AssertionFailedError: expected: not <null>
	at ed22_ud12_Ejercicio2_GeneradorIP.GeneradorTest.testIfIsNotNull(GeneradorTest.java:32)

testIfIsNotNull[335]  Time elapsed: 0.001 s  <<< FAILURE!
org.opentest4j.AssertionFailedError: expected: not <null>
	at ed22_ud12_Ejercicio2_GeneradorIP.GeneradorTest.testIfIsNotNull(GeneradorTest.java:32)

testIfIsNotNull[336]  Time elapsed: 0.001 s  <<< FAILURE!
org.opentest4j.AssertionFailedError: expected: not <null>
	at ed22_ud12_Ejercicio2_GeneradorIP.GeneradorTest.testIfIsNotNull(GeneradorTest.java:32)

testIfIsNotNull[337]  Time elapsed: 0 s  <<< FAILURE!
org.opentest4j.AssertionFailedError: expected: not <null>
	at ed22_ud12_Ejercicio2_GeneradorIP.GeneradorTest.testIfIsNotNull(GeneradorTest.java:32)

testIfIsNotNull[338]  Time elapsed: 0.001 s  <<< FAILURE!
org.opentest4j.AssertionFailedError: expected: not <null>
	at ed22_ud12_Ejercicio2_GeneradorIP.GeneradorTest.testIfIsNotNull(GeneradorTest.java:32)

testIfIsNotNull[339]  Time elapsed: 0 s  <<< FAILURE!
org.opentest4j.AssertionFailedError: expected: not <null>
	at ed22_ud12_Ejercicio2_GeneradorIP.GeneradorTest.testIfIsNotNull(GeneradorTest.java:32)

testIfIsNotNull[340]  Time elapsed: 0.002 s  <<< FAILURE!
org.opentest4j.AssertionFailedError: expected: not <null>
	at ed22_ud12_Ejercicio2_GeneradorIP.GeneradorTest.testIfIsNotNull(GeneradorTest.java:32)

testIfIsNotNull[341]  Time elapsed: 0 s  <<< FAILURE!
org.opentest4j.AssertionFailedError: expected: not <null>
	at ed22_ud12_Ejercicio2_GeneradorIP.GeneradorTest.testIfIsNotNull(GeneradorTest.java:32)

testIfIsNotNull[342]  Time elapsed: 0.001 s  <<< FAILURE!
org.opentest4j.AssertionFailedError: expected: not <null>
	at ed22_ud12_Ejercicio2_GeneradorIP.GeneradorTest.testIfIsNotNull(GeneradorTest.java:32)

testIfIsNotNull[343]  Time elapsed: 0 s  <<< FAILURE!
org.opentest4j.AssertionFailedError: expected: not <null>
	at ed22_ud12_Ejercicio2_GeneradorIP.GeneradorTest.testIfIsNotNull(GeneradorTest.java:32)

testIfIsNotNull[344]  Time elapsed: 0 s  <<< FAILURE!
org.opentest4j.AssertionFailedError: expected: not <null>
	at ed22_ud12_Ejercicio2_GeneradorIP.GeneradorTest.testIfIsNotNull(GeneradorTest.java:32)

testIfIsNotNull[345]  Time elapsed: 0 s  <<< FAILURE!
org.opentest4j.AssertionFailedError: expected: not <null>
	at ed22_ud12_Ejercicio2_GeneradorIP.GeneradorTest.testIfIsNotNull(GeneradorTest.java:32)

testIfIsNotNull[346]  Time elapsed: 0 s  <<< FAILURE!
org.opentest4j.AssertionFailedError: expected: not <null>
	at ed22_ud12_Ejercicio2_GeneradorIP.GeneradorTest.testIfIsNotNull(GeneradorTest.java:32)

testIfIsNotNull[347]  Time elapsed: 0 s  <<< FAILURE!
org.opentest4j.AssertionFailedError: expected: not <null>
	at ed22_ud12_Ejercicio2_GeneradorIP.GeneradorTest.testIfIsNotNull(GeneradorTest.java:32)

testIfIsNotNull[348]  Time elapsed: 0 s  <<< FAILURE!
org.opentest4j.AssertionFailedError: expected: not <null>
	at ed22_ud12_Ejercicio2_GeneradorIP.GeneradorTest.testIfIsNotNull(GeneradorTest.java:32)

testIfIsNotNull[349]  Time elapsed: 0.001 s  <<< FAILURE!
org.opentest4j.AssertionFailedError: expected: not <null>
	at ed22_ud12_Ejercicio2_GeneradorIP.GeneradorTest.testIfIsNotNull(GeneradorTest.java:32)

testIfIsNotNull[350]  Time elapsed: 0.001 s  <<< FAILURE!
org.opentest4j.AssertionFailedError: expected: not <null>
	at ed22_ud12_Ejercicio2_GeneradorIP.GeneradorTest.testIfIsNotNull(GeneradorTest.java:32)

testIfIsNotNull[351]  Time elapsed: 0.001 s  <<< FAILURE!
org.opentest4j.AssertionFailedError: expected: not <null>
	at ed22_ud12_Ejercicio2_GeneradorIP.GeneradorTest.testIfIsNotNull(GeneradorTest.java:32)

testIfIsNotNull[352]  Time elapsed: 0 s  <<< FAILURE!
org.opentest4j.AssertionFailedError: expected: not <null>
	at ed22_ud12_Ejercicio2_GeneradorIP.GeneradorTest.testIfIsNotNull(GeneradorTest.java:32)

testIfIsNotNull[353]  Time elapsed: 0 s  <<< FAILURE!
org.opentest4j.AssertionFailedError: expected: not <null>
	at ed22_ud12_Ejercicio2_GeneradorIP.GeneradorTest.testIfIsNotNull(GeneradorTest.java:32)

testIfIsNotNull[354]  Time elapsed: 0 s  <<< FAILURE!
org.opentest4j.AssertionFailedError: expected: not <null>
	at ed22_ud12_Ejercicio2_GeneradorIP.GeneradorTest.testIfIsNotNull(GeneradorTest.java:32)

testIfIsNotNull[355]  Time elapsed: 0.001 s  <<< FAILURE!
org.opentest4j.AssertionFailedError: expected: not <null>
	at ed22_ud12_Ejercicio2_GeneradorIP.GeneradorTest.testIfIsNotNull(GeneradorTest.java:32)

testIfIsNotNull[356]  Time elapsed: 0 s  <<< FAILURE!
org.opentest4j.AssertionFailedError: expected: not <null>
	at ed22_ud12_Ejercicio2_GeneradorIP.GeneradorTest.testIfIsNotNull(GeneradorTest.java:32)

testIfIsNotNull[357]  Time elapsed: 0.001 s  <<< FAILURE!
org.opentest4j.AssertionFailedError: expected: not <null>
	at ed22_ud12_Ejercicio2_GeneradorIP.GeneradorTest.testIfIsNotNull(GeneradorTest.java:32)

testIfIsNotNull[358]  Time elapsed: 0.001 s  <<< FAILURE!
org.opentest4j.AssertionFailedError: expected: not <null>
	at ed22_ud12_Ejercicio2_GeneradorIP.GeneradorTest.testIfIsNotNull(GeneradorTest.java:32)

testIfIsNotNull[359]  Time elapsed: 0.001 s  <<< FAILURE!
org.opentest4j.AssertionFailedError: expected: not <null>
	at ed22_ud12_Ejercicio2_GeneradorIP.GeneradorTest.testIfIsNotNull(GeneradorTest.java:32)

testIfIsNotNull[360]  Time elapsed: 0.001 s  <<< FAILURE!
org.opentest4j.AssertionFailedError: expected: not <null>
	at ed22_ud12_Ejercicio2_GeneradorIP.GeneradorTest.testIfIsNotNull(GeneradorTest.java:32)

testIfIsNotNull[361]  Time elapsed: 0.001 s  <<< FAILURE!
org.opentest4j.AssertionFailedError: expected: not <null>
	at ed22_ud12_Ejercicio2_GeneradorIP.GeneradorTest.testIfIsNotNull(GeneradorTest.java:32)

testIfIsNotNull[362]  Time elapsed: 0 s  <<< FAILURE!
org.opentest4j.AssertionFailedError: expected: not <null>
	at ed22_ud12_Ejercicio2_GeneradorIP.GeneradorTest.testIfIsNotNull(GeneradorTest.java:32)

testIfIsNotNull[363]  Time elapsed: 0 s  <<< FAILURE!
org.opentest4j.AssertionFailedError: expected: not <null>
	at ed22_ud12_Ejercicio2_GeneradorIP.GeneradorTest.testIfIsNotNull(GeneradorTest.java:32)

testIfIsNotNull[364]  Time elapsed: 0 s  <<< FAILURE!
org.opentest4j.AssertionFailedError: expected: not <null>
	at ed22_ud12_Ejercicio2_GeneradorIP.GeneradorTest.testIfIsNotNull(GeneradorTest.java:32)

testIfIsNotNull[365]  Time elapsed: 0 s  <<< FAILURE!
org.opentest4j.AssertionFailedError: expected: not <null>
	at ed22_ud12_Ejercicio2_GeneradorIP.GeneradorTest.testIfIsNotNull(GeneradorTest.java:32)

testIfIsNotNull[366]  Time elapsed: 0 s  <<< FAILURE!
org.opentest4j.AssertionFailedError: expected: not <null>
	at ed22_ud12_Ejercicio2_GeneradorIP.GeneradorTest.testIfIsNotNull(GeneradorTest.java:32)

testIfIsNotNull[367]  Time elapsed: 0 s  <<< FAILURE!
org.opentest4j.AssertionFailedError: expected: not <null>
	at ed22_ud12_Ejercicio2_GeneradorIP.GeneradorTest.testIfIsNotNull(GeneradorTest.java:32)

testIfIsNotNull[368]  Time elapsed: 0.001 s  <<< FAILURE!
org.opentest4j.AssertionFailedError: expected: not <null>
	at ed22_ud12_Ejercicio2_GeneradorIP.GeneradorTest.testIfIsNotNull(GeneradorTest.java:32)

testIfIsNotNull[369]  Time elapsed: 0.001 s  <<< FAILURE!
org.opentest4j.AssertionFailedError: expected: not <null>
	at ed22_ud12_Ejercicio2_GeneradorIP.GeneradorTest.testIfIsNotNull(GeneradorTest.java:32)

testIfIsNotNull[370]  Time elapsed: 0.001 s  <<< FAILURE!
org.opentest4j.AssertionFailedError: expected: not <null>
	at ed22_ud12_Ejercicio2_GeneradorIP.GeneradorTest.testIfIsNotNull(GeneradorTest.java:32)

testIfIsNotNull[371]  Time elapsed: 0.001 s  <<< FAILURE!
org.opentest4j.AssertionFailedError: expected: not <null>
	at ed22_ud12_Ejercicio2_GeneradorIP.GeneradorTest.testIfIsNotNull(GeneradorTest.java:32)

testIfIsNotNull[372]  Time elapsed: 0.001 s  <<< FAILURE!
org.opentest4j.AssertionFailedError: expected: not <null>
	at ed22_ud12_Ejercicio2_GeneradorIP.GeneradorTest.testIfIsNotNull(GeneradorTest.java:32)

testIfIsNotNull[373]  Time elapsed: 0.001 s  <<< FAILURE!
org.opentest4j.AssertionFailedError: expected: not <null>
	at ed22_ud12_Ejercicio2_GeneradorIP.GeneradorTest.testIfIsNotNull(GeneradorTest.java:32)

testIfIsNotNull[374]  Time elapsed: 0.001 s  <<< FAILURE!
org.opentest4j.AssertionFailedError: expected: not <null>
	at ed22_ud12_Ejercicio2_GeneradorIP.GeneradorTest.testIfIsNotNull(GeneradorTest.java:32)

testIfIsNotNull[375]  Time elapsed: 0 s  <<< FAILURE!
org.opentest4j.AssertionFailedError: expected: not <null>
	at ed22_ud12_Ejercicio2_GeneradorIP.GeneradorTest.testIfIsNotNull(GeneradorTest.java:32)

testIfIsNotNull[376]  Time elapsed: 0 s  <<< FAILURE!
org.opentest4j.AssertionFailedError: expected: not <null>
	at ed22_ud12_Ejercicio2_GeneradorIP.GeneradorTest.testIfIsNotNull(GeneradorTest.java:32)

testIfIsNotNull[377]  Time elapsed: 0 s  <<< FAILURE!
org.opentest4j.AssertionFailedError: expected: not <null>
	at ed22_ud12_Ejercicio2_GeneradorIP.GeneradorTest.testIfIsNotNull(GeneradorTest.java:32)

testIfIsNotNull[378]  Time elapsed: 0 s  <<< FAILURE!
org.opentest4j.AssertionFailedError: expected: not <null>
	at ed22_ud12_Ejercicio2_GeneradorIP.GeneradorTest.testIfIsNotNull(GeneradorTest.java:32)

testIfIsNotNull[379]  Time elapsed: 0.001 s  <<< FAILURE!
org.opentest4j.AssertionFailedError: expected: not <null>
	at ed22_ud12_Ejercicio2_GeneradorIP.GeneradorTest.testIfIsNotNull(GeneradorTest.java:32)

testIfIsNotNull[380]  Time elapsed: 0.001 s  <<< FAILURE!
org.opentest4j.AssertionFailedError: expected: not <null>
	at ed22_ud12_Ejercicio2_GeneradorIP.GeneradorTest.testIfIsNotNull(GeneradorTest.java:32)

testIfIsNotNull[381]  Time elapsed: 0.001 s  <<< FAILURE!
org.opentest4j.AssertionFailedError: expected: not <null>
	at ed22_ud12_Ejercicio2_GeneradorIP.GeneradorTest.testIfIsNotNull(GeneradorTest.java:32)

testIfIsNotNull[382]  Time elapsed: 0 s  <<< FAILURE!
org.opentest4j.AssertionFailedError: expected: not <null>
	at ed22_ud12_Ejercicio2_GeneradorIP.GeneradorTest.testIfIsNotNull(GeneradorTest.java:32)

testIfIsNotNull[383]  Time elapsed: 0 s  <<< FAILURE!
org.opentest4j.AssertionFailedError: expected: not <null>
	at ed22_ud12_Ejercicio2_GeneradorIP.GeneradorTest.testIfIsNotNull(GeneradorTest.java:32)

testIfIsNotNull[384]  Time elapsed: 0.001 s  <<< FAILURE!
org.opentest4j.AssertionFailedError: expected: not <null>
	at ed22_ud12_Ejercicio2_GeneradorIP.GeneradorTest.testIfIsNotNull(GeneradorTest.java:32)

testIfIsNotNull[385]  Time elapsed: 0.001 s  <<< FAILURE!
org.opentest4j.AssertionFailedError: expected: not <null>
	at ed22_ud12_Ejercicio2_GeneradorIP.GeneradorTest.testIfIsNotNull(GeneradorTest.java:32)

testIfIsNotNull[386]  Time elapsed: 0 s  <<< FAILURE!
org.opentest4j.AssertionFailedError: expected: not <null>
	at ed22_ud12_Ejercicio2_GeneradorIP.GeneradorTest.testIfIsNotNull(GeneradorTest.java:32)

testIfIsNotNull[387]  Time elapsed: 0 s  <<< FAILURE!
org.opentest4j.AssertionFailedError: expected: not <null>
	at ed22_ud12_Ejercicio2_GeneradorIP.GeneradorTest.testIfIsNotNull(GeneradorTest.java:32)

testIfIsNotNull[388]  Time elapsed: 0 s  <<< FAILURE!
[...]

testIfIsNotNull[906]  Time elapsed: 0.001 s  <<< FAILURE!
org.opentest4j.AssertionFailedError: expected: not <null>
	at ed22_ud12_Ejercicio2_GeneradorIP.GeneradorTest.testIfIsNotNull(GeneradorTest.java:32)

testIfIsNotNull[907]  Time elapsed: 0 s  <<< FAILURE!
org.opentest4j.AssertionFailedError: expected: not <null>
	at ed22_ud12_Ejercicio2_GeneradorIP.GeneradorTest.testIfIsNotNull(GeneradorTest.java:32)

testIfIsNotNull[908]  Time elapsed: 0 s  <<< FAILURE!
org.opentest4j.AssertionFailedError: expected: not <null>
	at ed22_ud12_Ejercicio2_GeneradorIP.GeneradorTest.testIfIsNotNull(GeneradorTest.java:32)

testIfIsNotNull[909]  Time elapsed: 0.001 s  <<< FAILURE!
org.opentest4j.AssertionFailedError: expected: not <null>
	at ed22_ud12_Ejercicio2_GeneradorIP.GeneradorTest.testIfIsNotNull(GeneradorTest.java:32)

testIfIsNotNull[910]  Time elapsed: 0 s  <<< FAILURE!
org.opentest4j.AssertionFailedError: expected: not <null>
	at ed22_ud12_Ejercicio2_GeneradorIP.GeneradorTest.testIfIsNotNull(GeneradorTest.java:32)

testIfIsNotNull[911]  Time elapsed: 0 s  <<< FAILURE!
org.opentest4j.AssertionFailedError: expected: not <null>
	at ed22_ud12_Ejercicio2_GeneradorIP.GeneradorTest.testIfIsNotNull(GeneradorTest.java:32)

testIfIsNotNull[912]  Time elapsed: 0 s  <<< FAILURE!
org.opentest4j.AssertionFailedError: expected: not <null>
	at ed22_ud12_Ejercicio2_GeneradorIP.GeneradorTest.testIfIsNotNull(GeneradorTest.java:32)

testIfIsNotNull[913]  Time elapsed: 0 s  <<< FAILURE!
org.opentest4j.AssertionFailedError: expected: not <null>
	at ed22_ud12_Ejercicio2_GeneradorIP.GeneradorTest.testIfIsNotNull(GeneradorTest.java:32)

testIfIsNotNull[914]  Time elapsed: 0 s  <<< FAILURE!
org.opentest4j.AssertionFailedError: expected: not <null>
	at ed22_ud12_Ejercicio2_GeneradorIP.GeneradorTest.testIfIsNotNull(GeneradorTest.java:32)

testIfIsNotNull[915]  Time elapsed: 0 s  <<< FAILURE!
org.opentest4j.AssertionFailedError: expected: not <null>
	at ed22_ud12_Ejercicio2_GeneradorIP.GeneradorTest.testIfIsNotNull(GeneradorTest.java:32)

testIfIsNotNull[916]  Time elapsed: 0 s  <<< FAILURE!
org.opentest4j.AssertionFailedError: expected: not <null>
	at ed22_ud12_Ejercicio2_GeneradorIP.GeneradorTest.testIfIsNotNull(GeneradorTest.java:32)

testIfIsNotNull[917]  Time elapsed: 0 s  <<< FAILURE!
org.opentest4j.AssertionFailedError: expected: not <null>
	at ed22_ud12_Ejercicio2_GeneradorIP.GeneradorTest.testIfIsNotNull(GeneradorTest.java:32)

testIfIsNotNull[918]  Time elapsed: 0 s  <<< FAILURE!
org.opentest4j.AssertionFailedError: expected: not <null>
	at ed22_ud12_Ejercicio2_GeneradorIP.GeneradorTest.testIfIsNotNull(GeneradorTest.java:32)

testIfIsNotNull[919]  Time elapsed: 0 s  <<< FAILURE!
org.opentest4j.AssertionFailedError: expected: not <null>
	at ed22_ud12_Ejercicio2_GeneradorIP.GeneradorTest.testIfIsNotNull(GeneradorTest.java:32)

testIfIsNotNull[920]  Time elapsed: 0 s  <<< FAILURE!
org.opentest4j.AssertionFailedError: expected: not <null>
	at ed22_ud12_Ejercicio2_GeneradorIP.GeneradorTest.testIfIsNotNull(GeneradorTest.java:32)

testIfIsNotNull[921]  Time elapsed: 0.001 s  <<< FAILURE!
org.opentest4j.AssertionFailedError: expected: not <null>
	at ed22_ud12_Ejercicio2_GeneradorIP.GeneradorTest.testIfIsNotNull(GeneradorTest.java:32)

testIfIsNotNull[922]  Time elapsed: 0.001 s  <<< FAILURE!
org.opentest4j.AssertionFailedError: expected: not <null>
	at ed22_ud12_Ejercicio2_GeneradorIP.GeneradorTest.testIfIsNotNull(GeneradorTest.java:32)

testIfIsNotNull[923]  Time elapsed: 0.001 s  <<< FAILURE!
org.opentest4j.AssertionFailedError: expected: not <null>
	at ed22_ud12_Ejercicio2_GeneradorIP.GeneradorTest.testIfIsNotNull(GeneradorTest.java:32)

testIfIsNotNull[924]  Time elapsed: 0 s  <<< FAILURE!
org.opentest4j.AssertionFailedError: expected: not <null>
	at ed22_ud12_Ejercicio2_GeneradorIP.GeneradorTest.testIfIsNotNull(GeneradorTest.java:32)

testIfIsNotNull[925]  Time elapsed: 0 s  <<< FAILURE!
org.opentest4j.AssertionFailedError: expected: not <null>
	at ed22_ud12_Ejercicio2_GeneradorIP.GeneradorTest.testIfIsNotNull(GeneradorTest.java:32)

testIfIsNotNull[926]  Time elapsed: 0 s  <<< FAILURE!
org.opentest4j.AssertionFailedError: expected: not <null>
	at ed22_ud12_Ejercicio2_GeneradorIP.GeneradorTest.testIfIsNotNull(GeneradorTest.java:32)

testIfIsNotNull[927]  Time elapsed: 0 s  <<< FAILURE!
org.opentest4j.AssertionFailedError: expected: not <null>
	at ed22_ud12_Ejercicio2_GeneradorIP.GeneradorTest.testIfIsNotNull(GeneradorTest.java:32)

testIfIsNotNull[928]  Time elapsed: 0 s  <<< FAILURE!
org.opentest4j.AssertionFailedError: expected: not <null>
	at ed22_ud12_Ejercicio2_GeneradorIP.GeneradorTest.testIfIsNotNull(GeneradorTest.java:32)

testIfIsNotNull[929]  Time elapsed: 0.001 s  <<< FAILURE!
org.opentest4j.AssertionFailedError: expected: not <null>
	at ed22_ud12_Ejercicio2_GeneradorIP.GeneradorTest.testIfIsNotNull(GeneradorTest.java:32)

testIfIsNotNull[930]  Time elapsed: 0.001 s  <<< FAILURE!
org.opentest4j.AssertionFailedError: expected: not <null>
	at ed22_ud12_Ejercicio2_GeneradorIP.GeneradorTest.testIfIsNotNull(GeneradorTest.java:32)

testIfIsNotNull[931]  Time elapsed: 0.001 s  <<< FAILURE!
org.opentest4j.AssertionFailedError: expected: not <null>
	at ed22_ud12_Ejercicio2_GeneradorIP.GeneradorTest.testIfIsNotNull(GeneradorTest.java:32)

testIfIsNotNull[932]  Time elapsed: 0.001 s  <<< FAILURE!
org.opentest4j.AssertionFailedError: expected: not <null>
	at ed22_ud12_Ejercicio2_GeneradorIP.GeneradorTest.testIfIsNotNull(GeneradorTest.java:32)

testIfIsNotNull[933]  Time elapsed: 0.002 s  <<< FAILURE!
org.opentest4j.AssertionFailedError: expected: not <null>
	at ed22_ud12_Ejercicio2_GeneradorIP.GeneradorTest.testIfIsNotNull(GeneradorTest.java:32)

testIfIsNotNull[934]  Time elapsed: 0.003 s  <<< FAILURE!
org.opentest4j.AssertionFailedError: expected: not <null>
	at ed22_ud12_Ejercicio2_GeneradorIP.GeneradorTest.testIfIsNotNull(GeneradorTest.java:32)

testIfIsNotNull[935]  Time elapsed: 0 s  <<< FAILURE!
org.opentest4j.AssertionFailedError: expected: not <null>
	at ed22_ud12_Ejercicio2_GeneradorIP.GeneradorTest.testIfIsNotNull(GeneradorTest.java:32)

testIfIsNotNull[936]  Time elapsed: 0 s  <<< FAILURE!
org.opentest4j.AssertionFailedError: expected: not <null>
	at ed22_ud12_Ejercicio2_GeneradorIP.GeneradorTest.testIfIsNotNull(GeneradorTest.java:32)

testIfIsNotNull[937]  Time elapsed: 0 s  <<< FAILURE!
org.opentest4j.AssertionFailedError: expected: not <null>
	at ed22_ud12_Ejercicio2_GeneradorIP.GeneradorTest.testIfIsNotNull(GeneradorTest.java:32)

testIfIsNotNull[938]  Time elapsed: 0 s  <<< FAILURE!
org.opentest4j.AssertionFailedError: expected: not <null>
	at ed22_ud12_Ejercicio2_GeneradorIP.GeneradorTest.testIfIsNotNull(GeneradorTest.java:32)

testIfIsNotNull[939]  Time elapsed: 0 s  <<< FAILURE!
org.opentest4j.AssertionFailedError: expected: not <null>
	at ed22_ud12_Ejercicio2_GeneradorIP.GeneradorTest.testIfIsNotNull(GeneradorTest.java:32)

testIfIsNotNull[940]  Time elapsed: 0 s  <<< FAILURE!
org.opentest4j.AssertionFailedError: expected: not <null>
	at ed22_ud12_Ejercicio2_GeneradorIP.GeneradorTest.testIfIsNotNull(GeneradorTest.java:32)

testIfIsNotNull[941]  Time elapsed: 0.001 s  <<< FAILURE!
org.opentest4j.AssertionFailedError: expected: not <null>
	at ed22_ud12_Ejercicio2_GeneradorIP.GeneradorTest.testIfIsNotNull(GeneradorTest.java:32)

testIfIsNotNull[942]  Time elapsed: 0.001 s  <<< FAILURE!
org.opentest4j.AssertionFailedError: expected: not <null>
	at ed22_ud12_Ejercicio2_GeneradorIP.GeneradorTest.testIfIsNotNull(GeneradorTest.java:32)

testIfIsNotNull[943]  Time elapsed: 0.001 s  <<< FAILURE!
org.opentest4j.AssertionFailedError: expected: not <null>
	at ed22_ud12_Ejercicio2_GeneradorIP.GeneradorTest.testIfIsNotNull(GeneradorTest.java:32)

testIfIsNotNull[944]  Time elapsed: 0.001 s  <<< FAILURE!
org.opentest4j.AssertionFailedError: expected: not <null>
	at ed22_ud12_Ejercicio2_GeneradorIP.GeneradorTest.testIfIsNotNull(GeneradorTest.java:32)

testIfIsNotNull[945]  Time elapsed: 0.001 s  <<< FAILURE!
org.opentest4j.AssertionFailedError: expected: not <null>
	at ed22_ud12_Ejercicio2_GeneradorIP.GeneradorTest.testIfIsNotNull(GeneradorTest.java:32)

testIfIsNotNull[946]  Time elapsed: 0 s  <<< FAILURE!
org.opentest4j.AssertionFailedError: expected: not <null>
	at ed22_ud12_Ejercicio2_GeneradorIP.GeneradorTest.testIfIsNotNull(GeneradorTest.java:32)

testIfIsNotNull[947]  Time elapsed: 0.001 s  <<< FAILURE!
org.opentest4j.AssertionFailedError: expected: not <null>
	at ed22_ud12_Ejercicio2_GeneradorIP.GeneradorTest.testIfIsNotNull(GeneradorTest.java:32)

testIfIsNotNull[948]  Time elapsed: 0 s  <<< FAILURE!
org.opentest4j.AssertionFailedError: expected: not <null>
	at ed22_ud12_Ejercicio2_GeneradorIP.GeneradorTest.testIfIsNotNull(GeneradorTest.java:32)

testIfIsNotNull[949]  Time elapsed: 0 s  <<< FAILURE!
org.opentest4j.AssertionFailedError: expected: not <null>
	at ed22_ud12_Ejercicio2_GeneradorIP.GeneradorTest.testIfIsNotNull(GeneradorTest.java:32)

testIfIsNotNull[950]  Time elapsed: 0 s  <<< FAILURE!
org.opentest4j.AssertionFailedError: expected: not <null>
	at ed22_ud12_Ejercicio2_GeneradorIP.GeneradorTest.testIfIsNotNull(GeneradorTest.java:32)

testIfIsNotNull[951]  Time elapsed: 0.001 s  <<< FAILURE!
org.opentest4j.AssertionFailedError: expected: not <null>
	at ed22_ud12_Ejercicio2_GeneradorIP.GeneradorTest.testIfIsNotNull(GeneradorTest.java:32)

testIfIsNotNull[952]  Time elapsed: 0.004 s  <<< FAILURE!
org.opentest4j.AssertionFailedError: expected: not <null>
	at ed22_ud12_Ejercicio2_GeneradorIP.GeneradorTest.testIfIsNotNull(GeneradorTest.java:32)

testIfIsNotNull[953]  Time elapsed: 0 s  <<< FAILURE!
org.opentest4j.AssertionFailedError: expected: not <null>
	at ed22_ud12_Ejercicio2_GeneradorIP.GeneradorTest.testIfIsNotNull(GeneradorTest.java:32)

testIfIsNotNull[954]  Time elapsed: 0 s  <<< FAILURE!
org.opentest4j.AssertionFailedError: expected: not <null>
	at ed22_ud12_Ejercicio2_GeneradorIP.GeneradorTest.testIfIsNotNull(GeneradorTest.java:32)

testIfIsNotNull[955]  Time elapsed: 0 s  <<< FAILURE!
org.opentest4j.AssertionFailedError: expected: not <null>
	at ed22_ud12_Ejercicio2_GeneradorIP.GeneradorTest.testIfIsNotNull(GeneradorTest.java:32)

testIfIsNotNull[956]  Time elapsed: 0 s  <<< FAILURE!
org.opentest4j.AssertionFailedError: expected: not <null>
	at ed22_ud12_Ejercicio2_GeneradorIP.GeneradorTest.testIfIsNotNull(GeneradorTest.java:32)

testIfIsNotNull[957]  Time elapsed: 0 s  <<< FAILURE!
org.opentest4j.AssertionFailedError: expected: not <null>
	at ed22_ud12_Ejercicio2_GeneradorIP.GeneradorTest.testIfIsNotNull(GeneradorTest.java:32)

testIfIsNotNull[958]  Time elapsed: 0 s  <<< FAILURE!
org.opentest4j.AssertionFailedError: expected: not <null>
	at ed22_ud12_Ejercicio2_GeneradorIP.GeneradorTest.testIfIsNotNull(GeneradorTest.java:32)

testIfIsNotNull[959]  Time elapsed: 0 s  <<< FAILURE!
org.opentest4j.AssertionFailedError: expected: not <null>
	at ed22_ud12_Ejercicio2_GeneradorIP.GeneradorTest.testIfIsNotNull(GeneradorTest.java:32)

testIfIsNotNull[960]  Time elapsed: 0 s  <<< FAILURE!
org.opentest4j.AssertionFailedError: expected: not <null>
	at ed22_ud12_Ejercicio2_GeneradorIP.GeneradorTest.testIfIsNotNull(GeneradorTest.java:32)

testIfIsNotNull[961]  Time elapsed: 0.001 s  <<< FAILURE!
org.opentest4j.AssertionFailedError: expected: not <null>
	at ed22_ud12_Ejercicio2_GeneradorIP.GeneradorTest.testIfIsNotNull(GeneradorTest.java:32)

testIfIsNotNull[962]  Time elapsed: 0.001 s  <<< FAILURE!
org.opentest4j.AssertionFailedError: expected: not <null>
	at ed22_ud12_Ejercicio2_GeneradorIP.GeneradorTest.testIfIsNotNull(GeneradorTest.java:32)

testIfIsNotNull[963]  Time elapsed: 0.001 s  <<< FAILURE!
org.opentest4j.AssertionFailedError: expected: not <null>
	at ed22_ud12_Ejercicio2_GeneradorIP.GeneradorTest.testIfIsNotNull(GeneradorTest.java:32)

testIfIsNotNull[964]  Time elapsed: 0 s  <<< FAILURE!
org.opentest4j.AssertionFailedError: expected: not <null>
	at ed22_ud12_Ejercicio2_GeneradorIP.GeneradorTest.testIfIsNotNull(GeneradorTest.java:32)

testIfIsNotNull[965]  Time elapsed: 0 s  <<< FAILURE!
org.opentest4j.AssertionFailedError: expected: not <null>
	at ed22_ud12_Ejercicio2_GeneradorIP.GeneradorTest.testIfIsNotNull(GeneradorTest.java:32)

testIfIsNotNull[966]  Time elapsed: 0 s  <<< FAILURE!
org.opentest4j.AssertionFailedError: expected: not <null>
	at ed22_ud12_Ejercicio2_GeneradorIP.GeneradorTest.testIfIsNotNull(GeneradorTest.java:32)

testIfIsNotNull[967]  Time elapsed: 0 s  <<< FAILURE!
org.opentest4j.AssertionFailedError: expected: not <null>
	at ed22_ud12_Ejercicio2_GeneradorIP.GeneradorTest.testIfIsNotNull(GeneradorTest.java:32)

testIfIsNotNull[968]  Time elapsed: 0.001 s  <<< FAILURE!
org.opentest4j.AssertionFailedError: expected: not <null>
	at ed22_ud12_Ejercicio2_GeneradorIP.GeneradorTest.testIfIsNotNull(GeneradorTest.java:32)

testIfIsNotNull[969]  Time elapsed: 0.001 s  <<< FAILURE!
org.opentest4j.AssertionFailedError: expected: not <null>
	at ed22_ud12_Ejercicio2_GeneradorIP.GeneradorTest.testIfIsNotNull(GeneradorTest.java:32)

testIfIsNotNull[970]  Time elapsed: 0.001 s  <<< FAILURE!
org.opentest4j.AssertionFailedError: expected: not <null>
	at ed22_ud12_Ejercicio2_GeneradorIP.GeneradorTest.testIfIsNotNull(GeneradorTest.java:32)

testIfIsNotNull[971]  Time elapsed: 0.001 s  <<< FAILURE!
org.opentest4j.AssertionFailedError: expected: not <null>
	at ed22_ud12_Ejercicio2_GeneradorIP.GeneradorTest.testIfIsNotNull(GeneradorTest.java:32)

testIfIsNotNull[972]  Time elapsed: 0.001 s  <<< FAILURE!
org.opentest4j.AssertionFailedError: expected: not <null>
	at ed22_ud12_Ejercicio2_GeneradorIP.GeneradorTest.testIfIsNotNull(GeneradorTest.java:32)

testIfIsNotNull[973]  Time elapsed: 0 s  <<< FAILURE!
org.opentest4j.AssertionFailedError: expected: not <null>
	at ed22_ud12_Ejercicio2_GeneradorIP.GeneradorTest.testIfIsNotNull(GeneradorTest.java:32)

testIfIsNotNull[974]  Time elapsed: 0 s  <<< FAILURE!
org.opentest4j.AssertionFailedError: expected: not <null>
	at ed22_ud12_Ejercicio2_GeneradorIP.GeneradorTest.testIfIsNotNull(GeneradorTest.java:32)

testIfIsNotNull[975]  Time elapsed: 0 s  <<< FAILURE!
org.opentest4j.AssertionFailedError: expected: not <null>
	at ed22_ud12_Ejercicio2_GeneradorIP.GeneradorTest.testIfIsNotNull(GeneradorTest.java:32)

testIfIsNotNull[976]  Time elapsed: 0.001 s  <<< FAILURE!
org.opentest4j.AssertionFailedError: expected: not <null>
	at ed22_ud12_Ejercicio2_GeneradorIP.GeneradorTest.testIfIsNotNull(GeneradorTest.java:32)

testIfIsNotNull[977]  Time elapsed: 0 s  <<< FAILURE!
org.opentest4j.AssertionFailedError: expected: not <null>
	at ed22_ud12_Ejercicio2_GeneradorIP.GeneradorTest.testIfIsNotNull(GeneradorTest.java:32)

testIfIsNotNull[978]  Time elapsed: 0.001 s  <<< FAILURE!
org.opentest4j.AssertionFailedError: expected: not <null>
	at ed22_ud12_Ejercicio2_GeneradorIP.GeneradorTest.testIfIsNotNull(GeneradorTest.java:32)

testIfIsNotNull[979]  Time elapsed: 0.001 s  <<< FAILURE!
org.opentest4j.AssertionFailedError: expected: not <null>
	at ed22_ud12_Ejercicio2_GeneradorIP.GeneradorTest.testIfIsNotNull(GeneradorTest.java:32)

testIfIsNotNull[980]  Time elapsed: 0.001 s  <<< FAILURE!
org.opentest4j.AssertionFailedError: expected: not <null>
	at ed22_ud12_Ejercicio2_GeneradorIP.GeneradorTest.testIfIsNotNull(GeneradorTest.java:32)

testIfIsNotNull[981]  Time elapsed: 0.001 s  <<< FAILURE!
org.opentest4j.AssertionFailedError: expected: not <null>
	at ed22_ud12_Ejercicio2_GeneradorIP.GeneradorTest.testIfIsNotNull(GeneradorTest.java:32)

testIfIsNotNull[982]  Time elapsed: 0 s  <<< FAILURE!
org.opentest4j.AssertionFailedError: expected: not <null>
	at ed22_ud12_Ejercicio2_GeneradorIP.GeneradorTest.testIfIsNotNull(GeneradorTest.java:32)

testIfIsNotNull[983]  Time elapsed: 0 s  <<< FAILURE!
org.opentest4j.AssertionFailedError: expected: not <null>
	at ed22_ud12_Ejercicio2_GeneradorIP.GeneradorTest.testIfIsNotNull(GeneradorTest.java:32)

testIfIsNotNull[984]  Time elapsed: 0 s  <<< FAILURE!
org.opentest4j.AssertionFailedError: expected: not <null>
	at ed22_ud12_Ejercicio2_GeneradorIP.GeneradorTest.testIfIsNotNull(GeneradorTest.java:32)

testIfIsNotNull[985]  Time elapsed: 0 s  <<< FAILURE!
org.opentest4j.AssertionFailedError: expected: not <null>
	at ed22_ud12_Ejercicio2_GeneradorIP.GeneradorTest.testIfIsNotNull(GeneradorTest.java:32)

testIfIsNotNull[986]  Time elapsed: 0 s  <<< FAILURE!
org.opentest4j.AssertionFailedError: expected: not <null>
	at ed22_ud12_Ejercicio2_GeneradorIP.GeneradorTest.testIfIsNotNull(GeneradorTest.java:32)

testIfIsNotNull[987]  Time elapsed: 0 s  <<< FAILURE!
org.opentest4j.AssertionFailedError: expected: not <null>
	at ed22_ud12_Ejercicio2_GeneradorIP.GeneradorTest.testIfIsNotNull(GeneradorTest.java:32)

testIfIsNotNull[988]  Time elapsed: 0 s  <<< FAILURE!
org.opentest4j.AssertionFailedError: expected: not <null>
	at ed22_ud12_Ejercicio2_GeneradorIP.GeneradorTest.testIfIsNotNull(GeneradorTest.java:32)

testIfIsNotNull[989]  Time elapsed: 0 s  <<< FAILURE!
org.opentest4j.AssertionFailedError: expected: not <null>
	at ed22_ud12_Ejercicio2_GeneradorIP.GeneradorTest.testIfIsNotNull(GeneradorTest.java:32)

testIfIsNotNull[990]  Time elapsed: 0 s  <<< FAILURE!
org.opentest4j.AssertionFailedError: expected: not <null>
	at ed22_ud12_Ejercicio2_GeneradorIP.GeneradorTest.testIfIsNotNull(GeneradorTest.java:32)

testIfIsNotNull[991]  Time elapsed: 0 s  <<< FAILURE!
org.opentest4j.AssertionFailedError: expected: not <null>
	at ed22_ud12_Ejercicio2_GeneradorIP.GeneradorTest.testIfIsNotNull(GeneradorTest.java:32)

testIfIsNotNull[992]  Time elapsed: 0 s  <<< FAILURE!
org.opentest4j.AssertionFailedError: expected: not <null>
	at ed22_ud12_Ejercicio2_GeneradorIP.GeneradorTest.testIfIsNotNull(GeneradorTest.java:32)

testIfIsNotNull[993]  Time elapsed: 0.001 s  <<< FAILURE!
org.opentest4j.AssertionFailedError: expected: not <null>
	at ed22_ud12_Ejercicio2_GeneradorIP.GeneradorTest.testIfIsNotNull(GeneradorTest.java:32)

testIfIsNotNull[994]  Time elapsed: 0.003 s  <<< FAILURE!
org.opentest4j.AssertionFailedError: expected: not <null>
	at ed22_ud12_Ejercicio2_GeneradorIP.GeneradorTest.testIfIsNotNull(GeneradorTest.java:32)

testIfIsNotNull[995]  Time elapsed: 0.001 s  <<< FAILURE!
org.opentest4j.AssertionFailedError: expected: not <null>
	at ed22_ud12_Ejercicio2_GeneradorIP.GeneradorTest.testIfIsNotNull(GeneradorTest.java:32)

testIfIsNotNull[996]  Time elapsed: 0 s  <<< FAILURE!
org.opentest4j.AssertionFailedError: expected: not <null>
	at ed22_ud12_Ejercicio2_GeneradorIP.GeneradorTest.testIfIsNotNull(GeneradorTest.java:32)

testIfIsNotNull[997]  Time elapsed: 0.001 s  <<< FAILURE!
org.opentest4j.AssertionFailedError: expected: not <null>
	at ed22_ud12_Ejercicio2_GeneradorIP.GeneradorTest.testIfIsNotNull(GeneradorTest.java:32)

testIfIsNotNull[998]  Time elapsed: 0.002 s  <<< FAILURE!
org.opentest4j.AssertionFailedError: expected: not <null>
	at ed22_ud12_Ejercicio2_GeneradorIP.GeneradorTest.testIfIsNotNull(GeneradorTest.java:32)

testIfIsNotNull[999]  Time elapsed: 0 s  <<< FAILURE!
org.opentest4j.AssertionFailedError: expected: not <null>
	at ed22_ud12_Ejercicio2_GeneradorIP.GeneradorTest.testIfIsNotNull(GeneradorTest.java:32)

testIfIsNotNull[1000]  Time elapsed: 0 s  <<< FAILURE!
org.opentest4j.AssertionFailedError: expected: not <null>
	at ed22_ud12_Ejercicio2_GeneradorIP.GeneradorTest.testIfIsNotNull(GeneradorTest.java:32)

testIfIsFalse  Time elapsed: 0.001 s  <<< ERROR!
java.lang.NullPointerException: Cannot invoke "ed22_ud12_Ejercicio2_GeneradorIP.Generador.setMin(int)" because "this.g1" is null
	at ed22_ud12_Ejercicio2_GeneradorIP.GeneradorTest.testIfIsFalse(GeneradorTest.java:50)

testIfIsTrue  Time elapsed: 0 s  <<< ERROR!
java.lang.NullPointerException: Cannot invoke "ed22_ud12_Ejercicio2_GeneradorIP.Generador.setMin(int)" because "this.g1" is null
	at ed22_ud12_Ejercicio2_GeneradorIP.GeneradorTest.testIfIsTrue(GeneradorTest.java:45)

