<?xml version="1.0" encoding="UTF-8"?>
<testsuite xmlns:xsi="http://www.w3.org/2001/XMLSchema-instance" xsi:noNamespaceSchemaLocation="https://maven.apache.org/surefire/maven-surefire-plugin/xsd/surefire-test-report.xsd" name="ed22_ud12_Ejercicio2_GeneradorIP.GeneradorIpTest" time="1.956" tests="2000" errors="0" skipped="0" failures="0">
  <properties>
[...]
</properties>
  <testcase name="generarNumero[1]" classname="ed22_ud12_Ejercicio2_GeneradorIP.GeneradorIpTest" time="0.011"/>
  <testcase name="generarNumero[2]" classname="ed22_ud12_Ejercicio2_GeneradorIP.GeneradorIpTest" time="0.001"/>
  <testcase name="generarNumero[3]" classname="ed22_ud12_Ejercicio2_GeneradorIP.GeneradorIpTest" time="0.001"/>
  <testcase name="generarNumero[4]" classname="ed22_ud12_Ejercicio2_GeneradorIP.GeneradorIpTest" time="0.001"/>
  <testcase name="generarNumero[5]" classname="ed22_ud12_Ejercicio2_GeneradorIP.GeneradorIpTest" time="0"/>
  <testcase name="generarNumero[6]" classname="ed22_ud12_Ejercicio2_GeneradorIP.GeneradorIpTest" time="0"/>
  <testcase name="generarNumero[7]" classname="ed22_ud12_Ejercicio2_GeneradorIP.GeneradorIpTest" time="0"/>
  <testcase name="generarNumero[8]" classname="ed22_ud12_Ejercicio2_GeneradorIP.GeneradorIpTest" time="0"/>
  <testcase name="generarNumero[9]" classname="ed22_ud12_Ejercicio2_GeneradorIP.GeneradorIpTest" time="0.001"/>
  <testcase name="generarNumero[10]" classname="ed22_ud12_Ejercicio2_GeneradorIP.GeneradorIpTest" time="0"/>
  <testcase name="generarNumero[11]" classname="ed22_ud12_Ejercicio2_GeneradorIP.GeneradorIpTest" time="0"/>
  <testcase name="generarNumero[12]" classname="ed22_ud12_Ejercicio2_GeneradorIP.GeneradorIpTest" time="0"/>
  <testcase name="generarNumero[13]" classname="ed22_ud12_Ejercicio2_GeneradorIP.GeneradorIpTest" time="0.001"/>
  <testcase name="generarNumero[14]" classname="ed22_ud12_Ejercicio2_GeneradorIP.GeneradorIpTest" time="0"/>
  <testcase name="generarNumero[15]" classname="ed22_ud12_Ejercicio2_GeneradorIP.GeneradorIpTest" time="0.001"/>
  <testcase name="generarNumero[16]" classname="ed22_ud12_Ejercicio2_GeneradorIP.GeneradorIpTest" time="0.002"/>
  <testcase name="generarNumero[17]" classname="ed22_ud12_Ejercicio2_GeneradorIP.GeneradorIpTest" time="0"/>
  <testcase name="generarNumero[18]" classname="ed22_ud12_Ejercicio2_GeneradorIP.GeneradorIpTest" time="0"/>
  <testcase name="generarNumero[19]" classname="ed22_ud12_Ejercicio2_GeneradorIP.GeneradorIpTest" time="0.001"/>
  <testcase name="generarNumero[20]" classname="ed22_ud12_Ejercicio2_GeneradorIP.GeneradorIpTest" time="0"/>
  <testcase name="generarNumero[21]" classname="ed22_ud12_Ejercicio2_GeneradorIP.GeneradorIpTest" time="0"/>
  <testcase name="generarNumero[22]" classname="ed22_ud12_Ejercicio2_GeneradorIP.GeneradorIpTest" time="0"/>
  <testcase name="generarNumero[23]" classname="ed22_ud12_Ejercicio2_GeneradorIP.GeneradorIpTest" time="0"/>
  <testcase name="generarNumero[24]" classname="ed22_ud12_Ejercicio2_GeneradorIP.GeneradorIpTest" time="0"/>
  <testcase name="generarNumero[25]" classname="ed22_ud12_Ejercicio2_GeneradorIP.GeneradorIpTest" time="0"/>
  <testcase name="generarNumero[26]" classname="ed22_ud12_Ejercicio2_GeneradorIP.GeneradorIpTest" time="0"/>
  <testcase name="generarNumero[27]" classname="ed22_ud12_Ejercicio2_GeneradorIP.GeneradorIpTest" time="0.001"/>
  <testcase name="generarNumero[28]" classname="ed22_ud12_Ejercicio2_GeneradorIP.GeneradorIpTest" time="0.001"/>
  <testcase name="generarNumero[29]" classname="ed22_ud12_Ejercicio2_GeneradorIP.GeneradorIpTest" time="0"/>
  <testcase name="generarNumero[30]" classname="ed22_ud12_Ejercicio2_GeneradorIP.GeneradorIpTest" time="0"/>
  <testcase name="generarNumero[31]" classname="ed22_ud12_Ejercicio2_GeneradorIP.GeneradorIpTest" time="0.001"/>
  <testcase name="generarNumero[32]" classname="ed22_ud12_Ejercicio2_GeneradorIP.GeneradorIpTest" time="0"/>
  <testcase name="generarNumero[33]" classname="ed22_ud12_Ejercicio2_GeneradorIP.GeneradorIpTest" time="0"/>
  <testcase name="generarNumero[34]" classname="ed22_ud12_Ejercicio2_GeneradorIP.GeneradorIpTest" time="0"/>
  <testcase name="generarNumero[35]" classname="ed22_ud12_Ejercicio2_GeneradorIP.GeneradorIpTest" time="0"/>
  <testcase name="generarNumero[36]" classname="ed22_ud12_Ejercicio2_GeneradorIP.GeneradorIpTest" time="0"/>
  <testcase name="generarNumero[37]" classname="ed22_ud12_Ejercicio2_GeneradorIP.GeneradorIpTest" time="0.001"/>
  <testcase name="generarNumero[38]" classname="ed22_ud12_Ejercicio2_GeneradorIP.GeneradorIpTest" time="0.001"/>
  <testcase name="generarNumero[39]" classname="ed22_ud12_Ejercicio2_GeneradorIP.GeneradorIpTest" time="0"/>
  <testcase name="generarNumero[40]" classname="ed22_ud12_Ejercicio2_GeneradorIP.GeneradorIpTest" time="0"/>
  <testcase name="generarNumero[41]" classname="ed22_ud12_Ejercicio2_GeneradorIP.GeneradorIpTest" time="0"/>
  <testcase name="generarNumero[42]" classname="ed22_ud12_Ejercicio2_GeneradorIP.GeneradorIpTest" time="0"/>
  <testcase name="generarNumero[43]" classname="ed22_ud12_Ejercicio2_GeneradorIP.GeneradorIpTest" time="0"/>
  <testcase name="generarNumero[44]" classname="ed22_ud12_Ejercicio2_GeneradorIP.GeneradorIpTest" time="0"/>
  <testcase name="generarNumero[45]" classname="ed22_ud12_Ejercicio2_GeneradorIP.GeneradorIpTest" time="0.001"/>
  <testcase name="generarNumero[46]" classname="ed22_ud12_Ejercicio2_GeneradorIP.GeneradorIpTest" time="0"/>
  <testcase name="generarNumero[47]" classname="ed22_ud12_Ejercicio2_GeneradorIP.GeneradorIpTest" time="0"/>
  <testcase name="generarNumero[48]" classname="ed22_ud12_Ejercicio2_GeneradorIP.GeneradorIpTest" time="0"/>
  <testcase name="generarNumero[49]" classname="ed22_ud12_Ejercicio2_GeneradorIP.GeneradorIpTest" time="0"/>
  <testcase name="generarNumero[50]" classname="ed22_ud12_Ejercicio2_GeneradorIP.GeneradorIpTest" time="0"/>
  <testcase name="generarNumero[51]" classname="ed22_ud12_Ejercicio2_GeneradorIP.GeneradorIpTest" time="0"/>
  <testcase name="generarNumero[52]" classname="ed22_ud12_Ejercicio2_GeneradorIP.GeneradorIpTest" time="0"/>
  <testcase name="generarNumero[53]" classname="ed22_ud12_Ejercicio2_GeneradorIP.GeneradorIpTest" time="0"/>
  <testcase name="generarNumero[54]" classname="ed22_ud12_Ejercicio2_GeneradorIP.GeneradorIpTest" time="0"/>
  <testcase name="generarNumero[55]" classname="ed22_ud12_Ejercicio2_GeneradorIP.GeneradorIpTest" time="0"/>
  <testcase name="generarNumero[56]" classname="ed22_ud12_Ejercicio2_GeneradorIP.GeneradorIpTest" time="0.001"/>
  <testcase name="generarNumero[57]" classname="ed22_ud12_Ejercicio2_GeneradorIP.GeneradorIpTest" time="0"/>
  <testcase name="generarNumero[58]" classname="ed22_ud12_Ejercicio2_GeneradorIP.GeneradorIpTest" time="0"/>
  <testcase name="generarNumero[59]" classname="ed22_ud12_Ejercicio2_GeneradorIP.GeneradorIpTest" time="0.001"/>
  <testcase name="generarNumero[60]" classname="ed22_ud12_Ejercicio2_GeneradorIP.GeneradorIpTest" time="0.001"/>
  <testcase name="generarNumero[61]" classname="ed22_ud12_Ejercicio2_GeneradorIP.GeneradorIpTest" time="0"/>
  <testcase name="generarNumero[62]" classname="ed22_ud12_Ejercicio2_GeneradorIP.GeneradorIpTest" time="0"/>
  <testcase name="generarNumero[63]" classname="ed22_ud12_Ejercicio2_GeneradorIP.GeneradorIpTest" time="0"/>
  <testcase name="generarNumero[64]" classname="ed22_ud12_Ejercicio2_GeneradorIP.GeneradorIpTest" time="0"/>
  <testcase name="generarNumero[65]" classname="ed22_ud12_Ejercicio2_GeneradorIP.GeneradorIpTest" time="0.001"/>
  <testcase name="generarNumero[66]" classname="ed22_ud12_Ejercicio2_GeneradorIP.GeneradorIpTest" time="0"/>
  <testcase name="generarNumero[67]" classname="ed22_ud12_Ejercicio2_GeneradorIP.GeneradorIpTest" time="0"/>
  <testcase name="generarNumero[68]" classname="ed22_ud12_Ejercicio2_GeneradorIP.GeneradorIpTest" time="0"/>
  <testcase name="generarNumero[69]" classname="ed22_ud12_Ejercicio2_GeneradorIP.GeneradorIpTest" time="0"/>
  <testcase name="generarNumero[70]" classname="ed22_ud12_Ejercicio2_GeneradorIP.GeneradorIpTest" time="0"/>
  <testcase name="generarNumero[71]" classname="ed22_ud12_Ejercicio2_GeneradorIP.GeneradorIpTest" time="0"/>
  <testcase name="generarNumero[72]" classname="ed22_ud12_Ejercicio2_GeneradorIP.GeneradorIpTest" time="0"/>
  <testcase name="generarNumero[73]" classname="ed22_ud12_Ejercicio2_GeneradorIP.GeneradorIpTest" time="0"/>
  <testcase name="generarNumero[74]" classname="ed22_ud12_Ejercicio2_GeneradorIP.GeneradorIpTest" time="0.001"/>
  <testcase name="generarNumero[75]" classname="ed22_ud12_Ejercicio2_GeneradorIP.GeneradorIpTest" time="0.001"/>
  <testcase name="generarNumero[76]" classname="ed22_ud12_Ejercicio2_GeneradorIP.GeneradorIpTest" time="0"/>
  <testcase name="generarNumero[77]" classname="ed22_ud12_Ejercicio2_GeneradorIP.GeneradorIpTest" time="0"/>
  <testcase name="generarNumero[78]" classname="ed22_ud12_Ejercicio2_GeneradorIP.GeneradorIpTest" time="0"/>
  <testcase name="generarNumero[79]" classname="ed22_ud12_Ejercicio2_GeneradorIP.GeneradorIpTest" time="0.001"/>
  <testcase name="generarNumero[80]" classname="ed22_ud12_Ejercicio2_GeneradorIP.GeneradorIpTest" time="0"/>
  <testcase name="generarNumero[81]" classname="ed22_ud12_Ejercicio2_GeneradorIP.GeneradorIpTest" time="0"/>
  <testcase name="generarNumero[82]" classname="ed22_ud12_Ejercicio2_GeneradorIP.GeneradorIpTest" time="0"/>
  <testcase name="generarNumero[83]" classname="ed22_ud12_Ejercicio2_GeneradorIP.GeneradorIpTest" time="0.001"/>
  <testcase name="generarNumero[84]" classname="ed22_ud12_Ejercicio2_GeneradorIP.GeneradorIpTest" time="0"/>
  <testcase name="generarNumero[85]" classname="ed22_ud12_Ejercicio2_GeneradorIP.GeneradorIpTest" time="0.001"/>
  <testcase name="generarNumero[86]" classname="ed22_ud12_Ejercicio2_GeneradorIP.GeneradorIpTest" time="0.001"/>
  <testcase name="generarNumero[87]" classname="ed22_ud12_Ejercicio2_GeneradorIP.GeneradorIpTest" time="0"/>
  <testcase name="generarNumero[88]" classname="ed22_ud12_Ejercicio2_GeneradorIP.GeneradorIpTest" time="0"/>
  <testcase name="generarNumero[89]" classname="ed22_ud12_Ejercicio2_GeneradorIP.GeneradorIpTest" time="0"/>
  <testcase name="generarNumero[90]" classname="ed22_ud12_Ejercicio2_GeneradorIP.GeneradorIpTest" time="0"/>
  <testcase name="generarNumero[91]" classname="ed22_ud12_Ejercicio2_GeneradorIP.GeneradorIpTest" time="0"/>
  <testcase name="generarNumero[92]" classname="ed22_ud12_Ejercicio2_GeneradorIP.GeneradorIpTest" time="0"/>
  <testcase name="generarNumero[93]" classname="ed22_ud12_Ejercicio2_GeneradorIP.GeneradorIpTest" time="0"/>
  <testcase name="generarNumero[94]" classname="ed22_ud12_Ejercicio2_GeneradorIP.GeneradorIpTest" time="0"/>
  <testcase name="generarNumero[95]" classname="ed22_ud12_Ejercicio2_GeneradorIP.GeneradorIpTest" time="0"/>
  <testcase name="generarNumero[96]" classname="ed22_ud12_Ejercicio2_GeneradorIP.GeneradorIpTest" time="0"/>
  <testcase name="generarNumero[97]" classname="ed22_ud12_Ejercicio2_GeneradorIP.GeneradorIpTest" time="0"/>
  <testcase name="generarNumero[98]" classname="ed22_ud12_Ejercicio2_GeneradorIP.GeneradorIpTest" time="0"/>
  <testcase name="generarNumero[99]" classname="ed22_ud12_Ejercicio2_GeneradorIP.GeneradorIpTest" time="0.001"/>
  <testcase name="generarNumero[100]" classname="ed22_ud12_Ejercicio2_GeneradorIP.GeneradorIpTest" time="0"/>
  <testcase name="generarNumero[101]" classname="ed22_ud12_Ejercicio2_GeneradorIP.GeneradorIpTest" time="0.002"/>
  <testcase name="generarNumero[102]" classname="ed22_ud12_Ejercicio2_GeneradorIP.GeneradorIpTest" time="0"/>
  <testcase name="generarNumero[103]" classname="ed22_ud12_Ejercicio2_GeneradorIP.GeneradorIpTest" time="0"/>
  <testcase name="generarNumero[104]" classname="ed22_ud12_Ejercicio2_GeneradorIP.GeneradorIpTest" time="0"/>
  <testcase name="generarNumero[105]" classname="ed22_ud12_Ejercicio2_GeneradorIP.GeneradorIpTest" time="0"/>
  <testcase name="generarNumero[106]" classname="ed22_ud12_Ejercicio2_GeneradorIP.GeneradorIpTest" time="0.001"/>
  <testcase name="generarNumero[107]" classname="ed22_ud12_Ejercicio2_GeneradorIP.GeneradorIpTest" time="0"/>
  <testcase name="generarNumero[108]" classname="ed22_ud12_Ejercicio2_GeneradorIP.GeneradorIpTest" time="0.001"/>
  <testcase name="generarNumero[109]" classname="ed22_ud12_Ejercicio2_GeneradorIP.GeneradorIpTest" time="0"/>
  <testcase name="generarNumero[110]" classname="ed22_ud12_Ejercicio2_GeneradorIP.GeneradorIpTest" time="0.001"/>
  <testcase name="generarNumero[111]" classname="ed22_ud12_Ejercicio2_GeneradorIP.GeneradorIpTest" time="0"/>
  <testcase name="generarNumero[112]" classname="ed22_ud12_Ejercicio2_GeneradorIP.GeneradorIpTest" time="0"/>
  <testcase name="generarNumero[113]" classname="ed22_ud12_Ejercicio2_GeneradorIP.GeneradorIpTest" time="0"/>
  <testcase name="generarNumero[114]" classname="ed22_ud12_Ejercicio2_GeneradorIP.GeneradorIpTest" time="0.001"/>
  <testcase name="generarNumero[115]" classname="ed22_ud12_Ejercicio2_GeneradorIP.GeneradorIpTest" time="0"/>
  <testcase name="generarNumero[116]" classname="ed22_ud12_Ejercicio2_GeneradorIP.GeneradorIpTest" time="0"/>
  <testcase name="generarNumero[117]" classname="ed22_ud12_Ejercicio2_GeneradorIP.GeneradorIpTest" time="0"/>
  <testcase name="generarNumero[118]" classname="ed22_ud12_Ejercicio2_GeneradorIP.GeneradorIpTest" time="0"/>
  <testcase name="generarNumero[119]" classname="ed22_ud12_Ejercicio2_GeneradorIP.GeneradorIpTest" time="0"/>
  <testcase name="generarNumero[120]" classname="ed22_ud12_Ejercicio2_GeneradorIP.GeneradorIpTest" time="0"/>
  <testcase name="generarNumero[121]" classname="ed22_ud12_Ejercicio2_GeneradorIP.GeneradorIpTest" time="0"/>
  <testcase name="generarNumero[122]" classname="ed22_ud12_Ejercicio2_GeneradorIP.GeneradorIpTest" time="0.001"/>
  <testcase name="generarNumero[123]" classname="ed22_ud12_Ejercicio2_GeneradorIP.GeneradorIpTest" time="0"/>
  <testcase name="generarNumero[124]" classname="ed22_ud12_Ejercicio2_GeneradorIP.GeneradorIpTest" time="0"/>
  <testcase name="generarNumero[125]" classname="ed22_ud12_Ejercicio2_GeneradorIP.GeneradorIpTest" time="0"/>
  <testcase name="generarNumero[126]" classname="ed22_ud12_Ejercicio2_GeneradorIP.GeneradorIpTest" time="0"/>
  <testcase name="generarNumero[127]" classname="ed22_ud12_Ejercicio2_GeneradorIP.GeneradorIpTest" time="0"/>
  <testcase name="generarNumero[128]" classname="ed22_ud12_Ejercicio2_GeneradorIP.GeneradorIpTest" time="0"/>
  <testcase name="generarNumero[129]" classname="ed22_ud12_Ejercicio2_GeneradorIP.GeneradorIpTest" time="0.001"/>
  <testcase name="generarNumero[130]" classname="ed22_ud12_Ejercicio2_GeneradorIP.GeneradorIpTest" time="0.001"/>
  <testcase name="generarNumero[131]" classname="ed22_ud12_Ejercicio2_GeneradorIP.GeneradorIpTest" time="0"/>
  <testcase name="generarNumero[132]" classname="ed22_ud12_Ejercicio2_GeneradorIP.GeneradorIpTest" time="0"/>
  <testcase name="generarNumero[133]" classname="ed22_ud12_Ejercicio2_GeneradorIP.GeneradorIpTest" time="0"/>
  <testcase name="generarNumero[134]" classname="ed22_ud12_Ejercicio2_GeneradorIP.GeneradorIpTest" time="0"/>
  <testcase name="generarNumero[135]" classname="ed22_ud12_Ejercicio2_GeneradorIP.GeneradorIpTest" time="0"/>
  <testcase name="generarNumero[136]" classname="ed22_ud12_Ejercicio2_GeneradorIP.GeneradorIpTest" time="0"/>
  <testcase name="generarNumero[137]" classname="ed22_ud12_Ejercicio2_GeneradorIP.GeneradorIpTest" time="0.001"/>
  <testcase name="generarNumero[138]" classname="ed22_ud12_Ejercicio2_GeneradorIP.GeneradorIpTest" time="0.001"/>
  <testcase name="generarNumero[139]" classname="ed22_ud12_Ejercicio2_GeneradorIP.GeneradorIpTest" time="0.001"/>
  <testcase name="generarNumero[140]" classname="ed22_ud12_Ejercicio2_GeneradorIP.GeneradorIpTest" time="0.001"/>
  <testcase name="generarNumero[141]" classname="ed22_ud12_Ejercicio2_GeneradorIP.GeneradorIpTest" time="0.001"/>
  <testcase name="generarNumero[142]" classname="ed22_ud12_Ejercicio2_GeneradorIP.GeneradorIpTest" time="0.001"/>
  <testcase name="generarNumero[143]" classname="ed22_ud12_Ejercicio2_GeneradorIP.GeneradorIpTest" time="0"/>
  <testcase name="generarNumero[144]" classname="ed22_ud12_Ejercicio2_GeneradorIP.GeneradorIpTest" time="0"/>
  <testcase name="generarNumero[145]" classname="ed22_ud12_Ejercicio2_GeneradorIP.GeneradorIpTest" time="0"/>
  <testcase name="generarNumero[146]" classname="ed22_ud12_Ejercicio2_GeneradorIP.GeneradorIpTest" time="0"/>
  <testcase name="generarNumero[147]" classname="ed22_ud12_Ejercicio2_GeneradorIP.GeneradorIpTest" time="0"/>
  <testcase name="generarNumero[148]" classname="ed22_ud12_Ejercicio2_GeneradorIP.GeneradorIpTest" time="0"/>
  <testcase name="generarNumero[149]" classname="ed22_ud12_Ejercicio2_GeneradorIP.GeneradorIpTest" time="0"/>
  <testcase name="generarNumero[150]" classname="ed22_ud12_Ejercicio2_GeneradorIP.GeneradorIpTest" time="0"/>
  <testcase name="generarNumero[151]" classname="ed22_ud12_Ejercicio2_GeneradorIP.GeneradorIpTest" time="0"/>
  <testcase name="generarNumero[152]" classname="ed22_ud12_Ejercicio2_GeneradorIP.GeneradorIpTest" time="0"/>
  <testcase name="generarNumero[153]" classname="ed22_ud12_Ejercicio2_GeneradorIP.GeneradorIpTest" time="0"/>
  <testcase name="generarNumero[154]" classname="ed22_ud12_Ejercicio2_GeneradorIP.GeneradorIpTest" time="0"/>
  <testcase name="generarNumero[155]" classname="ed22_ud12_Ejercicio2_GeneradorIP.GeneradorIpTest" time="0"/>
  <testcase name="generarNumero[156]" classname="ed22_ud12_Ejercicio2_GeneradorIP.GeneradorIpTest" time="0"/>
  <testcase name="generarNumero[157]" classname="ed22_ud12_Ejercicio2_GeneradorIP.GeneradorIpTest" time="0"/>
  <testcase name="generarNumero[158]" classname="ed22_ud12_Ejercicio2_GeneradorIP.GeneradorIpTest" time="0"/>
  <testcase name="generarNumero[159]" classname="ed22_ud12_Ejercicio2_GeneradorIP.GeneradorIpTest" time="0"/>
  <testcase name="generarNumero[160]" classname="ed22_ud12_Ejercicio2_GeneradorIP.GeneradorIpTest" time="0"/>
  <testcase name="generarNumero[161]" classname="ed22_ud12_Ejercicio2_GeneradorIP.GeneradorIpTest" time="0"/>
  <testcase name="generarNumero[162]" classname="ed22_ud12_Ejercicio2_GeneradorIP.GeneradorIpTest" time="0"/>
  <testcase name="generarNumero[163]" classname="ed22_ud12_Ejercicio2_GeneradorIP.GeneradorIpTest" time="0"/>
  <testcase name="generarNumero[164]" classname="ed22_ud12_Ejercicio2_GeneradorIP.GeneradorIpTest" time="0"/>
  <testcase name="generarNumero[165]" classname="ed22_ud12_Ejercicio2_GeneradorIP.GeneradorIpTest" time="0"/>
  <testcase name="generarNumero[166]" classname="ed22_ud12_Ejercicio2_GeneradorIP.GeneradorIpTest" time="0.001"/>
  <testcase name="generarNumero[167]" classname="ed22_ud12_Ejercicio2_GeneradorIP.GeneradorIpTest" time="0.001"/>
  <testcase name="generarNumero[168]" classname="ed22_ud12_Ejercicio2_GeneradorIP.GeneradorIpTest" time="0"/>
  <testcase name="generarNumero[169]" classname="ed22_ud12_Ejercicio2_GeneradorIP.GeneradorIpTest" time="0"/>
  <testcase name="generarNumero[170]" classname="ed22_ud12_Ejercicio2_GeneradorIP.GeneradorIpTest" time="0"/>
  <testcase name="generarNumero[171]" classname="ed22_ud12_Ejercicio2_GeneradorIP.GeneradorIpTest" time="0.001"/>
  <testcase name="generarNumero[172]" classname="ed22_ud12_Ejercicio2_GeneradorIP.GeneradorIpTest" time="0.001"/>
  <testcase name="generarNumero[173]" classname="ed22_ud12_Ejercicio2_GeneradorIP.GeneradorIpTest" time="0"/>
  <testcase name="generarNumero[174]" classname="ed22_ud12_Ejercicio2_GeneradorIP.GeneradorIpTest" time="0"/>
  <testcase name="generarNumero[175]" classname="ed22_ud12_Ejercicio2_GeneradorIP.GeneradorIpTest" time="0"/>
  <testcase name="generarNumero[176]" classname="ed22_ud12_Ejercicio2_GeneradorIP.GeneradorIpTest" time="0"/>
  <testcase name="generarNumero[177]" classname="ed22_ud12_Ejercicio2_GeneradorIP.GeneradorIpTest" time="0"/>
  <testcase name="generarNumero[178]" classname="ed22_ud12_Ejercicio2_GeneradorIP.GeneradorIpTest" time="0"/>
  <testcase name="generarNumero[179]" classname="ed22_ud12_Ejercicio2_GeneradorIP.GeneradorIpTest" time="0"/>
  <testcase name="generarNumero[180]" classname="ed22_ud12_Ejercicio2_GeneradorIP.GeneradorIpTest" time="0.001"/>
  <testcase name="generarNumero[181]" classname="ed22_ud12_Ejercicio2_GeneradorIP.GeneradorIpTest" time="0"/>
  <testcase name="generarNumero[182]" classname="ed22_ud12_Ejercicio2_GeneradorIP.GeneradorIpTest" time="0"/>
  <testcase name="generarNumero[183]" classname="ed22_ud12_Ejercicio2_GeneradorIP.GeneradorIpTest" time="0.001"/>
  <testcase name="generarNumero[184]" classname="ed22_ud12_Ejercicio2_GeneradorIP.GeneradorIpTest" time="0"/>
  <testcase name="generarNumero[185]" classname="ed22_ud12_Ejercicio2_GeneradorIP.GeneradorIpTest" time="0.001"/>
  <testcase name="generarNumero[186]" classname="ed22_ud12_Ejercicio2_GeneradorIP.GeneradorIpTest" time="0"/>
  <testcase name="generarNumero[187]" classname="ed22_ud12_Ejercicio2_GeneradorIP.GeneradorIpTest" time="0.001"/>
  <testcase name="generarNumero[188]" classname="ed22_ud12_Ejercicio2_GeneradorIP.GeneradorIpTest" time="0"/>
  <testcase name="generarNumero[189]" classname="ed22_ud12_Ejercicio2_GeneradorIP.GeneradorIpTest" time="0"/>
  <testcase name="generarNumero[190]" classname="ed22_ud12_Ejercicio2_GeneradorIP.GeneradorIpTest" time="0.001"/>
  <testcase name="generarNumero[191]" classname="ed22_ud12_Ejercicio2_GeneradorIP.GeneradorIpTest" time="0.001"/>
  <testcase name="generarNumero[192]" classname="ed22_ud12_Ejercicio2_GeneradorIP.GeneradorIpTest" time="0.001"/>
  <testcase name="generarNumero[193]" classname="ed22_ud12_Ejercicio2_GeneradorIP.GeneradorIpTest" time="0.001"/>
  <testcase name="generarNumero[194]" classname="ed22_ud12_Ejercicio2_GeneradorIP.GeneradorIpTest" time="0"/>
  <testcase name="generarNumero[195]" classname="ed22_ud12_Ejercicio2_GeneradorIP.GeneradorIpTest" time="0.001"/>
  <testcase name="generarNumero[196]" classname="ed22_ud12_Ejercicio2_GeneradorIP.GeneradorIpTest" time="0"/>
  <testcase name="generarNumero[197]" classname="ed22_ud12_Ejercicio2_GeneradorIP.GeneradorIpTest" time="0"/>
  <testcase name="generarNumero[198]" classname="ed22_ud12_Ejercicio2_GeneradorIP.GeneradorIpTest" time="0"/>
  <testcase name="generarNumero[199]" classname="ed22_ud12_Ejercicio2_GeneradorIP.GeneradorIpTest" time="0"/>
  <testcase name="generarNumero[200]" classname="ed22_ud12_Ejercicio2_GeneradorIP.GeneradorIpTest" time="0"/>
  <testcase name="generarNumero[201]" classname="ed22_ud12_Ejercicio2_GeneradorIP.GeneradorIpTest" time="0"/>
  <testcase name="generarNumero[202]" classname="ed22_ud12_Ejercicio2_GeneradorIP.GeneradorIpTest" time="0"/>
  <testcase name="generarNumero[203]" classname="ed22_ud12_Ejercicio2_GeneradorIP.GeneradorIpTest" time="0"/>
  <testcase name="generarNumero[204]" classname="ed22_ud12_Ejercicio2_GeneradorIP.GeneradorIpTest" time="0.001"/>
  <testcase name="generarNumero[205]" classname="ed22_ud12_Ejercicio2_GeneradorIP.GeneradorIpTest" time="0"/>
  <testcase name="generarNumero[206]" classname="ed22_ud12_Ejercicio2_GeneradorIP.GeneradorIpTest" time="0.001"/>
  <testcase name="generarNumero[207]" classname="ed22_ud12_Ejercicio2_GeneradorIP.GeneradorIpTest" time="0"/>
  <testcase name="generarNumero[208]" classname="ed22_ud12_Ejercicio2_GeneradorIP.GeneradorIpTest" time="0"/>
  <testcase name="generarNumero[209]" classname="ed22_ud12_Ejercicio2_GeneradorIP.GeneradorIpTest" time="0.001"/>
  <testcase name="generarNumero[210]" classname="ed22_ud12_Ejercicio2_GeneradorIP.GeneradorIpTest" time="0"/>
  <testcase name="generarNumero[211]" classname="ed22_ud12_Ejercicio2_GeneradorIP.GeneradorIpTest" time="0"/>
  <testcase name="generarNumero[212]" classname="ed22_ud12_Ejercicio2_GeneradorIP.GeneradorIpTest" time="0.001"/>
  <testcase name="generarNumero[213]" classname="ed22_ud12_Ejercicio2_GeneradorIP.GeneradorIpTest" time="0"/>
  <testcase name="generarNumero[214]" classname="ed22_ud12_Ejercicio2_GeneradorIP.GeneradorIpTest" time="0"/>
  <testcase name="generarNumero[215]" classname="ed22_ud12_Ejercicio2_GeneradorIP.GeneradorIpTest" time="0"/>
  <testcase name="generarNumero[216]" classname="ed22_ud12_Ejercicio2_GeneradorIP.GeneradorIpTest" time="0"/>
  <testcase name="generarNumero[217]" classname="ed22_ud12_Ejercicio2_GeneradorIP.GeneradorIpTest" time="0.001"/>
  <testcase name="generarNumero[218]" classname="ed22_ud12_Ejercicio2_GeneradorIP.GeneradorIpTest" time="0"/>
  <testcase name="generarNumero[219]" classname="ed22_ud12_Ejercicio2_GeneradorIP.GeneradorIpTest" time="0"/>
  <testcase name="generarNumero[220]" classname="ed22_ud12_Ejercicio2_GeneradorIP.GeneradorIpTest" time="0"/>
  <testcase name="generarNumero[221]" classname="ed22_ud12_Ejercicio2_GeneradorIP.GeneradorIpTest" time="0"/>
  <testcase name="generarNumero[222]" classname="ed22_ud12_Ejercicio2_GeneradorIP.GeneradorIpTest" time="0"/>
  <testcase name="generarNumero[223]" classname="ed22_ud12_Ejercicio2_GeneradorIP.GeneradorIpTest" time="0"/>
  <testcase name="generarNumero[224]" classname="ed22_ud12_Ejercicio2_GeneradorIP.GeneradorIpTest" time="0"/>
  <testcase name="generarNumero[225]" classname="ed22_ud12_Ejercicio2_GeneradorIP.GeneradorIpTest" time="0"/>
  <testcase name="generarNumero[226]" classname="ed22_ud12_Ejercicio2_GeneradorIP.GeneradorIpTest" time="0"/>
  <testcase name="generarNumero[227]" classname="ed22_ud12_Ejercicio2_GeneradorIP.GeneradorIpTest" time="0"/>
  <testcase name="generarNumero[228]" classname="ed22_ud12_Ejercicio2_GeneradorIP.GeneradorIpTest" time="0"/>
  <testcase name="generarNumero[229]" classname="ed22_ud12_Ejercicio2_GeneradorIP.GeneradorIpTest" time="0"/>
  <testcase name="generarNumero[230]" classname="ed22_ud12_Ejercicio2_GeneradorIP.GeneradorIpTest" time="0.002"/>
  <testcase name="generarNumero[231]" classname="ed22_ud12_Ejercicio2_GeneradorIP.GeneradorIpTest" time="0"/>
  <testcase name="generarNumero[232]" classname="ed22_ud12_Ejercicio2_GeneradorIP.GeneradorIpTest" time="0"/>
  <testcase name="generarNumero[233]" classname="ed22_ud12_Ejercicio2_GeneradorIP.GeneradorIpTest" time="0"/>
  <testcase name="generarNumero[234]" classname="ed22_ud12_Ejercicio2_GeneradorIP.GeneradorIpTest" time="0"/>
  <testcase name="generarNumero[235]" classname="ed22_ud12_Ejercicio2_GeneradorIP.GeneradorIpTest" time="0"/>
  <testcase name="generarNumero[236]" classname="ed22_ud12_Ejercicio2_GeneradorIP.GeneradorIpTest" time="0"/>
  <testcase name="generarNumero[237]" classname="ed22_ud12_Ejercicio2_GeneradorIP.GeneradorIpTest" time="0.001"/>
  <testcase name="generarNumero[238]" classname="ed22_ud12_Ejercicio2_GeneradorIP.GeneradorIpTest" time="0"/>
  <testcase name="generarNumero[239]" classname="ed22_ud12_Ejercicio2_GeneradorIP.GeneradorIpTest" time="0"/>
  <testcase name="generarNumero[240]" classname="ed22_ud12_Ejercicio2_GeneradorIP.GeneradorIpTest" time="0"/>
  <testcase name="generarNumero[241]" classname="ed22_ud12_Ejercicio2_GeneradorIP.GeneradorIpTest" time="0"/>
  <testcase name="generarNumero[242]" classname="ed22_ud12_Ejercicio2_GeneradorIP.GeneradorIpTest" time="0"/>
  <testcase name="generarNumero[243]" classname="ed22_ud12_Ejercicio2_GeneradorIP.GeneradorIpTest" time="0"/>
  <testcase name="generarNumero[244]" classname="ed22_ud12_Ejercicio2_GeneradorIP.GeneradorIpTest" time="0"/>
  <testcase name="generarNumero[245]" classname="ed22_ud12_Ejercicio2_GeneradorIP.GeneradorIpTest" time="0.001"/>
  <testcase name="generarNumero[246]" classname="ed22_ud12_Ejercicio2_GeneradorIP.GeneradorIpTest" time="0"/>
  <testcase name="generarNumero[247]" classname="ed22_ud12_Ejercicio2_GeneradorIP.GeneradorIpTest" time="0"/>
  <testcase name="generarNumero[248]" classname="ed22_ud12_Ejercicio2_GeneradorIP.GeneradorIpTest" time="0"/>
  <testcase name="generarNumero[249]" classname="ed22_ud12_Ejercicio2_GeneradorIP.GeneradorIpTest" time="0"/>
  <testcase name="generarNumero[250]" classname="ed22_ud12_Ejercicio2_GeneradorIP.GeneradorIpTest" time="0"/>
  <testcase name="generarNumero[251]" classname="ed22_ud12_Ejercicio2_GeneradorIP.GeneradorIpTest" time="0"/>
  <testcase name="generarNumero[252]" classname="ed22_ud12_Ejercicio2_GeneradorIP.GeneradorIpTest" time="0"/>
  <testcase name="generarNumero[253]" classname="ed22_ud12_Ejercicio2_GeneradorIP.GeneradorIpTest" time="0"/>
  <testcase name="generarNumero[254]" classname="ed22_ud12_Ejercicio2_GeneradorIP.GeneradorIpTest" time="0"/>
  <testcase name="generarNumero[255]" classname="ed22_ud12_Ejercicio2_GeneradorIP.GeneradorIpTest" time="0.001"/>
  <testcase name="generarNumero[256]" classname="ed22_ud12_Ejercicio2_GeneradorIP.GeneradorIpTest" time="0"/>
  <testcase name="generarNumero[257]" classname="ed22_ud12_Ejercicio2_GeneradorIP.GeneradorIpTest" time="0.002"/>
  <testcase name="generarNumero[258]" classname="ed22_ud12_Ejercicio2_GeneradorIP.GeneradorIpTest" time="0"/>
  <testcase name="generarNumero[259]" classname="ed22_ud12_Ejercicio2_GeneradorIP.GeneradorIpTest" time="0"/>
  <testcase name="generarNumero[260]" classname="ed22_ud12_Ejercicio2_GeneradorIP.GeneradorIpTest" time="0"/>
  <testcase name="generarNumero[261]" classname="ed22_ud12_Ejercicio2_GeneradorIP.GeneradorIpTest" time="0"/>
  <testcase name="generarNumero[262]" classname="ed22_ud12_Ejercicio2_GeneradorIP.GeneradorIpTest" time="0"/>
  <testcase name="generarNumero[263]" classname="ed22_ud12_Ejercicio2_GeneradorIP.GeneradorIpTest" time="0"/>
  <testcase name="generarNumero[264]" classname="ed22_ud12_Ejercicio2_GeneradorIP.GeneradorIpTest" time="0"/>
  <testcase name="generarNumero[265]" classname="ed22_ud12_Ejercicio2_GeneradorIP.GeneradorIpTest" time="0"/>
  <testcase name="generarNumero[266]" classname="ed22_ud12_Ejercicio2_GeneradorIP.GeneradorIpTest" time="0"/>
  <testcase name="generarNumero[267]" classname="ed22_ud12_Ejercicio2_GeneradorIP.GeneradorIpTest" time="0"/>
  <testcase name="generarNumero[268]" classname="ed22_ud12_Ejercicio2_GeneradorIP.GeneradorIpTest" time="0"/>
  <testcase name="generarNumero[269]" classname="ed22_ud12_Ejercicio2_GeneradorIP.GeneradorIpTest" time="0"/>
  <testcase name="generarNumero[270]" classname="ed22_ud12_Ejercicio2_GeneradorIP.GeneradorIpTest" time="0"/>
  <testcase name="generarNumero[271]" classname="ed22_ud12_Ejercicio2_GeneradorIP.GeneradorIpTest" time="0.001"/>
  <testcase name="generarNumero[272]" classname="ed22_ud12_Ejercicio2_GeneradorIP.GeneradorIpTest" time="0"/>
  <testcase name="generarNumero[273]" classname="ed22_ud12_Ejercicio2_GeneradorIP.GeneradorIpTest" time="0"/>
  <testcase name="generarNumero[274]" classname="ed22_ud12_Ejercicio2_GeneradorIP.GeneradorIpTest" time="0"/>
  <testcase name="generarNumero[275]" classname="ed22_ud12_Ejercicio2_GeneradorIP.GeneradorIpTest" time="0"/>
  <testcase name="generarNumero[276]" classname="ed22_ud12_Ejercicio2_GeneradorIP.GeneradorIpTest" time="0"/>
  <testcase name="generarNumero[277]" classname="ed22_ud12_Ejercicio2_GeneradorIP.GeneradorIpTest" time="0"/>
  <testcase name="generarNumero[278]" classname="ed22_ud12_Ejercicio2_GeneradorIP.GeneradorIpTest" time="0"/>
  <testcase name="generarNumero[279]" classname="ed22_ud12_Ejercicio2_GeneradorIP.GeneradorIpTest" time="0"/>
  <testcase name="generarNumero[280]" classname="ed22_ud12_Ejercicio2_GeneradorIP.GeneradorIpTest" time="0"/>
  <testcase name="generarNumero[281]" classname="ed22_ud12_Ejercicio2_GeneradorIP.GeneradorIpTest" time="0"/>
  <testcase name="generarNumero[282]" classname="ed22_ud12_Ejercicio2_GeneradorIP.GeneradorIpTest" time="0"/>
  <testcase name="generarNumero[283]" classname="ed22_ud12_Ejercicio2_GeneradorIP.GeneradorIpTest" time="0"/>
  <testcase name="generarNumero[284]" classname="ed22_ud12_Ejercicio2_GeneradorIP.GeneradorIpTest" time="0"/>
  <testcase name="generarNumero[285]" classname="ed22_ud12_Ejercicio2_GeneradorIP.GeneradorIpTest" time="0.001"/>
  <testcase name="generarNumero[286]" classname="ed22_ud12_Ejercicio2_GeneradorIP.GeneradorIpTest" time="0"/>
  <testcase name="generarNumero[287]" classname="ed22_ud12_Ejercicio2_GeneradorIP.GeneradorIpTest" time="0.003"/>
  <testcase name="generarNumero[288]" classname="ed22_ud12_Ejercicio2_GeneradorIP.GeneradorIpTest" time="0"/>
  <testcase name="generarNumero[289]" classname="ed22_ud12_Ejercicio2_GeneradorIP.GeneradorIpTest" time="0"/>
  <testcase name="generarNumero[290]" classname="ed22_ud12_Ejercicio2_GeneradorIP.GeneradorIpTest" time="0"/>
  <testcase name="generarNumero[291]" classname="ed22_ud12_Ejercicio2_GeneradorIP.GeneradorIpTest" time="0"/>
  <testcase name="generarNumero[292]" classname="ed22_ud12_Ejercicio2_GeneradorIP.GeneradorIpTest" time="0"/>
  <testcase name="generarNumero[293]" classname="ed22_ud12_Ejercicio2_GeneradorIP.GeneradorIpTest" time="0"/>
  <testcase name="generarNumero[294]" classname="ed22_ud12_Ejercicio2_GeneradorIP.GeneradorIpTest" time="0"/>
  <testcase name="generarNumero[295]" classname="ed22_ud12_Ejercicio2_GeneradorIP.GeneradorIpTest" time="0"/>
  <testcase name="generarNumero[296]" classname="ed22_ud12_Ejercicio2_GeneradorIP.GeneradorIpTest" time="0.002"/>
  <testcase name="generarNumero[297]" classname="ed22_ud12_Ejercicio2_GeneradorIP.GeneradorIpTest" time="0"/>
  <testcase name="generarNumero[298]" classname="ed22_ud12_Ejercicio2_GeneradorIP.GeneradorIpTest" time="0"/>
  <testcase name="generarNumero[299]" classname="ed22_ud12_Ejercicio2_GeneradorIP.GeneradorIpTest" time="0"/>
  <testcase name="generarNumero[300]" classname="ed22_ud12_Ejercicio2_GeneradorIP.GeneradorIpTest" time="0"/>
  <testcase name="generarNumero[301]" classname="ed22_ud12_Ejercicio2_GeneradorIP.GeneradorIpTest" time="0.001"/>
  <testcase name="generarNumero[302]" classname="ed22_ud12_Ejercicio2_GeneradorIP.GeneradorIpTest" time="0.001"/>
  <testcase name="generarNumero[303]" classname="ed22_ud12_Ejercicio2_GeneradorIP.GeneradorIpTest" time="0"/>
  <testcase name="generarNumero[304]" classname="ed22_ud12_Ejercicio2_GeneradorIP.GeneradorIpTest" time="0.001"/>
  <testcase name="generarNumero[305]" classname="ed22_ud12_Ejercicio2_GeneradorIP.GeneradorIpTest" time="0"/>
  <testcase name="generarNumero[306]" classname="ed22_ud12_Ejercicio2_GeneradorIP.GeneradorIpTest" time="0"/>
  <testcase name="generarNumero[307]" classname="ed22_ud12_Ejercicio2_GeneradorIP.GeneradorIpTest" time="0"/>
  <testcase name="generarNumero[308]" classname="ed22_ud12_Ejercicio2_GeneradorIP.GeneradorIpTest" time="0"/>
  <testcase name="generarNumero[309]" classname="ed22_ud12_Ejercicio2_GeneradorIP.GeneradorIpTest" time="0"/>
  <testcase name="generarNumero[310]" classname="ed22_ud12_Ejercicio2_GeneradorIP.GeneradorIpTest" time="0"/>
  <testcase name="generarNumero[311]" classname="ed22_ud12_Ejercicio2_GeneradorIP.GeneradorIpTest" time="0"/>
  <testcase name="generarNumero[312]" classname="ed22_ud12_Ejercicio2_GeneradorIP.GeneradorIpTest" time="0"/>
  <testcase name="generarNumero[313]" classname="ed22_ud12_Ejercicio2_GeneradorIP.GeneradorIpTest" time="0"/>
  <testcase name="generarNumero[314]" classname="ed22_ud12_Ejercicio2_GeneradorIP.GeneradorIpTest" time="0"/>
  <testcase name="generarNumero[315]" classname="ed22_ud12_Ejercicio2_GeneradorIP.GeneradorIpTest" time="0"/>
  <testcase name="generarNumero[316]" classname="ed22_ud12_Ejercicio2_GeneradorIP.GeneradorIpTest" time="0.002"/>
  <testcase name="generarNumero[317]" classname="ed22_ud12_Ejercicio2_GeneradorIP.GeneradorIpTest" time="0"/>
  <testcase name="generarNumero[318]" classname="ed22_ud12_Ejercicio2_GeneradorIP.GeneradorIpTest" time="0"/>
  <testcase name="generarNumero[319]" classname="ed22_ud12_Ejercicio2_GeneradorIP.GeneradorIpTest" time="0"/>
  <testcase name="generarNumero[320]" classname="ed22_ud12_Ejercicio2_GeneradorIP.GeneradorIpTest" time="0"/>
  <testcase name="generarNumero[321]" classname="ed22_ud12_Ejercicio2_GeneradorIP.GeneradorIpTest" time="0"/>
  <testcase name="generarNumero[322]" classname="ed22_ud12_Ejercicio2_GeneradorIP.GeneradorIpTest" time="0"/>
  <testcase name="generarNumero[323]" classname="ed22_ud12_Ejercicio2_GeneradorIP.GeneradorIpTest" time="0"/>
  <testcase name="generarNumero[324]" classname="ed22_ud12_Ejercicio2_GeneradorIP.GeneradorIpTest" time="0"/>
  <testcase name="generarNumero[325]" classname="ed22_ud12_Ejercicio2_GeneradorIP.GeneradorIpTest" time="0"/>
  <testcase name="generarNumero[326]" classname="ed22_ud12_Ejercicio2_GeneradorIP.GeneradorIpTest" time="0"/>
  <testcase name="generarNumero[327]" classname="ed22_ud12_Ejercicio2_GeneradorIP.GeneradorIpTest" time="0"/>
  <testcase name="generarNumero[328]" classname="ed22_ud12_Ejercicio2_GeneradorIP.GeneradorIpTest" time="0"/>
  <testcase name="generarNumero[329]" classname="ed22_ud12_Ejercicio2_GeneradorIP.GeneradorIpTest" time="0"/>
  <testcase name="generarNumero[330]" classname="ed22_ud12_Ejercicio2_GeneradorIP.GeneradorIpTest" time="0"/>
  <testcase name="generarNumero[331]" classname="ed22_ud12_Ejercicio2_GeneradorIP.GeneradorIpTest" time="0"/>
  <testcase name="generarNumero[332]" classname="ed22_ud12_Ejercicio2_GeneradorIP.GeneradorIpTest" time="0"/>
  <testcase name="generarNumero[333]" classname="ed22_ud12_Ejercicio2_GeneradorIP.GeneradorIpTest" time="0"/>
  <testcase name="generarNumero[334]" classname="ed22_ud12_Ejercicio2_GeneradorIP.GeneradorIpTest" time="0"/>
  <testcase name="generarNumero[335]" classname="ed22_ud12_Ejercicio2_GeneradorIP.GeneradorIpTest" time="0"/>
  <testcase name="generarNumero[336]" classname="ed22_ud12_Ejercicio2_GeneradorIP.GeneradorIpTest" time="0"/>
  <testcase name="generarNumero[337]" classname="ed22_ud12_Ejercicio2_GeneradorIP.GeneradorIpTest" time="0"/>
  <testcase name="generarNumero[338]" classname="ed22_ud12_Ejercicio2_GeneradorIP.GeneradorIpTest" time="0"/>
  <testcase name="generarNumero[339]" classname="ed22_ud12_Ejercicio2_GeneradorIP.GeneradorIpTest" time="0.001"/>
  <testcase name="generarNumero[340]" classname="ed22_ud12_Ejercicio2_GeneradorIP.GeneradorIpTest" time="0"/>
  <testcase name="generarNumero[341]" classname="ed22_ud12_Ejercicio2_GeneradorIP.GeneradorIpTest" time="0"/>
  <testcase name="generarNumero[342]" classname="ed22_ud12_Ejercicio2_GeneradorIP.GeneradorIpTest" time="0"/>
  <testcase name="generarNumero[343]" classname="ed22_ud12_Ejercicio2_GeneradorIP.GeneradorIpTest" time="0"/>
  <testcase name="generarNumero[344]" classname="ed22_ud12_Ejercicio2_GeneradorIP.GeneradorIpTest" time="0"/>
  <testcase name="generarNumero[345]" classname="ed22_ud12_Ejercicio2_GeneradorIP.GeneradorIpTest" time="0.001"/>
  <testcase name="generarNumero[346]" classname="ed22_ud12_Ejercicio2_GeneradorIP.GeneradorIpTest" time="0"/>
  <testcase name="generarNumero[347]" classname="ed22_ud12_Ejercicio2_GeneradorIP.GeneradorIpTest" time="0"/>
  <testcase name="generarNumero[348]" classname="ed22_ud12_Ejercicio2_GeneradorIP.GeneradorIpTest" time="0"/>
  <testcase name="generarNumero[349]" classname="ed22_ud12_Ejercicio2_GeneradorIP.GeneradorIpTest" time="0"/>
  <testcase name="generarNumero[350]" classname="ed22_ud12_Ejercicio2_GeneradorIP.GeneradorIpTest" time="0"/>
  <testcase name="generarNumero[351]" classname="ed22_ud12_Ejercicio2_GeneradorIP.GeneradorIpTest" time="0"/>
  <testcase name="generarNumero[352]" classname="ed22_ud12_Ejercicio2_GeneradorIP.GeneradorIpTest" time="0"/>
  <testcase name="generarNumero[353]" classname="ed22_ud12_Ejercicio2_GeneradorIP.GeneradorIpTest" time="0"/>
  <testcase name="generarNumero[354]" classname="ed22_ud12_Ejercicio2_GeneradorIP.GeneradorIpTest" time="0.001"/>
  <testcase name="generarNumero[355]" classname="ed22_ud12_Ejercicio2_GeneradorIP.GeneradorIpTest" time="0"/>
  <testcase name="generarNumero[356]" classname="ed22_ud12_Ejercicio2_GeneradorIP.GeneradorIpTest" time="0"/>
  <testcase name="generarNumero[357]" classname="ed22_ud12_Ejercicio2_GeneradorIP.GeneradorIpTest" time="0"/>
  <testcase name="generarNumero[358]" classname="ed22_ud12_Ejercicio2_GeneradorIP.GeneradorIpTest" time="0.001"/>
  <testcase name="generarNumero[359]" classname="ed22_ud12_Ejercicio2_GeneradorIP.GeneradorIpTest" time="0"/>
  <testcase name="generarNumero[360]" classname="ed22_ud12_Ejercicio2_GeneradorIP.GeneradorIpTest" time="0.001"/>
  <testcase name="generarNumero[361]" classname="ed22_ud12_Ejercicio2_GeneradorIP.GeneradorIpTest" time="0"/>
  <testcase name="generarNumero[362]" classname="ed22_ud12_Ejercicio2_GeneradorIP.GeneradorIpTest" time="0"/>
  <testcase name="generarNumero[363]" classname="ed22_ud12_Ejercicio2_GeneradorIP.GeneradorIpTest" time="0"/>
  <testcase name="generarNumero[364]" classname="ed22_ud12_Ejercicio2_GeneradorIP.GeneradorIpTest" time="0"/>
  <testcase name="generarNumero[365]" classname="ed22_ud12_Ejercicio2_GeneradorIP.GeneradorIpTest" time="0"/>
  <testcase name="generarNumero[366]" classname="ed22_ud12_Ejercicio2_GeneradorIP.GeneradorIpTest" time="0"/>
  <testcase name="generarNumero[367]" classname="ed22_ud12_Ejercicio2_GeneradorIP.GeneradorIpTest" time="0"/>
  <testcase name="generarNumero[368]" classname="ed22_ud12_Ejercicio2_GeneradorIP.GeneradorIpTest" time="0"/>
  <testcase name="generarNumero[369]" classname="ed22_ud12_Ejercicio2_GeneradorIP.GeneradorIpTest" time="0"/>
  <testcase name="generarNumero[370]" classname="ed22_ud12_Ejercicio2_GeneradorIP.GeneradorIpTest" time="0"/>
  <testcase name="generarNumero[371]" classname="ed22_ud12_Ejercicio2_GeneradorIP.GeneradorIpTest" time="0"/>
  <testcase name="generarNumero[372]" classname="ed22_ud12_Ejercicio2_GeneradorIP.GeneradorIpTest" time="0"/>
  <testcase name="generarNumero[373]" classname="ed22_ud12_Ejercicio2_GeneradorIP.GeneradorIpTest" time="0"/>
  <testcase name="generarNumero[374]" classname="ed22_ud12_Ejercicio2_GeneradorIP.GeneradorIpTest" time="0"/>
  <testcase name="generarNumero[375]" classname="ed22_ud12_Ejercicio2_GeneradorIP.GeneradorIpTest" time="0"/>
  <testcase name="generarNumero[376]" classname="ed22_ud12_Ejercicio2_GeneradorIP.GeneradorIpTest" time="0"/>
  <testcase name="generarNumero[377]" classname="ed22_ud12_Ejercicio2_GeneradorIP.GeneradorIpTest" time="0"/>
  <testcase name="generarNumero[378]" classname="ed22_ud12_Ejercicio2_GeneradorIP.GeneradorIpTest" time="0"/>
  <testcase name="generarNumero[379]" classname="ed22_ud12_Ejercicio2_GeneradorIP.GeneradorIpTest" time="0.008"/>
  <testcase name="generarNumero[380]" classname="ed22_ud12_Ejercicio2_GeneradorIP.GeneradorIpTest" time="0"/>
  <testcase name="generarNumero[381]" classname="ed22_ud12_Ejercicio2_GeneradorIP.GeneradorIpTest" time="0"/>
  <testcase name="generarNumero[382]" classname="ed22_ud12_Ejercicio2_GeneradorIP.GeneradorIpTest" time="0"/>
  <testcase name="generarNumero[383]" classname="ed22_ud12_Ejercicio2_GeneradorIP.GeneradorIpTest" time="0"/>
  <testcase name="generarNumero[384]" classname="ed22_ud12_Ejercicio2_GeneradorIP.GeneradorIpTest" time="0"/>
  <testcase name="generarNumero[385]" classname="ed22_ud12_Ejercicio2_GeneradorIP.GeneradorIpTest" time="0"/>
  <testcase name="generarNumero[386]" classname="ed22_ud12_Ejercicio2_GeneradorIP.GeneradorIpTest" time="0"/>
  <testcase name="generarNumero[387]" classname="ed22_ud12_Ejercicio2_GeneradorIP.GeneradorIpTest" time="0"/>
  <testcase name="generarNumero[388]" classname="ed22_ud12_Ejercicio2_GeneradorIP.GeneradorIpTest" time="0"/>
  <testcase name="generarNumero[389]" classname="ed22_ud12_Ejercicio2_GeneradorIP.GeneradorIpTest" time="0"/>
  <testcase name="generarNumero[390]" classname="ed22_ud12_Ejercicio2_GeneradorIP.GeneradorIpTest" time="0"/>
  <testcase name="generarNumero[391]" classname="ed22_ud12_Ejercicio2_GeneradorIP.GeneradorIpTest" time="0"/>
  <testcase name="generarNumero[392]" classname="ed22_ud12_Ejercicio2_GeneradorIP.GeneradorIpTest" time="0"/>
  <testcase name="generarNumero[393]" classname="ed22_ud12_Ejercicio2_GeneradorIP.GeneradorIpTest" time="0.001"/>
  <testcase name="generarNumero[394]" classname="ed22_ud12_Ejercicio2_GeneradorIP.GeneradorIpTest" time="0"/>
  <testcase name="generarNumero[395]" classname="ed22_ud12_Ejercicio2_GeneradorIP.GeneradorIpTest" time="0"/>
  <testcase name="generarNumero[396]" classname="ed22_ud12_Ejercicio2_GeneradorIP.GeneradorIpTest" time="0"/>
  <testcase name="generarNumero[397]" classname="ed22_ud12_Ejercicio2_GeneradorIP.GeneradorIpTest" time="0"/>
  <testcase name="generarNumero[398]" classname="ed22_ud12_Ejercicio2_GeneradorIP.GeneradorIpTest" time="0"/>
  <testcase name="generarNumero[399]" classname="ed22_ud12_Ejercicio2_GeneradorIP.GeneradorIpTest" time="0"/>
  <testcase name="generarNumero[400]" classname="ed22_ud12_Ejercicio2_GeneradorIP.GeneradorIpTest" time="0"/>
  <testcase name="generarNumero[401]" classname="ed22_ud12_Ejercicio2_GeneradorIP.GeneradorIpTest" time="0"/>
  <testcase name="generarNumero[402]" classname="ed22_ud12_Ejercicio2_GeneradorIP.GeneradorIpTest" time="0.001"/>
  <testcase name="generarNumero[403]" classname="ed22_ud12_Ejercicio2_GeneradorIP.GeneradorIpTest" time="0"/>
  <testcase name="generarNumero[404]" classname="ed22_ud12_Ejercicio2_GeneradorIP.GeneradorIpTest" time="0"/>
  <testcase name="generarNumero[405]" classname="ed22_ud12_Ejercicio2_GeneradorIP.GeneradorIpTest" time="0"/>
  <testcase name="generarNumero[406]" classname="ed22_ud12_Ejercicio2_GeneradorIP.GeneradorIpTest" time="0"/>
  <testcase name="generarNumero[407]" classname="ed22_ud12_Ejercicio2_GeneradorIP.GeneradorIpTest" time="0"/>
  <testcase name="generarNumero[408]" classname="ed22_ud12_Ejercicio2_GeneradorIP.GeneradorIpTest" time="0"/>
  <testcase name="generarNumero[409]" classname="ed22_ud12_Ejercicio2_GeneradorIP.GeneradorIpTest" time="0"/>
  <testcase name="generarNumero[410]" classname="ed22_ud12_Ejercicio2_GeneradorIP.GeneradorIpTest" time="0"/>
  <testcase name="generarNumero[411]" classname="ed22_ud12_Ejercicio2_GeneradorIP.GeneradorIpTest" time="0"/>
  <testcase name="generarNumero[412]" classname="ed22_ud12_Ejercicio2_GeneradorIP.GeneradorIpTest" time="0"/>
  <testcase name="generarNumero[413]" classname="ed22_ud12_Ejercicio2_GeneradorIP.GeneradorIpTest" time="0"/>
  <testcase name="generarNumero[414]" classname="ed22_ud12_Ejercicio2_GeneradorIP.GeneradorIpTest" time="0"/>
  <testcase name="generarNumero[415]" classname="ed22_ud12_Ejercicio2_GeneradorIP.GeneradorIpTest" time="0.001"/>
  <testcase name="generarNumero[416]" classname="ed22_ud12_Ejercicio2_GeneradorIP.GeneradorIpTest" time="0"/>
  <testcase name="generarNumero[417]" classname="ed22_ud12_Ejercicio2_GeneradorIP.GeneradorIpTest" time="0"/>
  <testcase name="generarNumero[418]" classname="ed22_ud12_Ejercicio2_GeneradorIP.GeneradorIpTest" time="0"/>
  <testcase name="generarNumero[419]" classname="ed22_ud12_Ejercicio2_GeneradorIP.GeneradorIpTest" time="0"/>
  <testcase name="generarNumero[420]" classname="ed22_ud12_Ejercicio2_GeneradorIP.GeneradorIpTest" time="0"/>
  <testcase name="generarNumero[421]" classname="ed22_ud12_Ejercicio2_GeneradorIP.GeneradorIpTest" time="0"/>
  <testcase name="generarNumero[422]" classname="ed22_ud12_Ejercicio2_GeneradorIP.GeneradorIpTest" time="0"/>
  <testcase name="generarNumero[423]" classname="ed22_ud12_Ejercicio2_GeneradorIP.GeneradorIpTest" time="0"/>
  <testcase name="generarNumero[424]" classname="ed22_ud12_Ejercicio2_GeneradorIP.GeneradorIpTest" time="0"/>
  <testcase name="generarNumero[425]" classname="ed22_ud12_Ejercicio2_GeneradorIP.GeneradorIpTest" time="0"/>
  <testcase name="generarNumero[426]" classname="ed22_ud12_Ejercicio2_GeneradorIP.GeneradorIpTest" time="0.001"/>
  <testcase name="generarNumero[427]" classname="ed22_ud12_Ejercicio2_GeneradorIP.GeneradorIpTest" time="0"/>
  <testcase name="generarNumero[428]" classname="ed22_ud12_Ejercicio2_GeneradorIP.GeneradorIpTest" time="0.001"/>
  <testcase name="generarNumero[429]" classname="ed22_ud12_Ejercicio2_GeneradorIP.GeneradorIpTest" time="0"/>
  <testcase name="generarNumero[430]" classname="ed22_ud12_Ejercicio2_GeneradorIP.GeneradorIpTest" time="0"/>
  <testcase name="generarNumero[431]" classname="ed22_ud12_Ejercicio2_GeneradorIP.GeneradorIpTest" time="0"/>
  <testcase name="generarNumero[432]" classname="ed22_ud12_Ejercicio2_GeneradorIP.GeneradorIpTest" time="0"/>
  <testcase name="generarNumero[433]" classname="ed22_ud12_Ejercicio2_GeneradorIP.GeneradorIpTest" time="0"/>
  <testcase name="generarNumero[434]" classname="ed22_ud12_Ejercicio2_GeneradorIP.GeneradorIpTest" time="0"/>
  <testcase name="generarNumero[435]" classname="ed22_ud12_Ejercicio2_GeneradorIP.GeneradorIpTest" time="0"/>
  <testcase name="generarNumero[436]" classname="ed22_ud12_Ejercicio2_GeneradorIP.GeneradorIpTest" time="0"/>
  <testcase name="generarNumero[437]" classname="ed22_ud12_Ejercicio2_GeneradorIP.GeneradorIpTest" time="0"/>
  <testcase name="generarNumero[438]" classname="ed22_ud12_Ejercicio2_GeneradorIP.GeneradorIpTest" time="0"/>
  <testcase name="generarNumero[439]" classname="ed22_ud12_Ejercicio2_GeneradorIP.GeneradorIpTest" time="0"/>
  <testcase name="generarNumero[440]" classname="ed22_ud12_Ejercicio2_GeneradorIP.GeneradorIpTest" time="0"/>
  <testcase name="generarNumero[441]" classname="ed22_ud12_Ejercicio2_GeneradorIP.GeneradorIpTest" time="0"/>
  <testcase name="generarNumero[442]" classname="ed22_ud12_Ejercicio2_GeneradorIP.GeneradorIpTest" time="0"/>
  <testcase name="generarNumero[443]" classname="ed22_ud12_Ejercicio2_GeneradorIP.GeneradorIpTest" time="0"/>
  <testcase name="generarNumero[444]" classname="ed22_ud12_Ejercicio2_GeneradorIP.GeneradorIpTest" time="0"/>
  <testcase name="generarNumero[445]" classname="ed22_ud12_Ejercicio2_GeneradorIP.GeneradorIpTest" time="0"/>
  <testcase name="generarNumero[446]" classname="ed22_ud12_Ejercicio2_GeneradorIP.GeneradorIpTest" time="0.001"/>
  <testcase name="generarNumero[447]" classname="ed22_ud12_Ejercicio2_GeneradorIP.GeneradorIpTest" time="0"/>
  <testcase name="generarNumero[448]" classname="ed22_ud12_Ejercicio2_GeneradorIP.GeneradorIpTest" time="0"/>
  <testcase name="generarNumero[449]" classname="ed22_ud12_Ejercicio2_GeneradorIP.GeneradorIpTest" time="0"/>
  <testcase name="generarNumero[450]" classname="ed22_ud12_Ejercicio2_GeneradorIP.GeneradorIpTest" time="0"/>
  <testcase name="generarNumero[451]" classname="ed22_ud12_Ejercicio2_GeneradorIP.GeneradorIpTest" time="0"/>
  <testcase name="generarNumero[452]" classname="ed22_ud12_Ejercicio2_GeneradorIP.GeneradorIpTest" time="0"/>
  <testcase name="generarNumero[453]" classname="ed22_ud12_Ejercicio2_GeneradorIP.GeneradorIpTest" time="0"/>
  <testcase name="generarNumero[454]" classname="ed22_ud12_Ejercicio2_GeneradorIP.GeneradorIpTest" time="0"/>
  <testcase name="generarNumero[455]" classname="ed22_ud12_Ejercicio2_GeneradorIP.GeneradorIpTest" time="0"/>
  <testcase name="generarNumero[456]" classname="ed22_ud12_Ejercicio2_GeneradorIP.GeneradorIpTest" time="0"/>
  <testcase name="generarNumero[457]" classname="ed22_ud12_Ejercicio2_GeneradorIP.GeneradorIpTest" time="0"/>
  <testcase name="generarNumero[458]" classname="ed22_ud12_Ejercicio2_GeneradorIP.GeneradorIpTest" time="0"/>
  <testcase name="generarNumero[459]" classname="ed22_ud12_Ejercicio2_GeneradorIP.GeneradorIpTest" time="0.001"/>
  <testcase name="generarNumero[460]" classname="ed22_ud12_Ejercicio2_GeneradorIP.GeneradorIpTest" time="0"/>
  <testcase name="generarNumero[461]" classname="ed22_ud12_Ejercicio2_GeneradorIP.GeneradorIpTest" time="0"/>
  <testcase name="generarNumero[462]" classname="ed22_ud12_Ejercicio2_GeneradorIP.GeneradorIpTest" time="0"/>
  <testcase name="generarNumero[463]" classname="ed22_ud12_Ejercicio2_GeneradorIP.GeneradorIpTest" time="0"/>
  <testcase name="generarNumero[464]" classname="ed22_ud12_Ejercicio2_GeneradorIP.GeneradorIpTest" time="0"/>
  <testcase name="generarNumero[465]" classname="ed22_ud12_Ejercicio2_GeneradorIP.GeneradorIpTest" time="0"/>
  <testcase name="generarNumero[466]" classname="ed22_ud12_Ejercicio2_GeneradorIP.GeneradorIpTest" time="0"/>
  <testcase name="generarNumero[467]" classname="ed22_ud12_Ejercicio2_GeneradorIP.GeneradorIpTest" time="0.001"/>
  <testcase name="generarNumero[468]" classname="ed22_ud12_Ejercicio2_GeneradorIP.GeneradorIpTest" time="0"/>
  <testcase name="generarNumero[469]" classname="ed22_ud12_Ejercicio2_GeneradorIP.GeneradorIpTest" time="0"/>
  <testcase name="generarNumero[470]" classname="ed22_ud12_Ejercicio2_GeneradorIP.GeneradorIpTest" time="0.001"/>
  <testcase name="generarNumero[471]" classname="ed22_ud12_Ejercicio2_GeneradorIP.GeneradorIpTest" time="0"/>
  <testcase name="generarNumero[472]" classname="ed22_ud12_Ejercicio2_GeneradorIP.GeneradorIpTest" time="0"/>
  <testcase name="generarNumero[473]" classname="ed22_ud12_Ejercicio2_GeneradorIP.GeneradorIpTest" time="0"/>
  <testcase name="generarNumero[474]" classname="ed22_ud12_Ejercicio2_GeneradorIP.GeneradorIpTest" time="0"/>
  <testcase name="generarNumero[475]" classname="ed22_ud12_Ejercicio2_GeneradorIP.GeneradorIpTest" time="0"/>
  <testcase name="generarNumero[476]" classname="ed22_ud12_Ejercicio2_GeneradorIP.GeneradorIpTest" time="0"/>
  <testcase name="generarNumero[477]" classname="ed22_ud12_Ejercicio2_GeneradorIP.GeneradorIpTest" time="0"/>
  <testcase name="generarNumero[478]" classname="ed22_ud12_Ejercicio2_GeneradorIP.GeneradorIpTest" time="0"/>
  <testcase name="generarNumero[479]" classname="ed22_ud12_Ejercicio2_GeneradorIP.GeneradorIpTest" time="0"/>
  <testcase name="generarNumero[480]" classname="ed22_ud12_Ejercicio2_GeneradorIP.GeneradorIpTest" time="0"/>
  <testcase name="generarNumero[481]" classname="ed22_ud12_Ejercicio2_GeneradorIP.GeneradorIpTest" time="0"/>
  <testcase name="generarNumero[482]" classname="ed22_ud12_Ejercicio2_GeneradorIP.GeneradorIpTest" time="0"/>
  <testcase name="generarNumero[483]" classname="ed22_ud12_Ejercicio2_GeneradorIP.GeneradorIpTest" time="0"/>
  <testcase name="generarNumero[484]" classname="ed22_ud12_Ejercicio2_GeneradorIP.GeneradorIpTest" time="0"/>
  <testcase name="generarNumero[485]" classname="ed22_ud12_Ejercicio2_GeneradorIP.GeneradorIpTest" time="0"/>
  <testcase name="generarNumero[486]" classname="ed22_ud12_Ejercicio2_GeneradorIP.GeneradorIpTest" time="0"/>
  <testcase name="generarNumero[487]" classname="ed22_ud12_Ejercicio2_GeneradorIP.GeneradorIpTest" time="0"/>
  <testcase name="generarNumero[488]" classname="ed22_ud12_Ejercicio2_GeneradorIP.GeneradorIpTest" time="0"/>
  <testcase name="generarNumero[489]" classname="ed22_ud12_Ejercicio2_GeneradorIP.GeneradorIpTest" time="0"/>
  <testcase name="generarNumero[490]" classname="ed22_ud12_Ejercicio2_GeneradorIP.GeneradorIpTest" time="0"/>
  <testcase name="generarNumero[491]" classname="ed22_ud12_Ejercicio2_GeneradorIP.GeneradorIpTest" time="0"/>
  <testcase name="generarNumero[492]" classname="ed22_ud12_Ejercicio2_GeneradorIP.GeneradorIpTest" time="0"/>
  <testcase name="generarNumero[493]" classname="ed22_ud12_Ejercicio2_GeneradorIP.GeneradorIpTest" time="0"/>
  <testcase name="generarNumero[494]" classname="ed22_ud12_Ejercicio2_GeneradorIP.GeneradorIpTest" time="0"/>
  <testcase name="generarNumero[495]" classname="ed22_ud12_Ejercicio2_GeneradorIP.GeneradorIpTest" time="0"/>
  <testcase name="generarNumero[496]" classname="ed22_ud12_Ejercicio2_GeneradorIP.GeneradorIpTest" time="0.001"/>
  <testcase name="generarNumero[497]" classname="ed22_ud12_Ejercicio2_GeneradorIP.GeneradorIpTest" time="0"/>
  <testcase name="generarNumero[498]" classname="ed22_ud12_Ejercicio2_GeneradorIP.GeneradorIpTest" time="0"/>
  <testcase name="generarNumero[499]" classname="ed22_ud12_Ejercicio2_GeneradorIP.GeneradorIpTest" time="0"/>
  <testcase name="generarNumero[500]" classname="ed22_ud12_Ejercicio2_GeneradorIP.GeneradorIpTest" time="0"/>
  <testcase name="generarNumero[501]" classname="ed22_ud12_Ejercicio2_GeneradorIP.GeneradorIpTest" time="0"/>
  <testcase name="generarNumero[502]" classname="ed22_ud12_Ejercicio2_GeneradorIP.GeneradorIpTest" time="0"/>
  <testcase name="generarNumero[503]" classname="ed22_ud12_Ejercicio2_GeneradorIP.GeneradorIpTest" time="0"/>
  <testcase name="generarNumero[504]" classname="ed22_ud12_Ejercicio2_GeneradorIP.GeneradorIpTest" time="0"/>
  <testcase name="generarNumero[505]" classname="ed22_ud12_Ejercicio2_GeneradorIP.GeneradorIpTest" time="0.001"/>
  <testcase name="generarNumero[506]" classname="ed22_ud12_Ejercicio2_GeneradorIP.GeneradorIpTest" time="0"/>
  <testcase name="generarNumero[507]" classname="ed22_ud12_Ejercicio2_GeneradorIP.GeneradorIpTest" time="0"/>
  <testcase name="generarNumero[508]" classname="ed22_ud12_Ejercicio2_GeneradorIP.GeneradorIpTest" time="0"/>
  <testcase name="generarNumero[509]" classname="ed22_ud12_Ejercicio2_GeneradorIP.GeneradorIpTest" time="0"/>
  <testcase name="generarNumero[510]" classname="ed22_ud12_Ejercicio2_GeneradorIP.GeneradorIpTest" time="0"/>
  <testcase name="generarNumero[511]" classname="ed22_ud12_Ejercicio2_GeneradorIP.GeneradorIpTest" time="0"/>
  <testcase name="generarNumero[512]" classname="ed22_ud12_Ejercicio2_GeneradorIP.GeneradorIpTest" time="0"/>
  <testcase name="generarNumero[513]" classname="ed22_ud12_Ejercicio2_GeneradorIP.GeneradorIpTest" time="0"/>
  <testcase name="generarNumero[514]" classname="ed22_ud12_Ejercicio2_GeneradorIP.GeneradorIpTest" time="0"/>
  <testcase name="generarNumero[515]" classname="ed22_ud12_Ejercicio2_GeneradorIP.GeneradorIpTest" time="0"/>
  <testcase name="generarNumero[516]" classname="ed22_ud12_Ejercicio2_GeneradorIP.GeneradorIpTest" time="0.001"/>
  <testcase name="generarNumero[517]" classname="ed22_ud12_Ejercicio2_GeneradorIP.GeneradorIpTest" time="0"/>
  <testcase name="generarNumero[518]" classname="ed22_ud12_Ejercicio2_GeneradorIP.GeneradorIpTest" time="0"/>
  <testcase name="generarNumero[519]" classname="ed22_ud12_Ejercicio2_GeneradorIP.GeneradorIpTest" time="0"/>
  <testcase name="generarNumero[520]" classname="ed22_ud12_Ejercicio2_GeneradorIP.GeneradorIpTest" time="0"/>
  <testcase name="generarNumero[521]" classname="ed22_ud12_Ejercicio2_GeneradorIP.GeneradorIpTest" time="0"/>
  <testcase name="generarNumero[522]" classname="ed22_ud12_Ejercicio2_GeneradorIP.GeneradorIpTest" time="0.001"/>
  <testcase name="generarNumero[523]" classname="ed22_ud12_Ejercicio2_GeneradorIP.GeneradorIpTest" time="0"/>
  <testcase name="generarNumero[524]" classname="ed22_ud12_Ejercicio2_GeneradorIP.GeneradorIpTest" time="0"/>
  <testcase name="generarNumero[525]" classname="ed22_ud12_Ejercicio2_GeneradorIP.GeneradorIpTest" time="0"/>
  <testcase name="generarNumero[526]" classname="ed22_ud12_Ejercicio2_GeneradorIP.GeneradorIpTest" time="0"/>
  <testcase name="generarNumero[527]" classname="ed22_ud12_Ejercicio2_GeneradorIP.GeneradorIpTest" time="0"/>
  <testcase name="generarNumero[528]" classname="ed22_ud12_Ejercicio2_GeneradorIP.GeneradorIpTest" time="0"/>
  <testcase name="generarNumero[529]" classname="ed22_ud12_Ejercicio2_GeneradorIP.GeneradorIpTest" time="0"/>
  <testcase name="generarNumero[530]" classname="ed22_ud12_Ejercicio2_GeneradorIP.GeneradorIpTest" time="0"/>
  <testcase name="generarNumero[531]" classname="ed22_ud12_Ejercicio2_GeneradorIP.GeneradorIpTest" time="0.001"/>
  <testcase name="generarNumero[532]" classname="ed22_ud12_Ejercicio2_GeneradorIP.GeneradorIpTest" time="0"/>
  <testcase name="generarNumero[533]" classname="ed22_ud12_Ejercicio2_GeneradorIP.GeneradorIpTest" time="0.001"/>
  <testcase name="generarNumero[534]" classname="ed22_ud12_Ejercicio2_GeneradorIP.GeneradorIpTest" time="0"/>
  <testcase name="generarNumero[535]" classname="ed22_ud12_Ejercicio2_GeneradorIP.GeneradorIpTest" time="0.001"/>
  <testcase name="generarNumero[536]" classname="ed22_ud12_Ejercicio2_GeneradorIP.GeneradorIpTest" time="0"/>
  <testcase name="generarNumero[537]" classname="ed22_ud12_Ejercicio2_GeneradorIP.GeneradorIpTest" time="0"/>
  <testcase name="generarNumero[538]" classname="ed22_ud12_Ejercicio2_GeneradorIP.GeneradorIpTest" time="0"/>
  <testcase name="generarNumero[539]" classname="ed22_ud12_Ejercicio2_GeneradorIP.GeneradorIpTest" time="0"/>
  <testcase name="generarNumero[540]" classname="ed22_ud12_Ejercicio2_GeneradorIP.GeneradorIpTest" time="0"/>
  <testcase name="generarNumero[541]" classname="ed22_ud12_Ejercicio2_GeneradorIP.GeneradorIpTest" time="0"/>
  <testcase name="generarNumero[542]" classname="ed22_ud12_Ejercicio2_GeneradorIP.GeneradorIpTest" time="0"/>
  <testcase name="generarNumero[543]" classname="ed22_ud12_Ejercicio2_GeneradorIP.GeneradorIpTest" time="0"/>
  <testcase name="generarNumero[544]" classname="ed22_ud12_Ejercicio2_GeneradorIP.GeneradorIpTest" time="0"/>
  <testcase name="generarNumero[545]" classname="ed22_ud12_Ejercicio2_GeneradorIP.GeneradorIpTest" time="0"/>
  <testcase name="generarNumero[546]" classname="ed22_ud12_Ejercicio2_GeneradorIP.GeneradorIpTest" time="0"/>
  <testcase name="generarNumero[547]" classname="ed22_ud12_Ejercicio2_GeneradorIP.GeneradorIpTest" time="0"/>
  <testcase name="generarNumero[548]" classname="ed22_ud12_Ejercicio2_GeneradorIP.GeneradorIpTest" time="0"/>
  <testcase name="generarNumero[549]" classname="ed22_ud12_Ejercicio2_GeneradorIP.GeneradorIpTest" time="0"/>
  <testcase name="generarNumero[550]" classname="ed22_ud12_Ejercicio2_GeneradorIP.GeneradorIpTest" time="0"/>
  <testcase name="generarNumero[551]" classname="ed22_ud12_Ejercicio2_GeneradorIP.GeneradorIpTest" time="0"/>
  <testcase name="generarNumero[552]" classname="ed22_ud12_Ejercicio2_GeneradorIP.GeneradorIpTest" time="0"/>
  <testcase name="generarNumero[553]" classname="ed22_ud12_Ejercicio2_GeneradorIP.GeneradorIpTest" time="0"/>
  <testcase name="generarNumero[554]" classname="ed22_ud12_Ejercicio2_GeneradorIP.GeneradorIpTest" time="0"/>
  <testcase name="generarNumero[555]" classname="ed22_ud12_Ejercicio2_GeneradorIP.GeneradorIpTest" time="0"/>
  <testcase name="generarNumero[556]" classname="ed22_ud12_Ejercicio2_GeneradorIP.GeneradorIpTest" time="0"/>
  <testcase name="generarNumero[557]" classname="ed22_ud12_Ejercicio2_GeneradorIP.GeneradorIpTest" time="0"/>
  <testcase name="generarNumero[558]" classname="ed22_ud12_Ejercicio2_GeneradorIP.GeneradorIpTest" time="0"/>
  <testcase name="generarNumero[559]" classname="ed22_ud12_Ejercicio2_GeneradorIP.GeneradorIpTest" time="0"/>
  <testcase name="generarNumero[560]" classname="ed22_ud12_Ejercicio2_GeneradorIP.GeneradorIpTest" time="0"/>
  <testcase name="generarNumero[561]" classname="ed22_ud12_Ejercicio2_GeneradorIP.GeneradorIpTest" time="0"/>
  <testcase name="generarNumero[562]" classname="ed22_ud12_Ejercicio2_GeneradorIP.GeneradorIpTest" time="0.001"/>
  <testcase name="generarNumero[563]" classname="ed22_ud12_Ejercicio2_GeneradorIP.GeneradorIpTest" time="0"/>
  <testcase name="generarNumero[564]" classname="ed22_ud12_Ejercicio2_GeneradorIP.GeneradorIpTest" time="0"/>
  <testcase name="generarNumero[565]" classname="ed22_ud12_Ejercicio2_GeneradorIP.GeneradorIpTest" time="0"/>
  <testcase name="generarNumero[566]" classname="ed22_ud12_Ejercicio2_GeneradorIP.GeneradorIpTest" time="0"/>
  <testcase name="generarNumero[567]" classname="ed22_ud12_Ejercicio2_GeneradorIP.GeneradorIpTest" time="0"/>
  <testcase name="generarNumero[568]" classname="ed22_ud12_Ejercicio2_GeneradorIP.GeneradorIpTest" time="0"/>
  <testcase name="generarNumero[569]" classname="ed22_ud12_Ejercicio2_GeneradorIP.GeneradorIpTest" time="0"/>
  <testcase name="generarNumero[570]" classname="ed22_ud12_Ejercicio2_GeneradorIP.GeneradorIpTest" time="0"/>
  <testcase name="generarNumero[571]" classname="ed22_ud12_Ejercicio2_GeneradorIP.GeneradorIpTest" time="0"/>
  <testcase name="generarNumero[572]" classname="ed22_ud12_Ejercicio2_GeneradorIP.GeneradorIpTest" time="0"/>
  <testcase name="generarNumero[573]" classname="ed22_ud12_Ejercicio2_GeneradorIP.GeneradorIpTest" time="0"/>
  <testcase name="generarNumero[574]" classname="ed22_ud12_Ejercicio2_GeneradorIP.GeneradorIpTest" time="0"/>
  <testcase name="generarNumero[575]" classname="ed22_ud12_Ejercicio2_GeneradorIP.GeneradorIpTest" time="0"/>
  <testcase name="generarNumero[576]" classname="ed22_ud12_Ejercicio2_GeneradorIP.GeneradorIpTest" time="0"/>
  <testcase name="generarNumero[577]" classname="ed22_ud12_Ejercicio2_GeneradorIP.GeneradorIpTest" time="0"/>
  <testcase name="generarNumero[578]" classname="ed22_ud12_Ejercicio2_GeneradorIP.GeneradorIpTest" time="0"/>
  <testcase name="generarNumero[579]" classname="ed22_ud12_Ejercicio2_GeneradorIP.GeneradorIpTest" time="0"/>
  <testcase name="generarNumero[580]" classname="ed22_ud12_Ejercicio2_GeneradorIP.GeneradorIpTest" time="0"/>
  <testcase name="generarNumero[581]" classname="ed22_ud12_Ejercicio2_GeneradorIP.GeneradorIpTest" time="0"/>
  <testcase name="generarNumero[582]" classname="ed22_ud12_Ejercicio2_GeneradorIP.GeneradorIpTest" time="0.001"/>
  <testcase name="generarNumero[583]" classname="ed22_ud12_Ejercicio2_GeneradorIP.GeneradorIpTest" time="0"/>
  <testcase name="generarNumero[584]" classname="ed22_ud12_Ejercicio2_GeneradorIP.GeneradorIpTest" time="0"/>
  <testcase name="generarNumero[585]" classname="ed22_ud12_Ejercicio2_GeneradorIP.GeneradorIpTest" time="0.002"/>
  <testcase name="generarNumero[586]" classname="ed22_ud12_Ejercicio2_GeneradorIP.GeneradorIpTest" time="0"/>
  <testcase name="generarNumero[587]" classname="ed22_ud12_Ejercicio2_GeneradorIP.GeneradorIpTest" time="0"/>
  <testcase name="generarNumero[588]" classname="ed22_ud12_Ejercicio2_GeneradorIP.GeneradorIpTest" time="0"/>
  <testcase name="generarNumero[589]" classname="ed22_ud12_Ejercicio2_GeneradorIP.GeneradorIpTest" time="0"/>
  <testcase name="generarNumero[590]" classname="ed22_ud12_Ejercicio2_GeneradorIP.GeneradorIpTest" time="0"/>
  <testcase name="generarNumero[591]" classname="ed22_ud12_Ejercicio2_GeneradorIP.GeneradorIpTest" time="0"/>
  <testcase name="generarNumero[592]" classname="ed22_ud12_Ejercicio2_GeneradorIP.GeneradorIpTest" time="0"/>
  <testcase name="generarNumero[593]" classname="ed22_ud12_Ejercicio2_GeneradorIP.GeneradorIpTest" time="0"/>
  <testcase name="generarNumero[594]" classname="ed22_ud12_Ejercicio2_GeneradorIP.GeneradorIpTest" time="0"/>
  <testcase name="generarNumero[595]" classname="ed22_ud12_Ejercicio2_GeneradorIP.GeneradorIpTest" time="0"/>
  <testcase name="generarNumero[596]" classname="ed22_ud12_Ejercicio2_GeneradorIP.GeneradorIpTest" time="0"/>
  <testcase name="generarNumero[597]" classname="ed22_ud12_Ejercicio2_GeneradorIP.GeneradorIpTest" time="0"/>
  <testcase name="generarNumero[598]" classname="ed22_ud12_Ejercicio2_GeneradorIP.GeneradorIpTest" time="0"/>
  <testcase name="generarNumero[599]" classname="ed22_ud12_Ejercicio2_GeneradorIP.GeneradorIpTest" time="0.001"/>
  <testcase name="generarNumero[600]" classname="ed22_ud12_Ejercicio2_GeneradorIP.GeneradorIpTest" time="0.006"/>
  <testcase name="generarNumero[601]" classname="ed22_ud12_Ejercicio2_GeneradorIP.GeneradorIpTest" time="0"/>
  <testcase name="generarNumero[602]" classname="ed22_ud12_Ejercicio2_GeneradorIP.GeneradorIpTest" time="0"/>
  <testcase name="generarNumero[603]" classname="ed22_ud12_Ejercicio2_GeneradorIP.GeneradorIpTest" time="0"/>
  <testcase name="generarNumero[604]" classname="ed22_ud12_Ejercicio2_GeneradorIP.GeneradorIpTest" time="0"/>
  <testcase name="generarNumero[605]" classname="ed22_ud12_Ejercicio2_GeneradorIP.GeneradorIpTest" time="0"/>
  <testcase name="generarNumero[606]" classname="ed22_ud12_Ejercicio2_GeneradorIP.GeneradorIpTest" time="0"/>
  <testcase name="generarNumero[607]" classname="ed22_ud12_Ejercicio2_GeneradorIP.GeneradorIpTest" time="0"/>
  <testcase name="generarNumero[608]" classname="ed22_ud12_Ejercicio2_GeneradorIP.GeneradorIpTest" time="0"/>
  <testcase name="generarNumero[609]" classname="ed22_ud12_Ejercicio2_GeneradorIP.GeneradorIpTest" time="0"/>
  <testcase name="generarNumero[610]" classname="ed22_ud12_Ejercicio2_GeneradorIP.GeneradorIpTest" time="0"/>
  <testcase name="generarNumero[611]" classname="ed22_ud12_Ejercicio2_GeneradorIP.GeneradorIpTest" time="0"/>
  <testcase name="generarNumero[612]" classname="ed22_ud12_Ejercicio2_GeneradorIP.GeneradorIpTest" time="0.016"/>
  <testcase name="generarNumero[613]" classname="ed22_ud12_Ejercicio2_GeneradorIP.GeneradorIpTest" time="0"/>
  <testcase name="generarNumero[614]" classname="ed22_ud12_Ejercicio2_GeneradorIP.GeneradorIpTest" time="0"/>
  <testcase name="generarNumero[615]" classname="ed22_ud12_Ejercicio2_GeneradorIP.GeneradorIpTest" time="0"/>
  <testcase name="generarNumero[616]" classname="ed22_ud12_Ejercicio2_GeneradorIP.GeneradorIpTest" time="0"/>
  <testcase name="generarNumero[617]" classname="ed22_ud12_Ejercicio2_GeneradorIP.GeneradorIpTest" time="0"/>
  <testcase name="generarNumero[618]" classname="ed22_ud12_Ejercicio2_GeneradorIP.GeneradorIpTest" time="0"/>
  <testcase name="generarNumero[619]" classname="ed22_ud12_Ejercicio2_GeneradorIP.GeneradorIpTest" time="0"/>
  <testcase name="generarNumero[620]" classname="ed22_ud12_Ejercicio2_GeneradorIP.GeneradorIpTest" time="0"/>
  <testcase name="generarNumero[621]" classname="ed22_ud12_Ejercicio2_GeneradorIP.GeneradorIpTest" time="0.008"/>
  <testcase name="generarNumero[622]" classname="ed22_ud12_Ejercicio2_GeneradorIP.GeneradorIpTest" time="0"/>
  <testcase name="generarNumero[623]" classname="ed22_ud12_Ejercicio2_GeneradorIP.GeneradorIpTest" time="0"/>
  <testcase name="generarNumero[624]" classname="ed22_ud12_Ejercicio2_GeneradorIP.GeneradorIpTest" time="0"/>
  <testcase name="generarNumero[625]" classname="ed22_ud12_Ejercicio2_GeneradorIP.GeneradorIpTest" time="0"/>
  <testcase name="generarNumero[626]" classname="ed22_ud12_Ejercicio2_GeneradorIP.GeneradorIpTest" time="0"/>
  <testcase name="generarNumero[627]" classname="ed22_ud12_Ejercicio2_GeneradorIP.GeneradorIpTest" time="0"/>
  <testcase name="generarNumero[628]" classname="ed22_ud12_Ejercicio2_GeneradorIP.GeneradorIpTest" time="0"/>
  <testcase name="generarNumero[629]" classname="ed22_ud12_Ejercicio2_GeneradorIP.GeneradorIpTest" time="0"/>
  <testcase name="generarNumero[630]" classname="ed22_ud12_Ejercicio2_GeneradorIP.GeneradorIpTest" time="0"/>
  <testcase name="generarNumero[631]" classname="ed22_ud12_Ejercicio2_GeneradorIP.GeneradorIpTest" time="0"/>
  <testcase name="generarNumero[632]" classname="ed22_ud12_Ejercicio2_GeneradorIP.GeneradorIpTest" time="0"/>
  <testcase name="generarNumero[633]" classname="ed22_ud12_Ejercicio2_GeneradorIP.GeneradorIpTest" time="0"/>
  <testcase name="generarNumero[634]" classname="ed22_ud12_Ejercicio2_GeneradorIP.GeneradorIpTest" time="0.001"/>
  <testcase name="generarNumero[635]" classname="ed22_ud12_Ejercicio2_GeneradorIP.GeneradorIpTest" time="0"/>
  <testcase name="generarNumero[636]" classname="ed22_ud12_Ejercicio2_GeneradorIP.GeneradorIpTest" time="0"/>
  <testcase name="generarNumero[637]" classname="ed22_ud12_Ejercicio2_GeneradorIP.GeneradorIpTest" time="0"/>
  <testcase name="generarNumero[638]" classname="ed22_ud12_Ejercicio2_GeneradorIP.GeneradorIpTest" time="0"/>
  <testcase name="generarNumero[639]" classname="ed22_ud12_Ejercicio2_GeneradorIP.GeneradorIpTest" time="0"/>
  <testcase name="generarNumero[640]" classname="ed22_ud12_Ejercicio2_GeneradorIP.GeneradorIpTest" time="0"/>
  <testcase name="generarNumero[641]" classname="ed22_ud12_Ejercicio2_GeneradorIP.GeneradorIpTest" time="0"/>
  <testcase name="generarNumero[642]" classname="ed22_ud12_Ejercicio2_GeneradorIP.GeneradorIpTest" time="0"/>
  <testcase name="generarNumero[643]" classname="ed22_ud12_Ejercicio2_GeneradorIP.GeneradorIpTest" time="0"/>
  <testcase name="generarNumero[644]" classname="ed22_ud12_Ejercicio2_GeneradorIP.GeneradorIpTest" time="0"/>
  <testcase name="generarNumero[645]" classname="ed22_ud12_Ejercicio2_GeneradorIP.GeneradorIpTest" time="0"/>
  <testcase name="generarNumero[646]" classname="ed22_ud12_Ejercicio2_GeneradorIP.GeneradorIpTest" time="0"/>
  <testcase name="generarNumero[647]" classname="ed22_ud12_Ejercicio2_GeneradorIP.GeneradorIpTest" time="0"/>
  <testcase name="generarNumero[648]" classname="ed22_ud12_Ejercicio2_GeneradorIP.GeneradorIpTest" time="0"/>
  <testcase name="generarNumero[649]" classname="ed22_ud12_Ejercicio2_GeneradorIP.GeneradorIpTest" time="0.001"/>
  <testcase name="generarNumero[650]" classname="ed22_ud12_Ejercicio2_GeneradorIP.GeneradorIpTest" time="0"/>
  <testcase name="generarNumero[651]" classname="ed22_ud12_Ejercicio2_GeneradorIP.GeneradorIpTest" time="0"/>
  <testcase name="generarNumero[652]" classname="ed22_ud12_Ejercicio2_GeneradorIP.GeneradorIpTest" time="0"/>
  <testcase name="generarNumero[653]" classname="ed22_ud12_Ejercicio2_GeneradorIP.GeneradorIpTest" time="0"/>
  <testcase name="generarNumero[654]" classname="ed22_ud12_Ejercicio2_GeneradorIP.GeneradorIpTest" time="0"/>
  <testcase name="generarNumero[655]" classname="ed22_ud12_Ejercicio2_GeneradorIP.GeneradorIpTest" time="0"/>
  <testcase name="generarNumero[656]" classname="ed22_ud12_Ejercicio2_GeneradorIP.GeneradorIpTest" time="0"/>
  <testcase name="generarNumero[657]" classname="ed22_ud12_Ejercicio2_GeneradorIP.GeneradorIpTest" time="0"/>
  <testcase name="generarNumero[658]" classname="ed22_ud12_Ejercicio2_GeneradorIP.GeneradorIpTest" time="0"/>
  <testcase name="generarNumero[659]" classname="ed22_ud12_Ejercicio2_GeneradorIP.GeneradorIpTest" time="0"/>
  <testcase name="generarNumero[660]" classname="ed22_ud12_Ejercicio2_GeneradorIP.GeneradorIpTest" time="0"/>
  <testcase name="generarNumero[661]" classname="ed22_ud12_Ejercicio2_GeneradorIP.GeneradorIpTest" time="0"/>
  <testcase name="generarNumero[662]" classname="ed22_ud12_Ejercicio2_GeneradorIP.GeneradorIpTest" time="0"/>
  <testcase name="generarNumero[663]" classname="ed22_ud12_Ejercicio2_GeneradorIP.GeneradorIpTest" time="0"/>
  <testcase name="generarNumero[664]" classname="ed22_ud12_Ejercicio2_GeneradorIP.GeneradorIpTest" time="0"/>
  <testcase name="generarNumero[665]" classname="ed22_ud12_Ejercicio2_GeneradorIP.GeneradorIpTest" time="0"/>
  <testcase name="generarNumero[666]" classname="ed22_ud12_Ejercicio2_GeneradorIP.GeneradorIpTest" time="0"/>
  <testcase name="generarNumero[667]" classname="ed22_ud12_Ejercicio2_GeneradorIP.GeneradorIpTest" time="0"/>
  <testcase name="generarNumero[668]" classname="ed22_ud12_Ejercicio2_GeneradorIP.GeneradorIpTest" time="0"/>
  <testcase name="generarNumero[669]" classname="ed22_ud12_Ejercicio2_GeneradorIP.GeneradorIpTest" time="0"/>
  <testcase name="generarNumero[670]" classname="ed22_ud12_Ejercicio2_GeneradorIP.GeneradorIpTest" time="0"/>
  <testcase name="generarNumero[671]" classname="ed22_ud12_Ejercicio2_GeneradorIP.GeneradorIpTest" time="0"/>
  <testcase name="generarNumero[672]" classname="ed22_ud12_Ejercicio2_GeneradorIP.GeneradorIpTest" time="0"/>
  <testcase name="generarNumero[673]" classname="ed22_ud12_Ejercicio2_GeneradorIP.GeneradorIpTest" time="0"/>
  <testcase name="generarNumero[674]" classname="ed22_ud12_Ejercicio2_GeneradorIP.GeneradorIpTest" time="0"/>
  <testcase name="generarNumero[675]" classname="ed22_ud12_Ejercicio2_GeneradorIP.GeneradorIpTest" time="0"/>
  <testcase name="generarNumero[676]" classname="ed22_ud12_Ejercicio2_GeneradorIP.GeneradorIpTest" time="0"/>
  <testcase name="generarNumero[677]" classname="ed22_ud12_Ejercicio2_GeneradorIP.GeneradorIpTest" time="0"/>
  <testcase name="generarNumero[678]" classname="ed22_ud12_Ejercicio2_GeneradorIP.GeneradorIpTest" time="0"/>
  <testcase name="generarNumero[679]" classname="ed22_ud12_Ejercicio2_GeneradorIP.GeneradorIpTest" time="0"/>
  <testcase name="generarNumero[680]" classname="ed22_ud12_Ejercicio2_GeneradorIP.GeneradorIpTest" time="0"/>
  <testcase name="generarNumero[681]" classname="ed22_ud12_Ejercicio2_GeneradorIP.GeneradorIpTest" time="0"/>
  <testcase name="generarNumero[682]" classname="ed22_ud12_Ejercicio2_GeneradorIP.GeneradorIpTest" time="0"/>
  <testcase name="generarNumero[683]" classname="ed22_ud12_Ejercicio2_GeneradorIP.GeneradorIpTest" time="0"/>
  <testcase name="generarNumero[684]" classname="ed22_ud12_Ejercicio2_GeneradorIP.GeneradorIpTest" time="0.001"/>
  <testcase name="generarNumero[685]" classname="ed22_ud12_Ejercicio2_GeneradorIP.GeneradorIpTest" time="0"/>
  <testcase name="generarNumero[686]" classname="ed22_ud12_Ejercicio2_GeneradorIP.GeneradorIpTest" time="0.001"/>
  <testcase name="generarNumero[687]" classname="ed22_ud12_Ejercicio2_GeneradorIP.GeneradorIpTest" time="0"/>
  <testcase name="generarNumero[688]" classname="ed22_ud12_Ejercicio2_GeneradorIP.GeneradorIpTest" time="0.004"/>
  <testcase name="generarNumero[689]" classname="ed22_ud12_Ejercicio2_GeneradorIP.GeneradorIpTest" time="0"/>
  <testcase name="generarNumero[690]" classname="ed22_ud12_Ejercicio2_GeneradorIP.GeneradorIpTest" time="0"/>
  <testcase name="generarNumero[691]" classname="ed22_ud12_Ejercicio2_GeneradorIP.GeneradorIpTest" time="0"/>
  <testcase name="generarNumero[692]" classname="ed22_ud12_Ejercicio2_GeneradorIP.GeneradorIpTest" time="0"/>
  <testcase name="generarNumero[693]" classname="ed22_ud12_Ejercicio2_GeneradorIP.GeneradorIpTest" time="0"/>
  <testcase name="generarNumero[694]" classname="ed22_ud12_Ejercicio2_GeneradorIP.GeneradorIpTest" time="0"/>
  <testcase name="generarNumero[695]" classname="ed22_ud12_Ejercicio2_GeneradorIP.GeneradorIpTest" time="0"/>
  <testcase name="generarNumero[696]" classname="ed22_ud12_Ejercicio2_GeneradorIP.GeneradorIpTest" time="0"/>
  <testcase name="generarNumero[697]" classname="ed22_ud12_Ejercicio2_GeneradorIP.GeneradorIpTest" time="0"/>
  <testcase name="generarNumero[698]" classname="ed22_ud12_Ejercicio2_GeneradorIP.GeneradorIpTest" time="0"/>
  <testcase name="generarNumero[699]" classname="ed22_ud12_Ejercicio2_GeneradorIP.GeneradorIpTest" time="0"/>
  <testcase name="generarNumero[700]" classname="ed22_ud12_Ejercicio2_GeneradorIP.GeneradorIpTest" time="0"/>
  <testcase name="generarNumero[701]" classname="ed22_ud12_Ejercicio2_GeneradorIP.GeneradorIpTest" time="0"/>
  <testcase name="generarNumero[702]" classname="ed22_ud12_Ejercicio2_GeneradorIP.GeneradorIpTest" time="0"/>
  <testcase name="generarNumero[703]" classname="ed22_ud12_Ejercicio2_GeneradorIP.GeneradorIpTest" time="0"/>
  <testcase name="generarNumero[704]" classname="ed22_ud12_Ejercicio2_GeneradorIP.GeneradorIpTest" time="0"/>
  <testcase name="generarNumero[705]" classname="ed22_ud12_Ejercicio2_GeneradorIP.GeneradorIpTest" time="0"/>
  <testcase name="generarNumero[706]" classname="ed22_ud12_Ejercicio2_GeneradorIP.GeneradorIpTest" time="0"/>
  <testcase name="generarNumero[707]" classname="ed22_ud12_Ejercicio2_GeneradorIP.GeneradorIpTest" time="0"/>
  <testcase name="generarNumero[708]" classname="ed22_ud12_Ejercicio2_GeneradorIP.GeneradorIpTest" time="0"/>
  <testcase name="generarNumero[709]" classname="ed22_ud12_Ejercicio2_GeneradorIP.GeneradorIpTest" time="0"/>
  <testcase name="generarNumero[710]" classname="ed22_ud12_Ejercicio2_GeneradorIP.GeneradorIpTest" time="0"/>
  <testcase name="generarNumero[711]" classname="ed22_ud12_Ejercicio2_GeneradorIP.GeneradorIpTest" time="0"/>
  <testcase name="generarNumero[712]" classname="ed22_ud12_Ejercicio2_GeneradorIP.GeneradorIpTest" time="0"/>
  <testcase name="generarNumero[713]" classname="ed22_ud12_Ejercicio2_GeneradorIP.GeneradorIpTest" time="0"/>
  <testcase name="generarNumero[714]" classname="ed22_ud12_Ejercicio2_GeneradorIP.GeneradorIpTest" time="0"/>
  <testcase name="generarNumero[715]" classname="ed22_ud12_Ejercicio2_GeneradorIP.GeneradorIpTest" time="0"/>
  <testcase name="generarNumero[716]" classname="ed22_ud12_Ejercicio2_GeneradorIP.GeneradorIpTest" time="0"/>
  <testcase name="generarNumero[717]" classname="ed22_ud12_Ejercicio2_GeneradorIP.GeneradorIpTest" time="0"/>
  <testcase name="generarNumero[718]" classname="ed22_ud12_Ejercicio2_GeneradorIP.GeneradorIpTest" time="0"/>
  <testcase name="generarNumero[719]" classname="ed22_ud12_Ejercicio2_GeneradorIP.GeneradorIpTest" time="0"/>
  <testcase name="generarNumero[720]" classname="ed22_ud12_Ejercicio2_GeneradorIP.GeneradorIpTest" time="0"/>
  <testcase name="generarNumero[721]" classname="ed22_ud12_Ejercicio2_GeneradorIP.GeneradorIpTest" time="0"/>
[...]
  <testcase name="generarIp[814]" classname="ed22_ud12_Ejercicio2_GeneradorIP.GeneradorIpTest" time="0.001"/>
  <testcase name="generarIp[815]" classname="ed22_ud12_Ejercicio2_GeneradorIP.GeneradorIpTest" time="0"/>
  <testcase name="generarIp[816]" classname="ed22_ud12_Ejercicio2_GeneradorIP.GeneradorIpTest" time="0"/>
  <testcase name="generarIp[817]" classname="ed22_ud12_Ejercicio2_GeneradorIP.GeneradorIpTest" time="0"/>
  <testcase name="generarIp[818]" classname="ed22_ud12_Ejercicio2_GeneradorIP.GeneradorIpTest" time="0"/>
  <testcase name="generarIp[819]" classname="ed22_ud12_Ejercicio2_GeneradorIP.GeneradorIpTest" time="0.001"/>
  <testcase name="generarIp[820]" classname="ed22_ud12_Ejercicio2_GeneradorIP.GeneradorIpTest" time="0"/>
  <testcase name="generarIp[821]" classname="ed22_ud12_Ejercicio2_GeneradorIP.GeneradorIpTest" time="0"/>
  <testcase name="generarIp[822]" classname="ed22_ud12_Ejercicio2_GeneradorIP.GeneradorIpTest" time="0"/>
  <testcase name="generarIp[823]" classname="ed22_ud12_Ejercicio2_GeneradorIP.GeneradorIpTest" time="0"/>
  <testcase name="generarIp[824]" classname="ed22_ud12_Ejercicio2_GeneradorIP.GeneradorIpTest" time="0"/>
  <testcase name="generarIp[825]" classname="ed22_ud12_Ejercicio2_GeneradorIP.GeneradorIpTest" time="0"/>
  <testcase name="generarIp[826]" classname="ed22_ud12_Ejercicio2_GeneradorIP.GeneradorIpTest" time="0"/>
  <testcase name="generarIp[827]" classname="ed22_ud12_Ejercicio2_GeneradorIP.GeneradorIpTest" time="0"/>
  <testcase name="generarIp[828]" classname="ed22_ud12_Ejercicio2_GeneradorIP.GeneradorIpTest" time="0"/>
  <testcase name="generarIp[829]" classname="ed22_ud12_Ejercicio2_GeneradorIP.GeneradorIpTest" time="0"/>
  <testcase name="generarIp[830]" classname="ed22_ud12_Ejercicio2_GeneradorIP.GeneradorIpTest" time="0"/>
  <testcase name="generarIp[831]" classname="ed22_ud12_Ejercicio2_GeneradorIP.GeneradorIpTest" time="0"/>
  <testcase name="generarIp[832]" classname="ed22_ud12_Ejercicio2_GeneradorIP.GeneradorIpTest" time="0"/>
  <testcase name="generarIp[833]" classname="ed22_ud12_Ejercicio2_GeneradorIP.GeneradorIpTest" time="0.001"/>
  <testcase name="generarIp[834]" classname="ed22_ud12_Ejercicio2_GeneradorIP.GeneradorIpTest" time="0"/>
  <testcase name="generarIp[835]" classname="ed22_ud12_Ejercicio2_GeneradorIP.GeneradorIpTest" time="0"/>
  <testcase name="generarIp[836]" classname="ed22_ud12_Ejercicio2_GeneradorIP.GeneradorIpTest" time="0"/>
  <testcase name="generarIp[837]" classname="ed22_ud12_Ejercicio2_GeneradorIP.GeneradorIpTest" time="0.001"/>
  <testcase name="generarIp[838]" classname="ed22_ud12_Ejercicio2_GeneradorIP.GeneradorIpTest" time="0"/>
  <testcase name="generarIp[839]" classname="ed22_ud12_Ejercicio2_GeneradorIP.GeneradorIpTest" time="0"/>
  <testcase name="generarIp[840]" classname="ed22_ud12_Ejercicio2_GeneradorIP.GeneradorIpTest" time="0"/>
  <testcase name="generarIp[841]" classname="ed22_ud12_Ejercicio2_GeneradorIP.GeneradorIpTest" time="0"/>
  <testcase name="generarIp[842]" classname="ed22_ud12_Ejercicio2_GeneradorIP.GeneradorIpTest" time="0"/>
  <testcase name="generarIp[843]" classname="ed22_ud12_Ejercicio2_GeneradorIP.GeneradorIpTest" time="0"/>
  <testcase name="generarIp[844]" classname="ed22_ud12_Ejercicio2_GeneradorIP.GeneradorIpTest" time="0"/>
  <testcase name="generarIp[845]" classname="ed22_ud12_Ejercicio2_GeneradorIP.GeneradorIpTest" time="0"/>
  <testcase name="generarIp[846]" classname="ed22_ud12_Ejercicio2_GeneradorIP.GeneradorIpTest" time="0"/>
  <testcase name="generarIp[847]" classname="ed22_ud12_Ejercicio2_GeneradorIP.GeneradorIpTest" time="0"/>
  <testcase name="generarIp[848]" classname="ed22_ud12_Ejercicio2_GeneradorIP.GeneradorIpTest" time="0"/>
  <testcase name="generarIp[849]" classname="ed22_ud12_Ejercicio2_GeneradorIP.GeneradorIpTest" time="0"/>
  <testcase name="generarIp[850]" classname="ed22_ud12_Ejercicio2_GeneradorIP.GeneradorIpTest" time="0"/>
  <testcase name="generarIp[851]" classname="ed22_ud12_Ejercicio2_GeneradorIP.GeneradorIpTest" time="0"/>
  <testcase name="generarIp[852]" classname="ed22_ud12_Ejercicio2_GeneradorIP.GeneradorIpTest" time="0"/>
  <testcase name="generarIp[853]" classname="ed22_ud12_Ejercicio2_GeneradorIP.GeneradorIpTest" time="0.001"/>
  <testcase name="generarIp[854]" classname="ed22_ud12_Ejercicio2_GeneradorIP.GeneradorIpTest" time="0"/>
  <testcase name="generarIp[855]" classname="ed22_ud12_Ejercicio2_GeneradorIP.GeneradorIpTest" time="0"/>
  <testcase name="generarIp[856]" classname="ed22_ud12_Ejercicio2_GeneradorIP.GeneradorIpTest" time="0"/>
  <testcase name="generarIp[857]" classname="ed22_ud12_Ejercicio2_GeneradorIP.GeneradorIpTest" time="0"/>
  <testcase name="generarIp[858]" classname="ed22_ud12_Ejercicio2_GeneradorIP.GeneradorIpTest" time="0"/>
  <testcase name="generarIp[859]" classname="ed22_ud12_Ejercicio2_GeneradorIP.GeneradorIpTest" time="0"/>
  <testcase name="generarIp[860]" classname="ed22_ud12_Ejercicio2_GeneradorIP.GeneradorIpTest" time="0"/>
  <testcase name="generarIp[861]" classname="ed22_ud12_Ejercicio2_GeneradorIP.GeneradorIpTest" time="0"/>
  <testcase name="generarIp[862]" classname="ed22_ud12_Ejercicio2_GeneradorIP.GeneradorIpTest" time="0"/>
  <testcase name="generarIp[863]" classname="ed22_ud12_Ejercicio2_GeneradorIP.GeneradorIpTest" time="0"/>
  <testcase name="generarIp[864]" classname="ed22_ud12_Ejercicio2_GeneradorIP.GeneradorIpTest" time="0"/>
  <testcase name="generarIp[865]" classname="ed22_ud12_Ejercicio2_GeneradorIP.GeneradorIpTest" time="0"/>
  <testcase name="generarIp[866]" classname="ed22_ud12_Ejercicio2_GeneradorIP.GeneradorIpTest" time="0"/>
  <testcase name="generarIp[867]" classname="ed22_ud12_Ejercicio2_GeneradorIP.GeneradorIpTest" time="0"/>
  <testcase name="generarIp[868]" classname="ed22_ud12_Ejercicio2_GeneradorIP.GeneradorIpTest" time="0"/>
  <testcase name="generarIp[869]" classname="ed22_ud12_Ejercicio2_GeneradorIP.GeneradorIpTest" time="0"/>
  <testcase name="generarIp[870]" classname="ed22_ud12_Ejercicio2_GeneradorIP.GeneradorIpTest" time="0"/>
  <testcase name="generarIp[871]" classname="ed22_ud12_Ejercicio2_GeneradorIP.GeneradorIpTest" time="0"/>
  <testcase name="generarIp[872]" classname="ed22_ud12_Ejercicio2_GeneradorIP.GeneradorIpTest" time="0"/>
  <testcase name="generarIp[873]" classname="ed22_ud12_Ejercicio2_GeneradorIP.GeneradorIpTest" time="0"/>
  <testcase name="generarIp[874]" classname="ed22_ud12_Ejercicio2_GeneradorIP.GeneradorIpTest" time="0"/>
  <testcase name="generarIp[875]" classname="ed22_ud12_Ejercicio2_GeneradorIP.GeneradorIpTest" time="0"/>
  <testcase name="generarIp[876]" classname="ed22_ud12_Ejercicio2_GeneradorIP.GeneradorIpTest" time="0"/>
  <testcase name="generarIp[877]" classname="ed22_ud12_Ejercicio2_GeneradorIP.GeneradorIpTest" time="0"/>
  <testcase name="generarIp[878]" classname="ed22_ud12_Ejercicio2_GeneradorIP.GeneradorIpTest" time="0"/>
  <testcase name="generarIp[879]" classname="ed22_ud12_Ejercicio2_GeneradorIP.GeneradorIpTest" time="0"/>
  <testcase name="generarIp[880]" classname="ed22_ud12_Ejercicio2_GeneradorIP.GeneradorIpTest" time="0.001"/>
  <testcase name="generarIp[881]" classname="ed22_ud12_Ejercicio2_GeneradorIP.GeneradorIpTest" time="0"/>
  <testcase name="generarIp[882]" classname="ed22_ud12_Ejercicio2_GeneradorIP.GeneradorIpTest" time="0"/>
  <testcase name="generarIp[883]" classname="ed22_ud12_Ejercicio2_GeneradorIP.GeneradorIpTest" time="0"/>
  <testcase name="generarIp[884]" classname="ed22_ud12_Ejercicio2_GeneradorIP.GeneradorIpTest" time="0"/>
  <testcase name="generarIp[885]" classname="ed22_ud12_Ejercicio2_GeneradorIP.GeneradorIpTest" time="0"/>
  <testcase name="generarIp[886]" classname="ed22_ud12_Ejercicio2_GeneradorIP.GeneradorIpTest" time="0.003"/>
  <testcase name="generarIp[887]" classname="ed22_ud12_Ejercicio2_GeneradorIP.GeneradorIpTest" time="0"/>
  <testcase name="generarIp[888]" classname="ed22_ud12_Ejercicio2_GeneradorIP.GeneradorIpTest" time="0"/>
  <testcase name="generarIp[889]" classname="ed22_ud12_Ejercicio2_GeneradorIP.GeneradorIpTest" time="0"/>
  <testcase name="generarIp[890]" classname="ed22_ud12_Ejercicio2_GeneradorIP.GeneradorIpTest" time="0"/>
  <testcase name="generarIp[891]" classname="ed22_ud12_Ejercicio2_GeneradorIP.GeneradorIpTest" time="0"/>
  <testcase name="generarIp[892]" classname="ed22_ud12_Ejercicio2_GeneradorIP.GeneradorIpTest" time="0"/>
  <testcase name="generarIp[893]" classname="ed22_ud12_Ejercicio2_GeneradorIP.GeneradorIpTest" time="0"/>
  <testcase name="generarIp[894]" classname="ed22_ud12_Ejercicio2_GeneradorIP.GeneradorIpTest" time="0"/>
  <testcase name="generarIp[895]" classname="ed22_ud12_Ejercicio2_GeneradorIP.GeneradorIpTest" time="0"/>
  <testcase name="generarIp[896]" classname="ed22_ud12_Ejercicio2_GeneradorIP.GeneradorIpTest" time="0"/>
  <testcase name="generarIp[897]" classname="ed22_ud12_Ejercicio2_GeneradorIP.GeneradorIpTest" time="0"/>
  <testcase name="generarIp[898]" classname="ed22_ud12_Ejercicio2_GeneradorIP.GeneradorIpTest" time="0"/>
  <testcase name="generarIp[899]" classname="ed22_ud12_Ejercicio2_GeneradorIP.GeneradorIpTest" time="0"/>
  <testcase name="generarIp[900]" classname="ed22_ud12_Ejercicio2_GeneradorIP.GeneradorIpTest" time="0"/>
  <testcase name="generarIp[901]" classname="ed22_ud12_Ejercicio2_GeneradorIP.GeneradorIpTest" time="0"/>
  <testcase name="generarIp[902]" classname="ed22_ud12_Ejercicio2_GeneradorIP.GeneradorIpTest" time="0"/>
  <testcase name="generarIp[903]" classname="ed22_ud12_Ejercicio2_GeneradorIP.GeneradorIpTest" time="0"/>
  <testcase name="generarIp[904]" classname="ed22_ud12_Ejercicio2_GeneradorIP.GeneradorIpTest" time="0"/>
  <testcase name="generarIp[905]" classname="ed22_ud12_Ejercicio2_GeneradorIP.GeneradorIpTest" time="0"/>
  <testcase name="generarIp[906]" classname="ed22_ud12_Ejercicio2_GeneradorIP.GeneradorIpTest" time="0.001"/>
  <testcase name="generarIp[907]" classname="ed22_ud12_Ejercicio2_GeneradorIP.GeneradorIpTest" time="0"/>
  <testcase name="generarIp[908]" classname="ed22_ud12_Ejercicio2_GeneradorIP.GeneradorIpTest" time="0"/>
  <testcase name="generarIp[909]" classname="ed22_ud12_Ejercicio2_GeneradorIP.GeneradorIpTest" time="0"/>
  <testcase name="generarIp[910]" classname="ed22_ud12_Ejercicio2_GeneradorIP.GeneradorIpTest" time="0"/>
  <testcase name="generarIp[911]" classname="ed22_ud12_Ejercicio2_GeneradorIP.GeneradorIpTest" time="0.001"/>
  <testcase name="generarIp[912]" classname="ed22_ud12_Ejercicio2_GeneradorIP.GeneradorIpTest" time="0"/>
  <testcase name="generarIp[913]" classname="ed22_ud12_Ejercicio2_GeneradorIP.GeneradorIpTest" time="0"/>
  <testcase name="generarIp[914]" classname="ed22_ud12_Ejercicio2_GeneradorIP.GeneradorIpTest" time="0"/>
  <testcase name="generarIp[915]" classname="ed22_ud12_Ejercicio2_GeneradorIP.GeneradorIpTest" time="0"/>
  <testcase name="generarIp[916]" classname="ed22_ud12_Ejercicio2_GeneradorIP.GeneradorIpTest" time="0"/>
  <testcase name="generarIp[917]" classname="ed22_ud12_Ejercicio2_GeneradorIP.GeneradorIpTest" time="0"/>
  <testcase name="generarIp[918]" classname="ed22_ud12_Ejercicio2_GeneradorIP.GeneradorIpTest" time="0"/>
  <testcase name="generarIp[919]" classname="ed22_ud12_Ejercicio2_GeneradorIP.GeneradorIpTest" time="0"/>
  <testcase name="generarIp[920]" classname="ed22_ud12_Ejercicio2_GeneradorIP.GeneradorIpTest" time="0"/>
  <testcase name="generarIp[921]" classname="ed22_ud12_Ejercicio2_GeneradorIP.GeneradorIpTest" time="0"/>
  <testcase name="generarIp[922]" classname="ed22_ud12_Ejercicio2_GeneradorIP.GeneradorIpTest" time="0"/>
  <testcase name="generarIp[923]" classname="ed22_ud12_Ejercicio2_GeneradorIP.GeneradorIpTest" time="0"/>
  <testcase name="generarIp[924]" classname="ed22_ud12_Ejercicio2_GeneradorIP.GeneradorIpTest" time="0"/>
  <testcase name="generarIp[925]" classname="ed22_ud12_Ejercicio2_GeneradorIP.GeneradorIpTest" time="0"/>
  <testcase name="generarIp[926]" classname="ed22_ud12_Ejercicio2_GeneradorIP.GeneradorIpTest" time="0"/>
  <testcase name="generarIp[927]" classname="ed22_ud12_Ejercicio2_GeneradorIP.GeneradorIpTest" time="0"/>
  <testcase name="generarIp[928]" classname="ed22_ud12_Ejercicio2_GeneradorIP.GeneradorIpTest" time="0"/>
  <testcase name="generarIp[929]" classname="ed22_ud12_Ejercicio2_GeneradorIP.GeneradorIpTest" time="0"/>
  <testcase name="generarIp[930]" classname="ed22_ud12_Ejercicio2_GeneradorIP.GeneradorIpTest" time="0"/>
  <testcase name="generarIp[931]" classname="ed22_ud12_Ejercicio2_GeneradorIP.GeneradorIpTest" time="0.001"/>
  <testcase name="generarIp[932]" classname="ed22_ud12_Ejercicio2_GeneradorIP.GeneradorIpTest" time="0"/>
  <testcase name="generarIp[933]" classname="ed22_ud12_Ejercicio2_GeneradorIP.GeneradorIpTest" time="0"/>
  <testcase name="generarIp[934]" classname="ed22_ud12_Ejercicio2_GeneradorIP.GeneradorIpTest" time="0"/>
  <testcase name="generarIp[935]" classname="ed22_ud12_Ejercicio2_GeneradorIP.GeneradorIpTest" time="0"/>
  <testcase name="generarIp[936]" classname="ed22_ud12_Ejercicio2_GeneradorIP.GeneradorIpTest" time="0.001"/>
  <testcase name="generarIp[937]" classname="ed22_ud12_Ejercicio2_GeneradorIP.GeneradorIpTest" time="0"/>
  <testcase name="generarIp[938]" classname="ed22_ud12_Ejercicio2_GeneradorIP.GeneradorIpTest" time="0"/>
  <testcase name="generarIp[939]" classname="ed22_ud12_Ejercicio2_GeneradorIP.GeneradorIpTest" time="0"/>
  <testcase name="generarIp[940]" classname="ed22_ud12_Ejercicio2_GeneradorIP.GeneradorIpTest" time="0"/>
  <testcase name="generarIp[941]" classname="ed22_ud12_Ejercicio2_GeneradorIP.GeneradorIpTest" time="0"/>
  <testcase name="generarIp[942]" classname="ed22_ud12_Ejercicio2_GeneradorIP.GeneradorIpTest" time="0"/>
  <testcase name="generarIp[943]" classname="ed22_ud12_Ejercicio2_GeneradorIP.GeneradorIpTest" time="0"/>
  <testcase name="generarIp[944]" classname="ed22_ud12_Ejercicio2_GeneradorIP.GeneradorIpTest" time="0"/>
  <testcase name="generarIp[945]" classname="ed22_ud12_Ejercicio2_GeneradorIP.GeneradorIpTest" time="0"/>
  <testcase name="generarIp[946]" classname="ed22_ud12_Ejercicio2_GeneradorIP.GeneradorIpTest" time="0"/>
  <testcase name="generarIp[947]" classname="ed22_ud12_Ejercicio2_GeneradorIP.GeneradorIpTest" time="0"/>
  <testcase name="generarIp[948]" classname="ed22_ud12_Ejercicio2_GeneradorIP.GeneradorIpTest" time="0"/>
  <testcase name="generarIp[949]" classname="ed22_ud12_Ejercicio2_GeneradorIP.GeneradorIpTest" time="0"/>
  <testcase name="generarIp[950]" classname="ed22_ud12_Ejercicio2_GeneradorIP.GeneradorIpTest" time="0.001"/>
  <testcase name="generarIp[951]" classname="ed22_ud12_Ejercicio2_GeneradorIP.GeneradorIpTest" time="0"/>
  <testcase name="generarIp[952]" classname="ed22_ud12_Ejercicio2_GeneradorIP.GeneradorIpTest" time="0"/>
  <testcase name="generarIp[953]" classname="ed22_ud12_Ejercicio2_GeneradorIP.GeneradorIpTest" time="0"/>
  <testcase name="generarIp[954]" classname="ed22_ud12_Ejercicio2_GeneradorIP.GeneradorIpTest" time="0"/>
  <testcase name="generarIp[955]" classname="ed22_ud12_Ejercicio2_GeneradorIP.GeneradorIpTest" time="0"/>
  <testcase name="generarIp[956]" classname="ed22_ud12_Ejercicio2_GeneradorIP.GeneradorIpTest" time="0"/>
  <testcase name="generarIp[957]" classname="ed22_ud12_Ejercicio2_GeneradorIP.GeneradorIpTest" time="0"/>
  <testcase name="generarIp[958]" classname="ed22_ud12_Ejercicio2_GeneradorIP.GeneradorIpTest" time="0"/>
  <testcase name="generarIp[959]" classname="ed22_ud12_Ejercicio2_GeneradorIP.GeneradorIpTest" time="0.001"/>
  <testcase name="generarIp[960]" classname="ed22_ud12_Ejercicio2_GeneradorIP.GeneradorIpTest" time="0"/>
  <testcase name="generarIp[961]" classname="ed22_ud12_Ejercicio2_GeneradorIP.GeneradorIpTest" time="0"/>
  <testcase name="generarIp[962]" classname="ed22_ud12_Ejercicio2_GeneradorIP.GeneradorIpTest" time="0"/>
  <testcase name="generarIp[963]" classname="ed22_ud12_Ejercicio2_GeneradorIP.GeneradorIpTest" time="0"/>
  <testcase name="generarIp[964]" classname="ed22_ud12_Ejercicio2_GeneradorIP.GeneradorIpTest" time="0.001"/>
  <testcase name="generarIp[965]" classname="ed22_ud12_Ejercicio2_GeneradorIP.GeneradorIpTest" time="0"/>
  <testcase name="generarIp[966]" classname="ed22_ud12_Ejercicio2_GeneradorIP.GeneradorIpTest" time="0"/>
  <testcase name="generarIp[967]" classname="ed22_ud12_Ejercicio2_GeneradorIP.GeneradorIpTest" time="0"/>
  <testcase name="generarIp[968]" classname="ed22_ud12_Ejercicio2_GeneradorIP.GeneradorIpTest" time="0"/>
  <testcase name="generarIp[969]" classname="ed22_ud12_Ejercicio2_GeneradorIP.GeneradorIpTest" time="0"/>
  <testcase name="generarIp[970]" classname="ed22_ud12_Ejercicio2_GeneradorIP.GeneradorIpTest" time="0"/>
  <testcase name="generarIp[971]" classname="ed22_ud12_Ejercicio2_GeneradorIP.GeneradorIpTest" time="0"/>
  <testcase name="generarIp[972]" classname="ed22_ud12_Ejercicio2_GeneradorIP.GeneradorIpTest" time="0"/>
  <testcase name="generarIp[973]" classname="ed22_ud12_Ejercicio2_GeneradorIP.GeneradorIpTest" time="0"/>
  <testcase name="generarIp[974]" classname="ed22_ud12_Ejercicio2_GeneradorIP.GeneradorIpTest" time="0"/>
  <testcase name="generarIp[975]" classname="ed22_ud12_Ejercicio2_GeneradorIP.GeneradorIpTest" time="0"/>
  <testcase name="generarIp[976]" classname="ed22_ud12_Ejercicio2_GeneradorIP.GeneradorIpTest" time="0"/>
  <testcase name="generarIp[977]" classname="ed22_ud12_Ejercicio2_GeneradorIP.GeneradorIpTest" time="0"/>
  <testcase name="generarIp[978]" classname="ed22_ud12_Ejercicio2_GeneradorIP.GeneradorIpTest" time="0"/>
  <testcase name="generarIp[979]" classname="ed22_ud12_Ejercicio2_GeneradorIP.GeneradorIpTest" time="0"/>
  <testcase name="generarIp[980]" classname="ed22_ud12_Ejercicio2_GeneradorIP.GeneradorIpTest" time="0"/>
  <testcase name="generarIp[981]" classname="ed22_ud12_Ejercicio2_GeneradorIP.GeneradorIpTest" time="0"/>
  <testcase name="generarIp[982]" classname="ed22_ud12_Ejercicio2_GeneradorIP.GeneradorIpTest" time="0.001"/>
  <testcase name="generarIp[983]" classname="ed22_ud12_Ejercicio2_GeneradorIP.GeneradorIpTest" time="0"/>
  <testcase name="generarIp[984]" classname="ed22_ud12_Ejercicio2_GeneradorIP.GeneradorIpTest" time="0"/>
  <testcase name="generarIp[985]" classname="ed22_ud12_Ejercicio2_GeneradorIP.GeneradorIpTest" time="0"/>
  <testcase name="generarIp[986]" classname="ed22_ud12_Ejercicio2_GeneradorIP.GeneradorIpTest" time="0.001"/>
  <testcase name="generarIp[987]" classname="ed22_ud12_Ejercicio2_GeneradorIP.GeneradorIpTest" time="0"/>
  <testcase name="generarIp[988]" classname="ed22_ud12_Ejercicio2_GeneradorIP.GeneradorIpTest" time="0"/>
  <testcase name="generarIp[989]" classname="ed22_ud12_Ejercicio2_GeneradorIP.GeneradorIpTest" time="0"/>
  <testcase name="generarIp[990]" classname="ed22_ud12_Ejercicio2_GeneradorIP.GeneradorIpTest" time="0"/>
  <testcase name="generarIp[991]" classname="ed22_ud12_Ejercicio2_GeneradorIP.GeneradorIpTest" time="0.001"/>
  <testcase name="generarIp[992]" classname="ed22_ud12_Ejercicio2_GeneradorIP.GeneradorIpTest" time="0"/>
  <testcase name="generarIp[993]" classname="ed22_ud12_Ejercicio2_GeneradorIP.GeneradorIpTest" time="0"/>
  <testcase name="generarIp[994]" classname="ed22_ud12_Ejercicio2_GeneradorIP.GeneradorIpTest" time="0"/>
  <testcase name="generarIp[995]" classname="ed22_ud12_Ejercicio2_GeneradorIP.GeneradorIpTest" time="0"/>
  <testcase name="generarIp[996]" classname="ed22_ud12_Ejercicio2_GeneradorIP.GeneradorIpTest" time="0"/>
  <testcase name="generarIp[997]" classname="ed22_ud12_Ejercicio2_GeneradorIP.GeneradorIpTest" time="0"/>
  <testcase name="generarIp[998]" classname="ed22_ud12_Ejercicio2_GeneradorIP.GeneradorIpTest" time="0"/>
  <testcase name="generarIp[999]" classname="ed22_ud12_Ejercicio2_GeneradorIP.GeneradorIpTest" time="0"/>
  <testcase name="generarIp[1000]" classname="ed22_ud12_Ejercicio2_GeneradorIP.GeneradorIpTest" time="0"/>
</testsuite>