<?xml version="1.0" encoding="UTF-8"?>
<testsuite xmlns:xsi="http://www.w3.org/2001/XMLSchema-instance" xsi:noNamespaceSchemaLocation="https://maven.apache.org/surefire/maven-surefire-plugin/xsd/surefire-test-report.xsd" name="ed22_ud12_Ejercicio2_GeneradorIP.GeneradorTest" time="1.834" tests="2005" errors="2" skipped="0" failures="1002">
  <properties>
[...]
</properties>
  <testcase name="testNotSameObject" classname="ed22_ud12_Ejercicio2_GeneradorIP.GeneradorTest" time="0.015">
    <failure message="expected: not same but was: &lt;null&gt;" type="org.opentest4j.AssertionFailedError"><![CDATA[org.opentest4j.AssertionFailedError: expected: not same but was: <null>
	at ed22_ud12_Ejercicio2_GeneradorIP.GeneradorTest.testNotSameObject(GeneradorTest.java:41)
]]></failure>
  </testcase>
  <testcase name="test" classname="ed22_ud12_Ejercicio2_GeneradorIP.GeneradorTest" time="0">
    <failure message="Not yet implemented" type="org.opentest4j.AssertionFailedError">org.opentest4j.AssertionFailedError: Not yet implemented
	at ed22_ud12_Ejercicio2_GeneradorIP.GeneradorTest.test(GeneradorTest.java:22)
</failure>
  </testcase>
  <testcase name="testIfIsNotNull[1]" classname="ed22_ud12_Ejercicio2_GeneradorIP.GeneradorTest" time="0.002">
    <failure message="expected: not &lt;null&gt;" type="org.opentest4j.AssertionFailedError"><![CDATA[org.opentest4j.AssertionFailedError: expected: not <null>
	at ed22_ud12_Ejercicio2_GeneradorIP.GeneradorTest.testIfIsNotNull(GeneradorTest.java:32)
]]></failure>
  </testcase>
  <testcase name="testIfIsNotNull[2]" classname="ed22_ud12_Ejercicio2_GeneradorIP.GeneradorTest" time="0.001">
    <failure message="expected: not &lt;null&gt;" type="org.opentest4j.AssertionFailedError"><![CDATA[org.opentest4j.AssertionFailedError: expected: not <null>
	at ed22_ud12_Ejercicio2_GeneradorIP.GeneradorTest.testIfIsNotNull(GeneradorTest.java:32)
]]></failure>
  </testcase>
  <testcase name="testIfIsNotNull[3]" classname="ed22_ud12_Ejercicio2_GeneradorIP.GeneradorTest" time="0.001">
    <failure message="expected: not &lt;null&gt;" type="org.opentest4j.AssertionFailedError"><![CDATA[org.opentest4j.AssertionFailedError: expected: not <null>
	at ed22_ud12_Ejercicio2_GeneradorIP.GeneradorTest.testIfIsNotNull(GeneradorTest.java:32)
]]></failure>
  </testcase>
  <testcase name="testIfIsNotNull[4]" classname="ed22_ud12_Ejercicio2_GeneradorIP.GeneradorTest" time="0.001">
    <failure message="expected: not &lt;null&gt;" type="org.opentest4j.AssertionFailedError"><![CDATA[org.opentest4j.AssertionFailedError: expected: not <null>
	at ed22_ud12_Ejercicio2_GeneradorIP.GeneradorTest.testIfIsNotNull(GeneradorTest.java:32)
]]></failure>
  </testcase>
  <testcase name="testIfIsNotNull[5]" classname="ed22_ud12_Ejercicio2_GeneradorIP.GeneradorTest" time="0.001">
    <failure message="expected: not &lt;null&gt;" type="org.opentest4j.AssertionFailedError"><![CDATA[org.opentest4j.AssertionFailedError: expected: not <null>
	at ed22_ud12_Ejercicio2_GeneradorIP.GeneradorTest.testIfIsNotNull(GeneradorTest.java:32)
]]></failure>
  </testcase>
  <testcase name="testIfIsNotNull[6]" classname="ed22_ud12_Ejercicio2_GeneradorIP.GeneradorTest" time="0.001">
    <failure message="expected: not &lt;null&gt;" type="org.opentest4j.AssertionFailedError"><![CDATA[org.opentest4j.AssertionFailedError: expected: not <null>
	at ed22_ud12_Ejercicio2_GeneradorIP.GeneradorTest.testIfIsNotNull(GeneradorTest.java:32)
]]></failure>
  </testcase>
  <testcase name="testIfIsNotNull[7]" classname="ed22_ud12_Ejercicio2_GeneradorIP.GeneradorTest" time="0.001">
    <failure message="expected: not &lt;null&gt;" type="org.opentest4j.AssertionFailedError"><![CDATA[org.opentest4j.AssertionFailedError: expected: not <null>
	at ed22_ud12_Ejercicio2_GeneradorIP.GeneradorTest.testIfIsNotNull(GeneradorTest.java:32)
]]></failure>
  </testcase>
  <testcase name="testIfIsNotNull[8]" classname="ed22_ud12_Ejercicio2_GeneradorIP.GeneradorTest" time="0.001">
    <failure message="expected: not &lt;null&gt;" type="org.opentest4j.AssertionFailedError"><![CDATA[org.opentest4j.AssertionFailedError: expected: not <null>
	at ed22_ud12_Ejercicio2_GeneradorIP.GeneradorTest.testIfIsNotNull(GeneradorTest.java:32)
]]></failure>
  </testcase>
  <testcase name="testIfIsNotNull[9]" classname="ed22_ud12_Ejercicio2_GeneradorIP.GeneradorTest" time="0">
    <failure message="expected: not &lt;null&gt;" type="org.opentest4j.AssertionFailedError"><![CDATA[org.opentest4j.AssertionFailedError: expected: not <null>
	at ed22_ud12_Ejercicio2_GeneradorIP.GeneradorTest.testIfIsNotNull(GeneradorTest.java:32)
]]></failure>
  </testcase>
  <testcase name="testIfIsNotNull[10]" classname="ed22_ud12_Ejercicio2_GeneradorIP.GeneradorTest" time="0.001">
    <failure message="expected: not &lt;null&gt;" type="org.opentest4j.AssertionFailedError"><![CDATA[org.opentest4j.AssertionFailedError: expected: not <null>
	at ed22_ud12_Ejercicio2_GeneradorIP.GeneradorTest.testIfIsNotNull(GeneradorTest.java:32)
]]></failure>
  </testcase>
  <testcase name="testIfIsNotNull[11]" classname="ed22_ud12_Ejercicio2_GeneradorIP.GeneradorTest" time="0.001">
    <failure message="expected: not &lt;null&gt;" type="org.opentest4j.AssertionFailedError"><![CDATA[org.opentest4j.AssertionFailedError: expected: not <null>
	at ed22_ud12_Ejercicio2_GeneradorIP.GeneradorTest.testIfIsNotNull(GeneradorTest.java:32)
]]></failure>
  </testcase>
  <testcase name="testIfIsNotNull[12]" classname="ed22_ud12_Ejercicio2_GeneradorIP.GeneradorTest" time="0.001">
    <failure message="expected: not &lt;null&gt;" type="org.opentest4j.AssertionFailedError"><![CDATA[org.opentest4j.AssertionFailedError: expected: not <null>
	at ed22_ud12_Ejercicio2_GeneradorIP.GeneradorTest.testIfIsNotNull(GeneradorTest.java:32)
]]></failure>
  </testcase>
  <testcase name="testIfIsNotNull[13]" classname="ed22_ud12_Ejercicio2_GeneradorIP.GeneradorTest" time="0.001">
    <failure message="expected: not &lt;null&gt;" type="org.opentest4j.AssertionFailedError"><![CDATA[org.opentest4j.AssertionFailedError: expected: not <null>
	at ed22_ud12_Ejercicio2_GeneradorIP.GeneradorTest.testIfIsNotNull(GeneradorTest.java:32)
]]></failure>
  </testcase>
  <testcase name="testIfIsNotNull[14]" classname="ed22_ud12_Ejercicio2_GeneradorIP.GeneradorTest" time="0.001">
    <failure message="expected: not &lt;null&gt;" type="org.opentest4j.AssertionFailedError"><![CDATA[org.opentest4j.AssertionFailedError: expected: not <null>
	at ed22_ud12_Ejercicio2_GeneradorIP.GeneradorTest.testIfIsNotNull(GeneradorTest.java:32)
]]></failure>
  </testcase>
  <testcase name="testIfIsNotNull[15]" classname="ed22_ud12_Ejercicio2_GeneradorIP.GeneradorTest" time="0.001">
    <failure message="expected: not &lt;null&gt;" type="org.opentest4j.AssertionFailedError"><![CDATA[org.opentest4j.AssertionFailedError: expected: not <null>
	at ed22_ud12_Ejercicio2_GeneradorIP.GeneradorTest.testIfIsNotNull(GeneradorTest.java:32)
]]></failure>
  </testcase>
  <testcase name="testIfIsNotNull[16]" classname="ed22_ud12_Ejercicio2_GeneradorIP.GeneradorTest" time="0.001">
    <failure message="expected: not &lt;null&gt;" type="org.opentest4j.AssertionFailedError"><![CDATA[org.opentest4j.AssertionFailedError: expected: not <null>
	at ed22_ud12_Ejercicio2_GeneradorIP.GeneradorTest.testIfIsNotNull(GeneradorTest.java:32)
]]></failure>
  </testcase>
  <testcase name="testIfIsNotNull[17]" classname="ed22_ud12_Ejercicio2_GeneradorIP.GeneradorTest" time="0.001">
    <failure message="expected: not &lt;null&gt;" type="org.opentest4j.AssertionFailedError"><![CDATA[org.opentest4j.AssertionFailedError: expected: not <null>
	at ed22_ud12_Ejercicio2_GeneradorIP.GeneradorTest.testIfIsNotNull(GeneradorTest.java:32)
]]></failure>
  </testcase>
  <testcase name="testIfIsNotNull[18]" classname="ed22_ud12_Ejercicio2_GeneradorIP.GeneradorTest" time="0">
    <failure message="expected: not &lt;null&gt;" type="org.opentest4j.AssertionFailedError"><![CDATA[org.opentest4j.AssertionFailedError: expected: not <null>
	at ed22_ud12_Ejercicio2_GeneradorIP.GeneradorTest.testIfIsNotNull(GeneradorTest.java:32)
]]></failure>
  </testcase>
  <testcase name="testIfIsNotNull[19]" classname="ed22_ud12_Ejercicio2_GeneradorIP.GeneradorTest" time="0.001">
    <failure message="expected: not &lt;null&gt;" type="org.opentest4j.AssertionFailedError"><![CDATA[org.opentest4j.AssertionFailedError: expected: not <null>
	at ed22_ud12_Ejercicio2_GeneradorIP.GeneradorTest.testIfIsNotNull(GeneradorTest.java:32)
]]></failure>
  </testcase>
  <testcase name="testIfIsNotNull[20]" classname="ed22_ud12_Ejercicio2_GeneradorIP.GeneradorTest" time="0.001">
    <failure message="expected: not &lt;null&gt;" type="org.opentest4j.AssertionFailedError"><![CDATA[org.opentest4j.AssertionFailedError: expected: not <null>
	at ed22_ud12_Ejercicio2_GeneradorIP.GeneradorTest.testIfIsNotNull(GeneradorTest.java:32)
]]></failure>
  </testcase>
  <testcase name="testIfIsNotNull[21]" classname="ed22_ud12_Ejercicio2_GeneradorIP.GeneradorTest" time="0.001">
    <failure message="expected: not &lt;null&gt;" type="org.opentest4j.AssertionFailedError"><![CDATA[org.opentest4j.AssertionFailedError: expected: not <null>
	at ed22_ud12_Ejercicio2_GeneradorIP.GeneradorTest.testIfIsNotNull(GeneradorTest.java:32)
]]></failure>
  </testcase>
  <testcase name="testIfIsNotNull[22]" classname="ed22_ud12_Ejercicio2_GeneradorIP.GeneradorTest" time="0">
    <failure message="expected: not &lt;null&gt;" type="org.opentest4j.AssertionFailedError"><![CDATA[org.opentest4j.AssertionFailedError: expected: not <null>
	at ed22_ud12_Ejercicio2_GeneradorIP.GeneradorTest.testIfIsNotNull(GeneradorTest.java:32)
]]></failure>
  </testcase>
  <testcase name="testIfIsNotNull[23]" classname="ed22_ud12_Ejercicio2_GeneradorIP.GeneradorTest" time="0.001">
    <failure message="expected: not &lt;null&gt;" type="org.opentest4j.AssertionFailedError"><![CDATA[org.opentest4j.AssertionFailedError: expected: not <null>
	at ed22_ud12_Ejercicio2_GeneradorIP.GeneradorTest.testIfIsNotNull(GeneradorTest.java:32)
]]></failure>
  </testcase>
  <testcase name="testIfIsNotNull[24]" classname="ed22_ud12_Ejercicio2_GeneradorIP.GeneradorTest" time="0">
    <failure message="expected: not &lt;null&gt;" type="org.opentest4j.AssertionFailedError"><![CDATA[org.opentest4j.AssertionFailedError: expected: not <null>
	at ed22_ud12_Ejercicio2_GeneradorIP.GeneradorTest.testIfIsNotNull(GeneradorTest.java:32)
]]></failure>
  </testcase>
  <testcase name="testIfIsNotNull[25]" classname="ed22_ud12_Ejercicio2_GeneradorIP.GeneradorTest" time="0">
    <failure message="expected: not &lt;null&gt;" type="org.opentest4j.AssertionFailedError"><![CDATA[org.opentest4j.AssertionFailedError: expected: not <null>
	at ed22_ud12_Ejercicio2_GeneradorIP.GeneradorTest.testIfIsNotNull(GeneradorTest.java:32)
]]></failure>
  </testcase>
  <testcase name="testIfIsNotNull[26]" classname="ed22_ud12_Ejercicio2_GeneradorIP.GeneradorTest" time="0.001">
    <failure message="expected: not &lt;null&gt;" type="org.opentest4j.AssertionFailedError"><![CDATA[org.opentest4j.AssertionFailedError: expected: not <null>
	at ed22_ud12_Ejercicio2_GeneradorIP.GeneradorTest.testIfIsNotNull(GeneradorTest.java:32)
]]></failure>
  </testcase>
  <testcase name="testIfIsNotNull[27]" classname="ed22_ud12_Ejercicio2_GeneradorIP.GeneradorTest" time="0">
    <failure message="expected: not &lt;null&gt;" type="org.opentest4j.AssertionFailedError"><![CDATA[org.opentest4j.AssertionFailedError: expected: not <null>
	at ed22_ud12_Ejercicio2_GeneradorIP.GeneradorTest.testIfIsNotNull(GeneradorTest.java:32)
]]></failure>
  </testcase>
  <testcase name="testIfIsNotNull[28]" classname="ed22_ud12_Ejercicio2_GeneradorIP.GeneradorTest" time="0">
    <failure message="expected: not &lt;null&gt;" type="org.opentest4j.AssertionFailedError"><![CDATA[org.opentest4j.AssertionFailedError: expected: not <null>
	at ed22_ud12_Ejercicio2_GeneradorIP.GeneradorTest.testIfIsNotNull(GeneradorTest.java:32)
]]></failure>
  </testcase>
  <testcase name="testIfIsNotNull[29]" classname="ed22_ud12_Ejercicio2_GeneradorIP.GeneradorTest" time="0.001">
    <failure message="expected: not &lt;null&gt;" type="org.opentest4j.AssertionFailedError"><![CDATA[org.opentest4j.AssertionFailedError: expected: not <null>
	at ed22_ud12_Ejercicio2_GeneradorIP.GeneradorTest.testIfIsNotNull(GeneradorTest.java:32)
]]></failure>
  </testcase>
  <testcase name="testIfIsNotNull[30]" classname="ed22_ud12_Ejercicio2_GeneradorIP.GeneradorTest" time="0">
    <failure message="expected: not &lt;null&gt;" type="org.opentest4j.AssertionFailedError"><![CDATA[org.opentest4j.AssertionFailedError: expected: not <null>
	at ed22_ud12_Ejercicio2_GeneradorIP.GeneradorTest.testIfIsNotNull(GeneradorTest.java:32)
]]></failure>
  </testcase>
  <testcase name="testIfIsNotNull[31]" classname="ed22_ud12_Ejercicio2_GeneradorIP.GeneradorTest" time="0.001">
    <failure message="expected: not &lt;null&gt;" type="org.opentest4j.AssertionFailedError"><![CDATA[org.opentest4j.AssertionFailedError: expected: not <null>
	at ed22_ud12_Ejercicio2_GeneradorIP.GeneradorTest.testIfIsNotNull(GeneradorTest.java:32)
]]></failure>
  </testcase>
  <testcase name="testIfIsNotNull[32]" classname="ed22_ud12_Ejercicio2_GeneradorIP.GeneradorTest" time="0">
    <failure message="expected: not &lt;null&gt;" type="org.opentest4j.AssertionFailedError"><![CDATA[org.opentest4j.AssertionFailedError: expected: not <null>
	at ed22_ud12_Ejercicio2_GeneradorIP.GeneradorTest.testIfIsNotNull(GeneradorTest.java:32)
]]></failure>
  </testcase>
  <testcase name="testIfIsNotNull[33]" classname="ed22_ud12_Ejercicio2_GeneradorIP.GeneradorTest" time="0.001">
    <failure message="expected: not &lt;null&gt;" type="org.opentest4j.AssertionFailedError"><![CDATA[org.opentest4j.AssertionFailedError: expected: not <null>
	at ed22_ud12_Ejercicio2_GeneradorIP.GeneradorTest.testIfIsNotNull(GeneradorTest.java:32)
]]></failure>
  </testcase>
  <testcase name="testIfIsNotNull[34]" classname="ed22_ud12_Ejercicio2_GeneradorIP.GeneradorTest" time="0">
    <failure message="expected: not &lt;null&gt;" type="org.opentest4j.AssertionFailedError"><![CDATA[org.opentest4j.AssertionFailedError: expected: not <null>
	at ed22_ud12_Ejercicio2_GeneradorIP.GeneradorTest.testIfIsNotNull(GeneradorTest.java:32)
]]></failure>
  </testcase>
  <testcase name="testIfIsNotNull[35]" classname="ed22_ud12_Ejercicio2_GeneradorIP.GeneradorTest" time="0.001">
    <failure message="expected: not &lt;null&gt;" type="org.opentest4j.AssertionFailedError"><![CDATA[org.opentest4j.AssertionFailedError: expected: not <null>
	at ed22_ud12_Ejercicio2_GeneradorIP.GeneradorTest.testIfIsNotNull(GeneradorTest.java:32)
]]></failure>
  </testcase>
  <testcase name="testIfIsNotNull[36]" classname="ed22_ud12_Ejercicio2_GeneradorIP.GeneradorTest" time="0.001">
    <failure message="expected: not &lt;null&gt;" type="org.opentest4j.AssertionFailedError"><![CDATA[org.opentest4j.AssertionFailedError: expected: not <null>
	at ed22_ud12_Ejercicio2_GeneradorIP.GeneradorTest.testIfIsNotNull(GeneradorTest.java:32)
]]></failure>
  </testcase>
  <testcase name="testIfIsNotNull[37]" classname="ed22_ud12_Ejercicio2_GeneradorIP.GeneradorTest" time="0">
    <failure message="expected: not &lt;null&gt;" type="org.opentest4j.AssertionFailedError"><![CDATA[org.opentest4j.AssertionFailedError: expected: not <null>
	at ed22_ud12_Ejercicio2_GeneradorIP.GeneradorTest.testIfIsNotNull(GeneradorTest.java:32)
]]></failure>
  </testcase>
  <testcase name="testIfIsNotNull[38]" classname="ed22_ud12_Ejercicio2_GeneradorIP.GeneradorTest" time="0.001">
    <failure message="expected: not &lt;null&gt;" type="org.opentest4j.AssertionFailedError"><![CDATA[org.opentest4j.AssertionFailedError: expected: not <null>
	at ed22_ud12_Ejercicio2_GeneradorIP.GeneradorTest.testIfIsNotNull(GeneradorTest.java:32)
]]></failure>
  </testcase>
  <testcase name="testIfIsNotNull[39]" classname="ed22_ud12_Ejercicio2_GeneradorIP.GeneradorTest" time="0">
    <failure message="expected: not &lt;null&gt;" type="org.opentest4j.AssertionFailedError"><![CDATA[org.opentest4j.AssertionFailedError: expected: not <null>
	at ed22_ud12_Ejercicio2_GeneradorIP.GeneradorTest.testIfIsNotNull(GeneradorTest.java:32)
]]></failure>
  </testcase>
  <testcase name="testIfIsNotNull[40]" classname="ed22_ud12_Ejercicio2_GeneradorIP.GeneradorTest" time="0.001">
    <failure message="expected: not &lt;null&gt;" type="org.opentest4j.AssertionFailedError"><![CDATA[org.opentest4j.AssertionFailedError: expected: not <null>
	at ed22_ud12_Ejercicio2_GeneradorIP.GeneradorTest.testIfIsNotNull(GeneradorTest.java:32)
]]></failure>
  </testcase>
  <testcase name="testIfIsNotNull[41]" classname="ed22_ud12_Ejercicio2_GeneradorIP.GeneradorTest" time="0">
    <failure message="expected: not &lt;null&gt;" type="org.opentest4j.AssertionFailedError"><![CDATA[org.opentest4j.AssertionFailedError: expected: not <null>
	at ed22_ud12_Ejercicio2_GeneradorIP.GeneradorTest.testIfIsNotNull(GeneradorTest.java:32)
]]></failure>
  </testcase>
  <testcase name="testIfIsNotNull[42]" classname="ed22_ud12_Ejercicio2_GeneradorIP.GeneradorTest" time="0.001">
    <failure message="expected: not &lt;null&gt;" type="org.opentest4j.AssertionFailedError"><![CDATA[org.opentest4j.AssertionFailedError: expected: not <null>
	at ed22_ud12_Ejercicio2_GeneradorIP.GeneradorTest.testIfIsNotNull(GeneradorTest.java:32)
]]></failure>
  </testcase>
  <testcase name="testIfIsNotNull[43]" classname="ed22_ud12_Ejercicio2_GeneradorIP.GeneradorTest" time="0.001">
    <failure message="expected: not &lt;null&gt;" type="org.opentest4j.AssertionFailedError"><![CDATA[org.opentest4j.AssertionFailedError: expected: not <null>
	at ed22_ud12_Ejercicio2_GeneradorIP.GeneradorTest.testIfIsNotNull(GeneradorTest.java:32)
]]></failure>
  </testcase>
  <testcase name="testIfIsNotNull[44]" classname="ed22_ud12_Ejercicio2_GeneradorIP.GeneradorTest" time="0">
    <failure message="expected: not &lt;null&gt;" type="org.opentest4j.AssertionFailedError"><![CDATA[org.opentest4j.AssertionFailedError: expected: not <null>
	at ed22_ud12_Ejercicio2_GeneradorIP.GeneradorTest.testIfIsNotNull(GeneradorTest.java:32)
]]></failure>
  </testcase>
  <testcase name="testIfIsNotNull[45]" classname="ed22_ud12_Ejercicio2_GeneradorIP.GeneradorTest" time="0.001">
    <failure message="expected: not &lt;null&gt;" type="org.opentest4j.AssertionFailedError"><![CDATA[org.opentest4j.AssertionFailedError: expected: not <null>
	at ed22_ud12_Ejercicio2_GeneradorIP.GeneradorTest.testIfIsNotNull(GeneradorTest.java:32)
]]></failure>
  </testcase>
  <testcase name="testIfIsNotNull[46]" classname="ed22_ud12_Ejercicio2_GeneradorIP.GeneradorTest" time="0.001">
    <failure message="expected: not &lt;null&gt;" type="org.opentest4j.AssertionFailedError"><![CDATA[org.opentest4j.AssertionFailedError: expected: not <null>
	at ed22_ud12_Ejercicio2_GeneradorIP.GeneradorTest.testIfIsNotNull(GeneradorTest.java:32)
]]></failure>
  </testcase>
  <testcase name="testIfIsNotNull[47]" classname="ed22_ud12_Ejercicio2_GeneradorIP.GeneradorTest" time="0">
    <failure message="expected: not &lt;null&gt;" type="org.opentest4j.AssertionFailedError"><![CDATA[org.opentest4j.AssertionFailedError: expected: not <null>
	at ed22_ud12_Ejercicio2_GeneradorIP.GeneradorTest.testIfIsNotNull(GeneradorTest.java:32)
]]></failure>
  </testcase>
  <testcase name="testIfIsNotNull[48]" classname="ed22_ud12_Ejercicio2_GeneradorIP.GeneradorTest" time="0">
    <failure message="expected: not &lt;null&gt;" type="org.opentest4j.AssertionFailedError"><![CDATA[org.opentest4j.AssertionFailedError: expected: not <null>
	at ed22_ud12_Ejercicio2_GeneradorIP.GeneradorTest.testIfIsNotNull(GeneradorTest.java:32)
]]></failure>
  </testcase>
  <testcase name="testIfIsNotNull[49]" classname="ed22_ud12_Ejercicio2_GeneradorIP.GeneradorTest" time="0.001">
    <failure message="expected: not &lt;null&gt;" type="org.opentest4j.AssertionFailedError"><![CDATA[org.opentest4j.AssertionFailedError: expected: not <null>
	at ed22_ud12_Ejercicio2_GeneradorIP.GeneradorTest.testIfIsNotNull(GeneradorTest.java:32)
]]></failure>
  </testcase>
  <testcase name="testIfIsNotNull[50]" classname="ed22_ud12_Ejercicio2_GeneradorIP.GeneradorTest" time="0">
    <failure message="expected: not &lt;null&gt;" type="org.opentest4j.AssertionFailedError"><![CDATA[org.opentest4j.AssertionFailedError: expected: not <null>
	at ed22_ud12_Ejercicio2_GeneradorIP.GeneradorTest.testIfIsNotNull(GeneradorTest.java:32)
]]></failure>
  </testcase>
  <testcase name="testIfIsNotNull[51]" classname="ed22_ud12_Ejercicio2_GeneradorIP.GeneradorTest" time="0.001">
    <failure message="expected: not &lt;null&gt;" type="org.opentest4j.AssertionFailedError"><![CDATA[org.opentest4j.AssertionFailedError: expected: not <null>
	at ed22_ud12_Ejercicio2_GeneradorIP.GeneradorTest.testIfIsNotNull(GeneradorTest.java:32)
]]></failure>
  </testcase>
  <testcase name="testIfIsNotNull[52]" classname="ed22_ud12_Ejercicio2_GeneradorIP.GeneradorTest" time="0">
    <failure message="expected: not &lt;null&gt;" type="org.opentest4j.AssertionFailedError"><![CDATA[org.opentest4j.AssertionFailedError: expected: not <null>
	at ed22_ud12_Ejercicio2_GeneradorIP.GeneradorTest.testIfIsNotNull(GeneradorTest.java:32)
]]></failure>
  </testcase>
  <testcase name="testIfIsNotNull[53]" classname="ed22_ud12_Ejercicio2_GeneradorIP.GeneradorTest" time="0">
    <failure message="expected: not &lt;null&gt;" type="org.opentest4j.AssertionFailedError"><![CDATA[org.opentest4j.AssertionFailedError: expected: not <null>
	at ed22_ud12_Ejercicio2_GeneradorIP.GeneradorTest.testIfIsNotNull(GeneradorTest.java:32)
]]></failure>
  </testcase>
  <testcase name="testIfIsNotNull[54]" classname="ed22_ud12_Ejercicio2_GeneradorIP.GeneradorTest" time="0.001">
    <failure message="expected: not &lt;null&gt;" type="org.opentest4j.AssertionFailedError"><![CDATA[org.opentest4j.AssertionFailedError: expected: not <null>
	at ed22_ud12_Ejercicio2_GeneradorIP.GeneradorTest.testIfIsNotNull(GeneradorTest.java:32)
]]></failure>
  </testcase>
  <testcase name="testIfIsNotNull[55]" classname="ed22_ud12_Ejercicio2_GeneradorIP.GeneradorTest" time="0.001">
    <failure message="expected: not &lt;null&gt;" type="org.opentest4j.AssertionFailedError"><![CDATA[org.opentest4j.AssertionFailedError: expected: not <null>
	at ed22_ud12_Ejercicio2_GeneradorIP.GeneradorTest.testIfIsNotNull(GeneradorTest.java:32)
]]></failure>
  </testcase>
  <testcase name="testIfIsNotNull[56]" classname="ed22_ud12_Ejercicio2_GeneradorIP.GeneradorTest" time="0.001">
    <failure message="expected: not &lt;null&gt;" type="org.opentest4j.AssertionFailedError"><![CDATA[org.opentest4j.AssertionFailedError: expected: not <null>
	at ed22_ud12_Ejercicio2_GeneradorIP.GeneradorTest.testIfIsNotNull(GeneradorTest.java:32)
]]></failure>
  </testcase>
  <testcase name="testIfIsNotNull[57]" classname="ed22_ud12_Ejercicio2_GeneradorIP.GeneradorTest" time="0">
    <failure message="expected: not &lt;null&gt;" type="org.opentest4j.AssertionFailedError"><![CDATA[org.opentest4j.AssertionFailedError: expected: not <null>
	at ed22_ud12_Ejercicio2_GeneradorIP.GeneradorTest.testIfIsNotNull(GeneradorTest.java:32)
]]></failure>
  </testcase>
  <testcase name="testIfIsNotNull[58]" classname="ed22_ud12_Ejercicio2_GeneradorIP.GeneradorTest" time="0.001">
    <failure message="expected: not &lt;null&gt;" type="org.opentest4j.AssertionFailedError"><![CDATA[org.opentest4j.AssertionFailedError: expected: not <null>
	at ed22_ud12_Ejercicio2_GeneradorIP.GeneradorTest.testIfIsNotNull(GeneradorTest.java:32)
]]></failure>
  </testcase>
  <testcase name="testIfIsNotNull[59]" classname="ed22_ud12_Ejercicio2_GeneradorIP.GeneradorTest" time="0.001">
    <failure message="expected: not &lt;null&gt;" type="org.opentest4j.AssertionFailedError"><![CDATA[org.opentest4j.AssertionFailedError: expected: not <null>
	at ed22_ud12_Ejercicio2_GeneradorIP.GeneradorTest.testIfIsNotNull(GeneradorTest.java:32)
]]></failure>
  </testcase>
  <testcase name="testIfIsNotNull[60]" classname="ed22_ud12_Ejercicio2_GeneradorIP.GeneradorTest" time="0.001">
    <failure message="expected: not &lt;null&gt;" type="org.opentest4j.AssertionFailedError"><![CDATA[org.opentest4j.AssertionFailedError: expected: not <null>
	at ed22_ud12_Ejercicio2_GeneradorIP.GeneradorTest.testIfIsNotNull(GeneradorTest.java:32)
]]></failure>
  </testcase>
  <testcase name="testIfIsNotNull[61]" classname="ed22_ud12_Ejercicio2_GeneradorIP.GeneradorTest" time="0.001">
    <failure message="expected: not &lt;null&gt;" type="org.opentest4j.AssertionFailedError"><![CDATA[org.opentest4j.AssertionFailedError: expected: not <null>
	at ed22_ud12_Ejercicio2_GeneradorIP.GeneradorTest.testIfIsNotNull(GeneradorTest.java:32)
]]></failure>
  </testcase>
  <testcase name="testIfIsNotNull[62]" classname="ed22_ud12_Ejercicio2_GeneradorIP.GeneradorTest" time="0.001">
    <failure message="expected: not &lt;null&gt;" type="org.opentest4j.AssertionFailedError"><![CDATA[org.opentest4j.AssertionFailedError: expected: not <null>
	at ed22_ud12_Ejercicio2_GeneradorIP.GeneradorTest.testIfIsNotNull(GeneradorTest.java:32)
]]></failure>
  </testcase>
  <testcase name="testIfIsNotNull[63]" classname="ed22_ud12_Ejercicio2_GeneradorIP.GeneradorTest" time="0">
    <failure message="expected: not &lt;null&gt;" type="org.opentest4j.AssertionFailedError"><![CDATA[org.opentest4j.AssertionFailedError: expected: not <null>
	at ed22_ud12_Ejercicio2_GeneradorIP.GeneradorTest.testIfIsNotNull(GeneradorTest.java:32)
]]></failure>
  </testcase>
  <testcase name="testIfIsNotNull[64]" classname="ed22_ud12_Ejercicio2_GeneradorIP.GeneradorTest" time="0">
    <failure message="expected: not &lt;null&gt;" type="org.opentest4j.AssertionFailedError"><![CDATA[org.opentest4j.AssertionFailedError: expected: not <null>
	at ed22_ud12_Ejercicio2_GeneradorIP.GeneradorTest.testIfIsNotNull(GeneradorTest.java:32)
]]></failure>
  </testcase>
  <testcase name="testIfIsNotNull[65]" classname="ed22_ud12_Ejercicio2_GeneradorIP.GeneradorTest" time="0.001">
    <failure message="expected: not &lt;null&gt;" type="org.opentest4j.AssertionFailedError"><![CDATA[org.opentest4j.AssertionFailedError: expected: not <null>
	at ed22_ud12_Ejercicio2_GeneradorIP.GeneradorTest.testIfIsNotNull(GeneradorTest.java:32)
]]></failure>
  </testcase>
  <testcase name="testIfIsNotNull[66]" classname="ed22_ud12_Ejercicio2_GeneradorIP.GeneradorTest" time="0.001">
    <failure message="expected: not &lt;null&gt;" type="org.opentest4j.AssertionFailedError"><![CDATA[org.opentest4j.AssertionFailedError: expected: not <null>
	at ed22_ud12_Ejercicio2_GeneradorIP.GeneradorTest.testIfIsNotNull(GeneradorTest.java:32)
]]></failure>
  </testcase>
  <testcase name="testIfIsNotNull[67]" classname="ed22_ud12_Ejercicio2_GeneradorIP.GeneradorTest" time="0">
    <failure message="expected: not &lt;null&gt;" type="org.opentest4j.AssertionFailedError"><![CDATA[org.opentest4j.AssertionFailedError: expected: not <null>
	at ed22_ud12_Ejercicio2_GeneradorIP.GeneradorTest.testIfIsNotNull(GeneradorTest.java:32)
]]></failure>
  </testcase>
  <testcase name="testIfIsNotNull[68]" classname="ed22_ud12_Ejercicio2_GeneradorIP.GeneradorTest" time="0">
    <failure message="expected: not &lt;null&gt;" type="org.opentest4j.AssertionFailedError"><![CDATA[org.opentest4j.AssertionFailedError: expected: not <null>
	at ed22_ud12_Ejercicio2_GeneradorIP.GeneradorTest.testIfIsNotNull(GeneradorTest.java:32)
]]></failure>
  </testcase>
  <testcase name="testIfIsNotNull[69]" classname="ed22_ud12_Ejercicio2_GeneradorIP.GeneradorTest" time="0">
    <failure message="expected: not &lt;null&gt;" type="org.opentest4j.AssertionFailedError"><![CDATA[org.opentest4j.AssertionFailedError: expected: not <null>
	at ed22_ud12_Ejercicio2_GeneradorIP.GeneradorTest.testIfIsNotNull(GeneradorTest.java:32)
]]></failure>
  </testcase>
  <testcase name="testIfIsNotNull[70]" classname="ed22_ud12_Ejercicio2_GeneradorIP.GeneradorTest" time="0.001">
    <failure message="expected: not &lt;null&gt;" type="org.opentest4j.AssertionFailedError"><![CDATA[org.opentest4j.AssertionFailedError: expected: not <null>
	at ed22_ud12_Ejercicio2_GeneradorIP.GeneradorTest.testIfIsNotNull(GeneradorTest.java:32)
]]></failure>
  </testcase>
  <testcase name="testIfIsNotNull[71]" classname="ed22_ud12_Ejercicio2_GeneradorIP.GeneradorTest" time="0.001">
    <failure message="expected: not &lt;null&gt;" type="org.opentest4j.AssertionFailedError"><![CDATA[org.opentest4j.AssertionFailedError: expected: not <null>
	at ed22_ud12_Ejercicio2_GeneradorIP.GeneradorTest.testIfIsNotNull(GeneradorTest.java:32)
]]></failure>
  </testcase>
  <testcase name="testIfIsNotNull[72]" classname="ed22_ud12_Ejercicio2_GeneradorIP.GeneradorTest" time="0">
    <failure message="expected: not &lt;null&gt;" type="org.opentest4j.AssertionFailedError"><![CDATA[org.opentest4j.AssertionFailedError: expected: not <null>
	at ed22_ud12_Ejercicio2_GeneradorIP.GeneradorTest.testIfIsNotNull(GeneradorTest.java:32)
]]></failure>
  </testcase>
  <testcase name="testIfIsNotNull[73]" classname="ed22_ud12_Ejercicio2_GeneradorIP.GeneradorTest" time="0">
    <failure message="expected: not &lt;null&gt;" type="org.opentest4j.AssertionFailedError"><![CDATA[org.opentest4j.AssertionFailedError: expected: not <null>
	at ed22_ud12_Ejercicio2_GeneradorIP.GeneradorTest.testIfIsNotNull(GeneradorTest.java:32)
]]></failure>
  </testcase>
  <testcase name="testIfIsNotNull[74]" classname="ed22_ud12_Ejercicio2_GeneradorIP.GeneradorTest" time="0">
    <failure message="expected: not &lt;null&gt;" type="org.opentest4j.AssertionFailedError"><![CDATA[org.opentest4j.AssertionFailedError: expected: not <null>
	at ed22_ud12_Ejercicio2_GeneradorIP.GeneradorTest.testIfIsNotNull(GeneradorTest.java:32)
]]></failure>
  </testcase>
  <testcase name="testIfIsNotNull[75]" classname="ed22_ud12_Ejercicio2_GeneradorIP.GeneradorTest" time="0">
    <failure message="expected: not &lt;null&gt;" type="org.opentest4j.AssertionFailedError"><![CDATA[org.opentest4j.AssertionFailedError: expected: not <null>
	at ed22_ud12_Ejercicio2_GeneradorIP.GeneradorTest.testIfIsNotNull(GeneradorTest.java:32)
]]></failure>
  </testcase>
  <testcase name="testIfIsNotNull[76]" classname="ed22_ud12_Ejercicio2_GeneradorIP.GeneradorTest" time="0.001">
    <failure message="expected: not &lt;null&gt;" type="org.opentest4j.AssertionFailedError"><![CDATA[org.opentest4j.AssertionFailedError: expected: not <null>
	at ed22_ud12_Ejercicio2_GeneradorIP.GeneradorTest.testIfIsNotNull(GeneradorTest.java:32)
]]></failure>
  </testcase>
  <testcase name="testIfIsNotNull[77]" classname="ed22_ud12_Ejercicio2_GeneradorIP.GeneradorTest" time="0">
    <failure message="expected: not &lt;null&gt;" type="org.opentest4j.AssertionFailedError"><![CDATA[org.opentest4j.AssertionFailedError: expected: not <null>
	at ed22_ud12_Ejercicio2_GeneradorIP.GeneradorTest.testIfIsNotNull(GeneradorTest.java:32)
]]></failure>
  </testcase>
  <testcase name="testIfIsNotNull[78]" classname="ed22_ud12_Ejercicio2_GeneradorIP.GeneradorTest" time="0">
    <failure message="expected: not &lt;null&gt;" type="org.opentest4j.AssertionFailedError"><![CDATA[org.opentest4j.AssertionFailedError: expected: not <null>
	at ed22_ud12_Ejercicio2_GeneradorIP.GeneradorTest.testIfIsNotNull(GeneradorTest.java:32)
]]></failure>
  </testcase>
  <testcase name="testIfIsNotNull[79]" classname="ed22_ud12_Ejercicio2_GeneradorIP.GeneradorTest" time="0">
    <failure message="expected: not &lt;null&gt;" type="org.opentest4j.AssertionFailedError"><![CDATA[org.opentest4j.AssertionFailedError: expected: not <null>
	at ed22_ud12_Ejercicio2_GeneradorIP.GeneradorTest.testIfIsNotNull(GeneradorTest.java:32)
]]></failure>
  </testcase>
  <testcase name="testIfIsNotNull[80]" classname="ed22_ud12_Ejercicio2_GeneradorIP.GeneradorTest" time="0.001">
    <failure message="expected: not &lt;null&gt;" type="org.opentest4j.AssertionFailedError"><![CDATA[org.opentest4j.AssertionFailedError: expected: not <null>
	at ed22_ud12_Ejercicio2_GeneradorIP.GeneradorTest.testIfIsNotNull(GeneradorTest.java:32)
]]></failure>
  </testcase>
  <testcase name="testIfIsNotNull[81]" classname="ed22_ud12_Ejercicio2_GeneradorIP.GeneradorTest" time="0.001">
    <failure message="expected: not &lt;null&gt;" type="org.opentest4j.AssertionFailedError"><![CDATA[org.opentest4j.AssertionFailedError: expected: not <null>
	at ed22_ud12_Ejercicio2_GeneradorIP.GeneradorTest.testIfIsNotNull(GeneradorTest.java:32)
]]></failure>
  </testcase>
  <testcase name="testIfIsNotNull[82]" classname="ed22_ud12_Ejercicio2_GeneradorIP.GeneradorTest" time="0.001">
    <failure message="expected: not &lt;null&gt;" type="org.opentest4j.AssertionFailedError"><![CDATA[org.opentest4j.AssertionFailedError: expected: not <null>
	at ed22_ud12_Ejercicio2_GeneradorIP.GeneradorTest.testIfIsNotNull(GeneradorTest.java:32)
]]></failure>
  </testcase>
  <testcase name="testIfIsNotNull[83]" classname="ed22_ud12_Ejercicio2_GeneradorIP.GeneradorTest" time="0">
    <failure message="expected: not &lt;null&gt;" type="org.opentest4j.AssertionFailedError"><![CDATA[org.opentest4j.AssertionFailedError: expected: not <null>
	at ed22_ud12_Ejercicio2_GeneradorIP.GeneradorTest.testIfIsNotNull(GeneradorTest.java:32)
]]></failure>
  </testcase>
  <testcase name="testIfIsNotNull[84]" classname="ed22_ud12_Ejercicio2_GeneradorIP.GeneradorTest" time="0.001">
    <failure message="expected: not &lt;null&gt;" type="org.opentest4j.AssertionFailedError"><![CDATA[org.opentest4j.AssertionFailedError: expected: not <null>
	at ed22_ud12_Ejercicio2_GeneradorIP.GeneradorTest.testIfIsNotNull(GeneradorTest.java:32)
]]></failure>
  </testcase>
  <testcase name="testIfIsNotNull[85]" classname="ed22_ud12_Ejercicio2_GeneradorIP.GeneradorTest" time="0.001">
    <failure message="expected: not &lt;null&gt;" type="org.opentest4j.AssertionFailedError"><![CDATA[org.opentest4j.AssertionFailedError: expected: not <null>
	at ed22_ud12_Ejercicio2_GeneradorIP.GeneradorTest.testIfIsNotNull(GeneradorTest.java:32)
]]></failure>
  </testcase>
  <testcase name="testIfIsNotNull[86]" classname="ed22_ud12_Ejercicio2_GeneradorIP.GeneradorTest" time="0">
    <failure message="expected: not &lt;null&gt;" type="org.opentest4j.AssertionFailedError"><![CDATA[org.opentest4j.AssertionFailedError: expected: not <null>
	at ed22_ud12_Ejercicio2_GeneradorIP.GeneradorTest.testIfIsNotNull(GeneradorTest.java:32)
]]></failure>
  </testcase>
  <testcase name="testIfIsNotNull[87]" classname="ed22_ud12_Ejercicio2_GeneradorIP.GeneradorTest" time="0.001">
    <failure message="expected: not &lt;null&gt;" type="org.opentest4j.AssertionFailedError"><![CDATA[org.opentest4j.AssertionFailedError: expected: not <null>
	at ed22_ud12_Ejercicio2_GeneradorIP.GeneradorTest.testIfIsNotNull(GeneradorTest.java:32)
]]></failure>
  </testcase>
  <testcase name="testIfIsNotNull[88]" classname="ed22_ud12_Ejercicio2_GeneradorIP.GeneradorTest" time="0">
    <failure message="expected: not &lt;null&gt;" type="org.opentest4j.AssertionFailedError"><![CDATA[org.opentest4j.AssertionFailedError: expected: not <null>
	at ed22_ud12_Ejercicio2_GeneradorIP.GeneradorTest.testIfIsNotNull(GeneradorTest.java:32)
]]></failure>
  </testcase>
  <testcase name="testIfIsNotNull[89]" classname="ed22_ud12_Ejercicio2_GeneradorIP.GeneradorTest" time="0">
    <failure message="expected: not &lt;null&gt;" type="org.opentest4j.AssertionFailedError"><![CDATA[org.opentest4j.AssertionFailedError: expected: not <null>
	at ed22_ud12_Ejercicio2_GeneradorIP.GeneradorTest.testIfIsNotNull(GeneradorTest.java:32)
]]></failure>
  </testcase>
  <testcase name="testIfIsNotNull[90]" classname="ed22_ud12_Ejercicio2_GeneradorIP.GeneradorTest" time="0.001">
    <failure message="expected: not &lt;null&gt;" type="org.opentest4j.AssertionFailedError"><![CDATA[org.opentest4j.AssertionFailedError: expected: not <null>
	at ed22_ud12_Ejercicio2_GeneradorIP.GeneradorTest.testIfIsNotNull(GeneradorTest.java:32)
]]></failure>
  </testcase>
  <testcase name="testIfIsNotNull[91]" classname="ed22_ud12_Ejercicio2_GeneradorIP.GeneradorTest" time="0.001">
    <failure message="expected: not &lt;null&gt;" type="org.opentest4j.AssertionFailedError"><![CDATA[org.opentest4j.AssertionFailedError: expected: not <null>
	at ed22_ud12_Ejercicio2_GeneradorIP.GeneradorTest.testIfIsNotNull(GeneradorTest.java:32)
]]></failure>
  </testcase>
  <testcase name="testIfIsNotNull[92]" classname="ed22_ud12_Ejercicio2_GeneradorIP.GeneradorTest" time="0">
    <failure message="expected: not &lt;null&gt;" type="org.opentest4j.AssertionFailedError"><![CDATA[org.opentest4j.AssertionFailedError: expected: not <null>
	at ed22_ud12_Ejercicio2_GeneradorIP.GeneradorTest.testIfIsNotNull(GeneradorTest.java:32)
]]></failure>
  </testcase>
  <testcase name="testIfIsNotNull[93]" classname="ed22_ud12_Ejercicio2_GeneradorIP.GeneradorTest" time="0.001">
    <failure message="expected: not &lt;null&gt;" type="org.opentest4j.AssertionFailedError"><![CDATA[org.opentest4j.AssertionFailedError: expected: not <null>
	at ed22_ud12_Ejercicio2_GeneradorIP.GeneradorTest.testIfIsNotNull(GeneradorTest.java:32)
]]></failure>
  </testcase>
  <testcase name="testIfIsNotNull[94]" classname="ed22_ud12_Ejercicio2_GeneradorIP.GeneradorTest" time="0.001">
    <failure message="expected: not &lt;null&gt;" type="org.opentest4j.AssertionFailedError"><![CDATA[org.opentest4j.AssertionFailedError: expected: not <null>
	at ed22_ud12_Ejercicio2_GeneradorIP.GeneradorTest.testIfIsNotNull(GeneradorTest.java:32)
]]></failure>
  </testcase>
  <testcase name="testIfIsNotNull[95]" classname="ed22_ud12_Ejercicio2_GeneradorIP.GeneradorTest" time="0.001">
    <failure message="expected: not &lt;null&gt;" type="org.opentest4j.AssertionFailedError"><![CDATA[org.opentest4j.AssertionFailedError: expected: not <null>
	at ed22_ud12_Ejercicio2_GeneradorIP.GeneradorTest.testIfIsNotNull(GeneradorTest.java:32)
]]></failure>
  </testcase>
  <testcase name="testIfIsNotNull[96]" classname="ed22_ud12_Ejercicio2_GeneradorIP.GeneradorTest" time="0.001">
    <failure message="expected: not &lt;null&gt;" type="org.opentest4j.AssertionFailedError"><![CDATA[org.opentest4j.AssertionFailedError: expected: not <null>
	at ed22_ud12_Ejercicio2_GeneradorIP.GeneradorTest.testIfIsNotNull(GeneradorTest.java:32)
]]></failure>
  </testcase>
  <testcase name="testIfIsNotNull[97]" classname="ed22_ud12_Ejercicio2_GeneradorIP.GeneradorTest" time="0">
    <failure message="expected: not &lt;null&gt;" type="org.opentest4j.AssertionFailedError"><![CDATA[org.opentest4j.AssertionFailedError: expected: not <null>
	at ed22_ud12_Ejercicio2_GeneradorIP.GeneradorTest.testIfIsNotNull(GeneradorTest.java:32)
]]></failure>
  </testcase>
  <testcase name="testIfIsNotNull[98]" classname="ed22_ud12_Ejercicio2_GeneradorIP.GeneradorTest" time="0.001">
    <failure message="expected: not &lt;null&gt;" type="org.opentest4j.AssertionFailedError"><![CDATA[org.opentest4j.AssertionFailedError: expected: not <null>
	at ed22_ud12_Ejercicio2_GeneradorIP.GeneradorTest.testIfIsNotNull(GeneradorTest.java:32)
]]></failure>
  </testcase>
  <testcase name="testIfIsNotNull[99]" classname="ed22_ud12_Ejercicio2_GeneradorIP.GeneradorTest" time="0">
    <failure message="expected: not &lt;null&gt;" type="org.opentest4j.AssertionFailedError"><![CDATA[org.opentest4j.AssertionFailedError: expected: not <null>
	at ed22_ud12_Ejercicio2_GeneradorIP.GeneradorTest.testIfIsNotNull(GeneradorTest.java:32)
]]></failure>
  </testcase>
  <testcase name="testIfIsNotNull[100]" classname="ed22_ud12_Ejercicio2_GeneradorIP.GeneradorTest" time="0.001">
    <failure message="expected: not &lt;null&gt;" type="org.opentest4j.AssertionFailedError"><![CDATA[org.opentest4j.AssertionFailedError: expected: not <null>
	at ed22_ud12_Ejercicio2_GeneradorIP.GeneradorTest.testIfIsNotNull(GeneradorTest.java:32)
]]></failure>
  </testcase>
  <testcase name="testIfIsNotNull[101]" classname="ed22_ud12_Ejercicio2_GeneradorIP.GeneradorTest" time="0.004">
    <failure message="expected: not &lt;null&gt;" type="org.opentest4j.AssertionFailedError"><![CDATA[org.opentest4j.AssertionFailedError: expected: not <null>
	at ed22_ud12_Ejercicio2_GeneradorIP.GeneradorTest.testIfIsNotNull(GeneradorTest.java:32)
]]></failure>
  </testcase>
  <testcase name="testIfIsNotNull[102]" classname="ed22_ud12_Ejercicio2_GeneradorIP.GeneradorTest" time="0">
    <failure message="expected: not &lt;null&gt;" type="org.opentest4j.AssertionFailedError"><![CDATA[org.opentest4j.AssertionFailedError: expected: not <null>
	at ed22_ud12_Ejercicio2_GeneradorIP.GeneradorTest.testIfIsNotNull(GeneradorTest.java:32)
]]></failure>
  </testcase>
  <testcase name="testIfIsNotNull[103]" classname="ed22_ud12_Ejercicio2_GeneradorIP.GeneradorTest" time="0">
    <failure message="expected: not &lt;null&gt;" type="org.opentest4j.AssertionFailedError"><![CDATA[org.opentest4j.AssertionFailedError: expected: not <null>
	at ed22_ud12_Ejercicio2_GeneradorIP.GeneradorTest.testIfIsNotNull(GeneradorTest.java:32)
]]></failure>
  </testcase>
  <testcase name="testIfIsNotNull[104]" classname="ed22_ud12_Ejercicio2_GeneradorIP.GeneradorTest" time="0">
    <failure message="expected: not &lt;null&gt;" type="org.opentest4j.AssertionFailedError"><![CDATA[org.opentest4j.AssertionFailedError: expected: not <null>
	at ed22_ud12_Ejercicio2_GeneradorIP.GeneradorTest.testIfIsNotNull(GeneradorTest.java:32)
]]></failure>
  </testcase>
  <testcase name="testIfIsNotNull[105]" classname="ed22_ud12_Ejercicio2_GeneradorIP.GeneradorTest" time="0">
    <failure message="expected: not &lt;null&gt;" type="org.opentest4j.AssertionFailedError"><![CDATA[org.opentest4j.AssertionFailedError: expected: not <null>
	at ed22_ud12_Ejercicio2_GeneradorIP.GeneradorTest.testIfIsNotNull(GeneradorTest.java:32)
]]></failure>
  </testcase>
  <testcase name="testIfIsNotNull[106]" classname="ed22_ud12_Ejercicio2_GeneradorIP.GeneradorTest" time="0.001">
    <failure message="expected: not &lt;null&gt;" type="org.opentest4j.AssertionFailedError"><![CDATA[org.opentest4j.AssertionFailedError: expected: not <null>
	at ed22_ud12_Ejercicio2_GeneradorIP.GeneradorTest.testIfIsNotNull(GeneradorTest.java:32)
]]></failure>
  </testcase>
  <testcase name="testIfIsNotNull[107]" classname="ed22_ud12_Ejercicio2_GeneradorIP.GeneradorTest" time="0.001">
    <failure message="expected: not &lt;null&gt;" type="org.opentest4j.AssertionFailedError"><![CDATA[org.opentest4j.AssertionFailedError: expected: not <null>
	at ed22_ud12_Ejercicio2_GeneradorIP.GeneradorTest.testIfIsNotNull(GeneradorTest.java:32)
]]></failure>
  </testcase>
  <testcase name="testIfIsNotNull[108]" classname="ed22_ud12_Ejercicio2_GeneradorIP.GeneradorTest" time="0">
    <failure message="expected: not &lt;null&gt;" type="org.opentest4j.AssertionFailedError"><![CDATA[org.opentest4j.AssertionFailedError: expected: not <null>
	at ed22_ud12_Ejercicio2_GeneradorIP.GeneradorTest.testIfIsNotNull(GeneradorTest.java:32)
]]></failure>
  </testcase>
  <testcase name="testIfIsNotNull[109]" classname="ed22_ud12_Ejercicio2_GeneradorIP.GeneradorTest" time="0">
    <failure message="expected: not &lt;null&gt;" type="org.opentest4j.AssertionFailedError"><![CDATA[org.opentest4j.AssertionFailedError: expected: not <null>
	at ed22_ud12_Ejercicio2_GeneradorIP.GeneradorTest.testIfIsNotNull(GeneradorTest.java:32)
]]></failure>
  </testcase>
  <testcase name="testIfIsNotNull[110]" classname="ed22_ud12_Ejercicio2_GeneradorIP.GeneradorTest" time="0">
    <failure message="expected: not &lt;null&gt;" type="org.opentest4j.AssertionFailedError"><![CDATA[org.opentest4j.AssertionFailedError: expected: not <null>
	at ed22_ud12_Ejercicio2_GeneradorIP.GeneradorTest.testIfIsNotNull(GeneradorTest.java:32)
]]></failure>
  </testcase>
  <testcase name="testIfIsNotNull[111]" classname="ed22_ud12_Ejercicio2_GeneradorIP.GeneradorTest" time="0">
    <failure message="expected: not &lt;null&gt;" type="org.opentest4j.AssertionFailedError"><![CDATA[org.opentest4j.AssertionFailedError: expected: not <null>
	at ed22_ud12_Ejercicio2_GeneradorIP.GeneradorTest.testIfIsNotNull(GeneradorTest.java:32)
]]></failure>
  </testcase>
  <testcase name="testIfIsNotNull[112]" classname="ed22_ud12_Ejercicio2_GeneradorIP.GeneradorTest" time="0">
    <failure message="expected: not &lt;null&gt;" type="org.opentest4j.AssertionFailedError"><![CDATA[org.opentest4j.AssertionFailedError: expected: not <null>
	at ed22_ud12_Ejercicio2_GeneradorIP.GeneradorTest.testIfIsNotNull(GeneradorTest.java:32)
]]></failure>
  </testcase>
  <testcase name="testIfIsNotNull[113]" classname="ed22_ud12_Ejercicio2_GeneradorIP.GeneradorTest" time="0.001">
    <failure message="expected: not &lt;null&gt;" type="org.opentest4j.AssertionFailedError"><![CDATA[org.opentest4j.AssertionFailedError: expected: not <null>
	at ed22_ud12_Ejercicio2_GeneradorIP.GeneradorTest.testIfIsNotNull(GeneradorTest.java:32)
]]></failure>
  </testcase>
  <testcase name="testIfIsNotNull[114]" classname="ed22_ud12_Ejercicio2_GeneradorIP.GeneradorTest" time="0">
    <failure message="expected: not &lt;null&gt;" type="org.opentest4j.AssertionFailedError"><![CDATA[org.opentest4j.AssertionFailedError: expected: not <null>
	at ed22_ud12_Ejercicio2_GeneradorIP.GeneradorTest.testIfIsNotNull(GeneradorTest.java:32)
]]></failure>
  </testcase>
  <testcase name="testIfIsNotNull[115]" classname="ed22_ud12_Ejercicio2_GeneradorIP.GeneradorTest" time="0">
    <failure message="expected: not &lt;null&gt;" type="org.opentest4j.AssertionFailedError"><![CDATA[org.opentest4j.AssertionFailedError: expected: not <null>
	at ed22_ud12_Ejercicio2_GeneradorIP.GeneradorTest.testIfIsNotNull(GeneradorTest.java:32)
]]></failure>
  </testcase>
  <testcase name="testIfIsNotNull[116]" classname="ed22_ud12_Ejercicio2_GeneradorIP.GeneradorTest" time="0">
    <failure message="expected: not &lt;null&gt;" type="org.opentest4j.AssertionFailedError"><![CDATA[org.opentest4j.AssertionFailedError: expected: not <null>
	at ed22_ud12_Ejercicio2_GeneradorIP.GeneradorTest.testIfIsNotNull(GeneradorTest.java:32)
]]></failure>
  </testcase>
  <testcase name="testIfIsNotNull[117]" classname="ed22_ud12_Ejercicio2_GeneradorIP.GeneradorTest" time="0">
    <failure message="expected: not &lt;null&gt;" type="org.opentest4j.AssertionFailedError"><![CDATA[org.opentest4j.AssertionFailedError: expected: not <null>
	at ed22_ud12_Ejercicio2_GeneradorIP.GeneradorTest.testIfIsNotNull(GeneradorTest.java:32)
]]></failure>
  </testcase>
  <testcase name="testIfIsNotNull[118]" classname="ed22_ud12_Ejercicio2_GeneradorIP.GeneradorTest" time="0.001">
    <failure message="expected: not &lt;null&gt;" type="org.opentest4j.AssertionFailedError"><![CDATA[org.opentest4j.AssertionFailedError: expected: not <null>
	at ed22_ud12_Ejercicio2_GeneradorIP.GeneradorTest.testIfIsNotNull(GeneradorTest.java:32)
]]></failure>
  </testcase>
  <testcase name="testIfIsNotNull[119]" classname="ed22_ud12_Ejercicio2_GeneradorIP.GeneradorTest" time="0">
    <failure message="expected: not &lt;null&gt;" type="org.opentest4j.AssertionFailedError"><![CDATA[org.opentest4j.AssertionFailedError: expected: not <null>
	at ed22_ud12_Ejercicio2_GeneradorIP.GeneradorTest.testIfIsNotNull(GeneradorTest.java:32)
]]></failure>
  </testcase>
  <testcase name="testIfIsNotNull[120]" classname="ed22_ud12_Ejercicio2_GeneradorIP.GeneradorTest" time="0">
    <failure message="expected: not &lt;null&gt;" type="org.opentest4j.AssertionFailedError"><![CDATA[org.opentest4j.AssertionFailedError: expected: not <null>
	at ed22_ud12_Ejercicio2_GeneradorIP.GeneradorTest.testIfIsNotNull(GeneradorTest.java:32)
]]></failure>
  </testcase>
  <testcase name="testIfIsNotNull[121]" classname="ed22_ud12_Ejercicio2_GeneradorIP.GeneradorTest" time="0.001">
    <failure message="expected: not &lt;null&gt;" type="org.opentest4j.AssertionFailedError"><![CDATA[org.opentest4j.AssertionFailedError: expected: not <null>
	at ed22_ud12_Ejercicio2_GeneradorIP.GeneradorTest.testIfIsNotNull(GeneradorTest.java:32)
]]></failure>
  </testcase>
  <testcase name="testIfIsNotNull[122]" classname="ed22_ud12_Ejercicio2_GeneradorIP.GeneradorTest" time="0.001">
    <failure message="expected: not &lt;null&gt;" type="org.opentest4j.AssertionFailedError"><![CDATA[org.opentest4j.AssertionFailedError: expected: not <null>
	at ed22_ud12_Ejercicio2_GeneradorIP.GeneradorTest.testIfIsNotNull(GeneradorTest.java:32)
]]></failure>
  </testcase>
  <testcase name="testIfIsNotNull[123]" classname="ed22_ud12_Ejercicio2_GeneradorIP.GeneradorTest" time="0">
    <failure message="expected: not &lt;null&gt;" type="org.opentest4j.AssertionFailedError"><![CDATA[org.opentest4j.AssertionFailedError: expected: not <null>
	at ed22_ud12_Ejercicio2_GeneradorIP.GeneradorTest.testIfIsNotNull(GeneradorTest.java:32)
]]></failure>
  </testcase>
  <testcase name="testIfIsNotNull[124]" classname="ed22_ud12_Ejercicio2_GeneradorIP.GeneradorTest" time="0.001">
    <failure message="expected: not &lt;null&gt;" type="org.opentest4j.AssertionFailedError"><![CDATA[org.opentest4j.AssertionFailedError: expected: not <null>
	at ed22_ud12_Ejercicio2_GeneradorIP.GeneradorTest.testIfIsNotNull(GeneradorTest.java:32)
]]></failure>
  </testcase>
  <testcase name="testIfIsNotNull[125]" classname="ed22_ud12_Ejercicio2_GeneradorIP.GeneradorTest" time="0">
    <failure message="expected: not &lt;null&gt;" type="org.opentest4j.AssertionFailedError"><![CDATA[org.opentest4j.AssertionFailedError: expected: not <null>
	at ed22_ud12_Ejercicio2_GeneradorIP.GeneradorTest.testIfIsNotNull(GeneradorTest.java:32)
]]></failure>
  </testcase>
  <testcase name="testIfIsNotNull[126]" classname="ed22_ud12_Ejercicio2_GeneradorIP.GeneradorTest" time="0.001">
    <failure message="expected: not &lt;null&gt;" type="org.opentest4j.AssertionFailedError"><![CDATA[org.opentest4j.AssertionFailedError: expected: not <null>
	at ed22_ud12_Ejercicio2_GeneradorIP.GeneradorTest.testIfIsNotNull(GeneradorTest.java:32)
]]></failure>
  </testcase>
  <testcase name="testIfIsNotNull[127]" classname="ed22_ud12_Ejercicio2_GeneradorIP.GeneradorTest" time="0.001">
    <failure message="expected: not &lt;null&gt;" type="org.opentest4j.AssertionFailedError"><![CDATA[org.opentest4j.AssertionFailedError: expected: not <null>
	at ed22_ud12_Ejercicio2_GeneradorIP.GeneradorTest.testIfIsNotNull(GeneradorTest.java:32)
]]></failure>
  </testcase>
  <testcase name="testIfIsNotNull[128]" classname="ed22_ud12_Ejercicio2_GeneradorIP.GeneradorTest" time="0.001">
    <failure message="expected: not &lt;null&gt;" type="org.opentest4j.AssertionFailedError"><![CDATA[org.opentest4j.AssertionFailedError: expected: not <null>
	at ed22_ud12_Ejercicio2_GeneradorIP.GeneradorTest.testIfIsNotNull(GeneradorTest.java:32)
]]></failure>
  </testcase>
  <testcase name="testIfIsNotNull[129]" classname="ed22_ud12_Ejercicio2_GeneradorIP.GeneradorTest" time="0.001">
    <failure message="expected: not &lt;null&gt;" type="org.opentest4j.AssertionFailedError"><![CDATA[org.opentest4j.AssertionFailedError: expected: not <null>
	at ed22_ud12_Ejercicio2_GeneradorIP.GeneradorTest.testIfIsNotNull(GeneradorTest.java:32)
]]></failure>
  </testcase>
  <testcase name="testIfIsNotNull[130]" classname="ed22_ud12_Ejercicio2_GeneradorIP.GeneradorTest" time="0">
    <failure message="expected: not &lt;null&gt;" type="org.opentest4j.AssertionFailedError"><![CDATA[org.opentest4j.AssertionFailedError: expected: not <null>
	at ed22_ud12_Ejercicio2_GeneradorIP.GeneradorTest.testIfIsNotNull(GeneradorTest.java:32)
]]></failure>
  </testcase>
  <testcase name="testIfIsNotNull[131]" classname="ed22_ud12_Ejercicio2_GeneradorIP.GeneradorTest" time="0.001">
    <failure message="expected: not &lt;null&gt;" type="org.opentest4j.AssertionFailedError"><![CDATA[org.opentest4j.AssertionFailedError: expected: not <null>
	at ed22_ud12_Ejercicio2_GeneradorIP.GeneradorTest.testIfIsNotNull(GeneradorTest.java:32)
]]></failure>
  </testcase>
  <testcase name="testIfIsNotNull[132]" classname="ed22_ud12_Ejercicio2_GeneradorIP.GeneradorTest" time="0">
    <failure message="expected: not &lt;null&gt;" type="org.opentest4j.AssertionFailedError"><![CDATA[org.opentest4j.AssertionFailedError: expected: not <null>
	at ed22_ud12_Ejercicio2_GeneradorIP.GeneradorTest.testIfIsNotNull(GeneradorTest.java:32)
]]></failure>
  </testcase>
  <testcase name="testIfIsNotNull[133]" classname="ed22_ud12_Ejercicio2_GeneradorIP.GeneradorTest" time="0.001">
    <failure message="expected: not &lt;null&gt;" type="org.opentest4j.AssertionFailedError"><![CDATA[org.opentest4j.AssertionFailedError: expected: not <null>
	at ed22_ud12_Ejercicio2_GeneradorIP.GeneradorTest.testIfIsNotNull(GeneradorTest.java:32)
]]></failure>
  </testcase>
  <testcase name="testIfIsNotNull[134]" classname="ed22_ud12_Ejercicio2_GeneradorIP.GeneradorTest" time="0">
    <failure message="expected: not &lt;null&gt;" type="org.opentest4j.AssertionFailedError"><![CDATA[org.opentest4j.AssertionFailedError: expected: not <null>
	at ed22_ud12_Ejercicio2_GeneradorIP.GeneradorTest.testIfIsNotNull(GeneradorTest.java:32)
]]></failure>
  </testcase>
  <testcase name="testIfIsNotNull[135]" classname="ed22_ud12_Ejercicio2_GeneradorIP.GeneradorTest" time="0.001">
    <failure message="expected: not &lt;null&gt;" type="org.opentest4j.AssertionFailedError"><![CDATA[org.opentest4j.AssertionFailedError: expected: not <null>
	at ed22_ud12_Ejercicio2_GeneradorIP.GeneradorTest.testIfIsNotNull(GeneradorTest.java:32)
]]></failure>
  </testcase>
  <testcase name="testIfIsNotNull[136]" classname="ed22_ud12_Ejercicio2_GeneradorIP.GeneradorTest" time="0">
    <failure message="expected: not &lt;null&gt;" type="org.opentest4j.AssertionFailedError"><![CDATA[org.opentest4j.AssertionFailedError: expected: not <null>
	at ed22_ud12_Ejercicio2_GeneradorIP.GeneradorTest.testIfIsNotNull(GeneradorTest.java:32)
]]></failure>
  </testcase>
  <testcase name="testIfIsNotNull[137]" classname="ed22_ud12_Ejercicio2_GeneradorIP.GeneradorTest" time="0">
    <failure message="expected: not &lt;null&gt;" type="org.opentest4j.AssertionFailedError"><![CDATA[org.opentest4j.AssertionFailedError: expected: not <null>
	at ed22_ud12_Ejercicio2_GeneradorIP.GeneradorTest.testIfIsNotNull(GeneradorTest.java:32)
]]></failure>
  </testcase>
  <testcase name="testIfIsNotNull[138]" classname="ed22_ud12_Ejercicio2_GeneradorIP.GeneradorTest" time="0.001">
    <failure message="expected: not &lt;null&gt;" type="org.opentest4j.AssertionFailedError"><![CDATA[org.opentest4j.AssertionFailedError: expected: not <null>
	at ed22_ud12_Ejercicio2_GeneradorIP.GeneradorTest.testIfIsNotNull(GeneradorTest.java:32)
]]></failure>
  </testcase>
  <testcase name="testIfIsNotNull[139]" classname="ed22_ud12_Ejercicio2_GeneradorIP.GeneradorTest" time="0">
    <failure message="expected: not &lt;null&gt;" type="org.opentest4j.AssertionFailedError"><![CDATA[org.opentest4j.AssertionFailedError: expected: not <null>
	at ed22_ud12_Ejercicio2_GeneradorIP.GeneradorTest.testIfIsNotNull(GeneradorTest.java:32)
]]></failure>
  </testcase>
  <testcase name="testIfIsNotNull[140]" classname="ed22_ud12_Ejercicio2_GeneradorIP.GeneradorTest" time="0">
    <failure message="expected: not &lt;null&gt;" type="org.opentest4j.AssertionFailedError"><![CDATA[org.opentest4j.AssertionFailedError: expected: not <null>
	at ed22_ud12_Ejercicio2_GeneradorIP.GeneradorTest.testIfIsNotNull(GeneradorTest.java:32)
]]></failure>
  </testcase>
  <testcase name="testIfIsNotNull[141]" classname="ed22_ud12_Ejercicio2_GeneradorIP.GeneradorTest" time="0.001">
    <failure message="expected: not &lt;null&gt;" type="org.opentest4j.AssertionFailedError"><![CDATA[org.opentest4j.AssertionFailedError: expected: not <null>
	at ed22_ud12_Ejercicio2_GeneradorIP.GeneradorTest.testIfIsNotNull(GeneradorTest.java:32)
]]></failure>
  </testcase>
  <testcase name="testIfIsNotNull[142]" classname="ed22_ud12_Ejercicio2_GeneradorIP.GeneradorTest" time="0">
    <failure message="expected: not &lt;null&gt;" type="org.opentest4j.AssertionFailedError"><![CDATA[org.opentest4j.AssertionFailedError: expected: not <null>
	at ed22_ud12_Ejercicio2_GeneradorIP.GeneradorTest.testIfIsNotNull(GeneradorTest.java:32)
]]></failure>
  </testcase>
  <testcase name="testIfIsNotNull[143]" classname="ed22_ud12_Ejercicio2_GeneradorIP.GeneradorTest" time="0.001">
    <failure message="expected: not &lt;null&gt;" type="org.opentest4j.AssertionFailedError"><![CDATA[org.opentest4j.AssertionFailedError: expected: not <null>
	at ed22_ud12_Ejercicio2_GeneradorIP.GeneradorTest.testIfIsNotNull(GeneradorTest.java:32)
]]></failure>
  </testcase>
  <testcase name="testIfIsNotNull[144]" classname="ed22_ud12_Ejercicio2_GeneradorIP.GeneradorTest" time="0.001">
    <failure message="expected: not &lt;null&gt;" type="org.opentest4j.AssertionFailedError"><![CDATA[org.opentest4j.AssertionFailedError: expected: not <null>
	at ed22_ud12_Ejercicio2_GeneradorIP.GeneradorTest.testIfIsNotNull(GeneradorTest.java:32)
]]></failure>
  </testcase>
  <testcase name="testIfIsNotNull[145]" classname="ed22_ud12_Ejercicio2_GeneradorIP.GeneradorTest" time="0">
    <failure message="expected: not &lt;null&gt;" type="org.opentest4j.AssertionFailedError"><![CDATA[org.opentest4j.AssertionFailedError: expected: not <null>
	at ed22_ud12_Ejercicio2_GeneradorIP.GeneradorTest.testIfIsNotNull(GeneradorTest.java:32)
]]></failure>
  </testcase>
  <testcase name="testIfIsNotNull[146]" classname="ed22_ud12_Ejercicio2_GeneradorIP.GeneradorTest" time="0">
    <failure message="expected: not &lt;null&gt;" type="org.opentest4j.AssertionFailedError"><![CDATA[org.opentest4j.AssertionFailedError: expected: not <null>
	at ed22_ud12_Ejercicio2_GeneradorIP.GeneradorTest.testIfIsNotNull(GeneradorTest.java:32)
]]></failure>
  </testcase>
  <testcase name="testIfIsNotNull[147]" classname="ed22_ud12_Ejercicio2_GeneradorIP.GeneradorTest" time="0.001">
    <failure message="expected: not &lt;null&gt;" type="org.opentest4j.AssertionFailedError"><![CDATA[org.opentest4j.AssertionFailedError: expected: not <null>
	at ed22_ud12_Ejercicio2_GeneradorIP.GeneradorTest.testIfIsNotNull(GeneradorTest.java:32)
]]></failure>
  </testcase>
  <testcase name="testIfIsNotNull[148]" classname="ed22_ud12_Ejercicio2_GeneradorIP.GeneradorTest" time="0">
    <failure message="expected: not &lt;null&gt;" type="org.opentest4j.AssertionFailedError"><![CDATA[org.opentest4j.AssertionFailedError: expected: not <null>
	at ed22_ud12_Ejercicio2_GeneradorIP.GeneradorTest.testIfIsNotNull(GeneradorTest.java:32)
]]></failure>
  </testcase>
  <testcase name="testIfIsNotNull[149]" classname="ed22_ud12_Ejercicio2_GeneradorIP.GeneradorTest" time="0">
    <failure message="expected: not &lt;null&gt;" type="org.opentest4j.AssertionFailedError"><![CDATA[org.opentest4j.AssertionFailedError: expected: not <null>
	at ed22_ud12_Ejercicio2_GeneradorIP.GeneradorTest.testIfIsNotNull(GeneradorTest.java:32)
]]></failure>
  </testcase>
  <testcase name="testIfIsNotNull[150]" classname="ed22_ud12_Ejercicio2_GeneradorIP.GeneradorTest" time="0.001">
    <failure message="expected: not &lt;null&gt;" type="org.opentest4j.AssertionFailedError"><![CDATA[org.opentest4j.AssertionFailedError: expected: not <null>
	at ed22_ud12_Ejercicio2_GeneradorIP.GeneradorTest.testIfIsNotNull(GeneradorTest.java:32)
]]></failure>
  </testcase>
  <testcase name="testIfIsNotNull[151]" classname="ed22_ud12_Ejercicio2_GeneradorIP.GeneradorTest" time="0">
    <failure message="expected: not &lt;null&gt;" type="org.opentest4j.AssertionFailedError"><![CDATA[org.opentest4j.AssertionFailedError: expected: not <null>
	at ed22_ud12_Ejercicio2_GeneradorIP.GeneradorTest.testIfIsNotNull(GeneradorTest.java:32)
]]></failure>
  </testcase>
  <testcase name="testIfIsNotNull[152]" classname="ed22_ud12_Ejercicio2_GeneradorIP.GeneradorTest" time="0">
    <failure message="expected: not &lt;null&gt;" type="org.opentest4j.AssertionFailedError"><![CDATA[org.opentest4j.AssertionFailedError: expected: not <null>
	at ed22_ud12_Ejercicio2_GeneradorIP.GeneradorTest.testIfIsNotNull(GeneradorTest.java:32)
]]></failure>
  </testcase>
  <testcase name="testIfIsNotNull[153]" classname="ed22_ud12_Ejercicio2_GeneradorIP.GeneradorTest" time="0.001">
    <failure message="expected: not &lt;null&gt;" type="org.opentest4j.AssertionFailedError"><![CDATA[org.opentest4j.AssertionFailedError: expected: not <null>
	at ed22_ud12_Ejercicio2_GeneradorIP.GeneradorTest.testIfIsNotNull(GeneradorTest.java:32)
]]></failure>
  </testcase>
  <testcase name="testIfIsNotNull[154]" classname="ed22_ud12_Ejercicio2_GeneradorIP.GeneradorTest" time="0.001">
    <failure message="expected: not &lt;null&gt;" type="org.opentest4j.AssertionFailedError"><![CDATA[org.opentest4j.AssertionFailedError: expected: not <null>
	at ed22_ud12_Ejercicio2_GeneradorIP.GeneradorTest.testIfIsNotNull(GeneradorTest.java:32)
]]></failure>
  </testcase>
  <testcase name="testIfIsNotNull[155]" classname="ed22_ud12_Ejercicio2_GeneradorIP.GeneradorTest" time="0">
    <failure message="expected: not &lt;null&gt;" type="org.opentest4j.AssertionFailedError"><![CDATA[org.opentest4j.AssertionFailedError: expected: not <null>
	at ed22_ud12_Ejercicio2_GeneradorIP.GeneradorTest.testIfIsNotNull(GeneradorTest.java:32)
]]></failure>
  </testcase>
  <testcase name="testIfIsNotNull[156]" classname="ed22_ud12_Ejercicio2_GeneradorIP.GeneradorTest" time="0">
    <failure message="expected: not &lt;null&gt;" type="org.opentest4j.AssertionFailedError"><![CDATA[org.opentest4j.AssertionFailedError: expected: not <null>
	at ed22_ud12_Ejercicio2_GeneradorIP.GeneradorTest.testIfIsNotNull(GeneradorTest.java:32)
]]></failure>
  </testcase>
  <testcase name="testIfIsNotNull[157]" classname="ed22_ud12_Ejercicio2_GeneradorIP.GeneradorTest" time="0">
    <failure message="expected: not &lt;null&gt;" type="org.opentest4j.AssertionFailedError"><![CDATA[org.opentest4j.AssertionFailedError: expected: not <null>
	at ed22_ud12_Ejercicio2_GeneradorIP.GeneradorTest.testIfIsNotNull(GeneradorTest.java:32)
]]></failure>
  </testcase>
  <testcase name="testIfIsNotNull[158]" classname="ed22_ud12_Ejercicio2_GeneradorIP.GeneradorTest" time="0">
    <failure message="expected: not &lt;null&gt;" type="org.opentest4j.AssertionFailedError"><![CDATA[org.opentest4j.AssertionFailedError: expected: not <null>
	at ed22_ud12_Ejercicio2_GeneradorIP.GeneradorTest.testIfIsNotNull(GeneradorTest.java:32)
]]></failure>
  </testcase>
  <testcase name="testIfIsNotNull[159]" classname="ed22_ud12_Ejercicio2_GeneradorIP.GeneradorTest" time="0">
    <failure message="expected: not &lt;null&gt;" type="org.opentest4j.AssertionFailedError"><![CDATA[org.opentest4j.AssertionFailedError: expected: not <null>
	at ed22_ud12_Ejercicio2_GeneradorIP.GeneradorTest.testIfIsNotNull(GeneradorTest.java:32)
]]></failure>
  </testcase>
  <testcase name="testIfIsNotNull[160]" classname="ed22_ud12_Ejercicio2_GeneradorIP.GeneradorTest" time="0.001">
    <failure message="expected: not &lt;null&gt;" type="org.opentest4j.AssertionFailedError"><![CDATA[org.opentest4j.AssertionFailedError: expected: not <null>
	at ed22_ud12_Ejercicio2_GeneradorIP.GeneradorTest.testIfIsNotNull(GeneradorTest.java:32)
]]></failure>
  </testcase>
  <testcase name="testIfIsNotNull[161]" classname="ed22_ud12_Ejercicio2_GeneradorIP.GeneradorTest" time="0">
    <failure message="expected: not &lt;null&gt;" type="org.opentest4j.AssertionFailedError"><![CDATA[org.opentest4j.AssertionFailedError: expected: not <null>
	at ed22_ud12_Ejercicio2_GeneradorIP.GeneradorTest.testIfIsNotNull(GeneradorTest.java:32)
]]></failure>
  </testcase>
  <testcase name="testIfIsNotNull[162]" classname="ed22_ud12_Ejercicio2_GeneradorIP.GeneradorTest" time="0">
    <failure message="expected: not &lt;null&gt;" type="org.opentest4j.AssertionFailedError"><![CDATA[org.opentest4j.AssertionFailedError: expected: not <null>
	at ed22_ud12_Ejercicio2_GeneradorIP.GeneradorTest.testIfIsNotNull(GeneradorTest.java:32)
]]></failure>
  </testcase>
  <testcase name="testIfIsNotNull[163]" classname="ed22_ud12_Ejercicio2_GeneradorIP.GeneradorTest" time="0.001">
    <failure message="expected: not &lt;null&gt;" type="org.opentest4j.AssertionFailedError"><![CDATA[org.opentest4j.AssertionFailedError: expected: not <null>
	at ed22_ud12_Ejercicio2_GeneradorIP.GeneradorTest.testIfIsNotNull(GeneradorTest.java:32)
]]></failure>
  </testcase>
  <testcase name="testIfIsNotNull[164]" classname="ed22_ud12_Ejercicio2_GeneradorIP.GeneradorTest" time="0">
    <failure message="expected: not &lt;null&gt;" type="org.opentest4j.AssertionFailedError"><![CDATA[org.opentest4j.AssertionFailedError: expected: not <null>
	at ed22_ud12_Ejercicio2_GeneradorIP.GeneradorTest.testIfIsNotNull(GeneradorTest.java:32)
]]></failure>
  </testcase>
  <testcase name="testIfIsNotNull[165]" classname="ed22_ud12_Ejercicio2_GeneradorIP.GeneradorTest" time="0">
    <failure message="expected: not &lt;null&gt;" type="org.opentest4j.AssertionFailedError"><![CDATA[org.opentest4j.AssertionFailedError: expected: not <null>
	at ed22_ud12_Ejercicio2_GeneradorIP.GeneradorTest.testIfIsNotNull(GeneradorTest.java:32)
]]></failure>
  </testcase>
  <testcase name="testIfIsNotNull[166]" classname="ed22_ud12_Ejercicio2_GeneradorIP.GeneradorTest" time="0.001">
    <failure message="expected: not &lt;null&gt;" type="org.opentest4j.AssertionFailedError"><![CDATA[org.opentest4j.AssertionFailedError: expected: not <null>
	at ed22_ud12_Ejercicio2_GeneradorIP.GeneradorTest.testIfIsNotNull(GeneradorTest.java:32)
]]></failure>
  </testcase>
  <testcase name="testIfIsNotNull[167]" classname="ed22_ud12_Ejercicio2_GeneradorIP.GeneradorTest" time="0.001">
    <failure message="expected: not &lt;null&gt;" type="org.opentest4j.AssertionFailedError"><![CDATA[org.opentest4j.AssertionFailedError: expected: not <null>
	at ed22_ud12_Ejercicio2_GeneradorIP.GeneradorTest.testIfIsNotNull(GeneradorTest.java:32)
]]></failure>
  </testcase>
  <testcase name="testIfIsNotNull[168]" classname="ed22_ud12_Ejercicio2_GeneradorIP.GeneradorTest" time="0">
    <failure message="expected: not &lt;null&gt;" type="org.opentest4j.AssertionFailedError"><![CDATA[org.opentest4j.AssertionFailedError: expected: not <null>
	at ed22_ud12_Ejercicio2_GeneradorIP.GeneradorTest.testIfIsNotNull(GeneradorTest.java:32)
]]></failure>
  </testcase>
  <testcase name="testIfIsNotNull[169]" classname="ed22_ud12_Ejercicio2_GeneradorIP.GeneradorTest" time="0">
    <failure message="expected: not &lt;null&gt;" type="org.opentest4j.AssertionFailedError"><![CDATA[org.opentest4j.AssertionFailedError: expected: not <null>
	at ed22_ud12_Ejercicio2_GeneradorIP.GeneradorTest.testIfIsNotNull(GeneradorTest.java:32)
]]></failure>
  </testcase>
  <testcase name="testIfIsNotNull[170]" classname="ed22_ud12_Ejercicio2_GeneradorIP.GeneradorTest" time="0">
    <failure message="expected: not &lt;null&gt;" type="org.opentest4j.AssertionFailedError"><![CDATA[org.opentest4j.AssertionFailedError: expected: not <null>
	at ed22_ud12_Ejercicio2_GeneradorIP.GeneradorTest.testIfIsNotNull(GeneradorTest.java:32)
]]></failure>
  </testcase>
  <testcase name="testIfIsNotNull[171]" classname="ed22_ud12_Ejercicio2_GeneradorIP.GeneradorTest" time="0.001">
    <failure message="expected: not &lt;null&gt;" type="org.opentest4j.AssertionFailedError"><![CDATA[org.opentest4j.AssertionFailedError: expected: not <null>
	at ed22_ud12_Ejercicio2_GeneradorIP.GeneradorTest.testIfIsNotNull(GeneradorTest.java:32)
]]></failure>
  </testcase>
  <testcase name="testIfIsNotNull[172]" classname="ed22_ud12_Ejercicio2_GeneradorIP.GeneradorTest" time="0">
    <failure message="expected: not &lt;null&gt;" type="org.opentest4j.AssertionFailedError"><![CDATA[org.opentest4j.AssertionFailedError: expected: not <null>
	at ed22_ud12_Ejercicio2_GeneradorIP.GeneradorTest.testIfIsNotNull(GeneradorTest.java:32)
]]></failure>
  </testcase>
  <testcase name="testIfIsNotNull[173]" classname="ed22_ud12_Ejercicio2_GeneradorIP.GeneradorTest" time="0.001">
    <failure message="expected: not &lt;null&gt;" type="org.opentest4j.AssertionFailedError"><![CDATA[org.opentest4j.AssertionFailedError: expected: not <null>
	at ed22_ud12_Ejercicio2_GeneradorIP.GeneradorTest.testIfIsNotNull(GeneradorTest.java:32)
]]></failure>
  </testcase>
  <testcase name="testIfIsNotNull[174]" classname="ed22_ud12_Ejercicio2_GeneradorIP.GeneradorTest" time="0">
    <failure message="expected: not &lt;null&gt;" type="org.opentest4j.AssertionFailedError"><![CDATA[org.opentest4j.AssertionFailedError: expected: not <null>
	at ed22_ud12_Ejercicio2_GeneradorIP.GeneradorTest.testIfIsNotNull(GeneradorTest.java:32)
]]></failure>
  </testcase>
  <testcase name="testIfIsNotNull[175]" classname="ed22_ud12_Ejercicio2_GeneradorIP.GeneradorTest" time="0">
    <failure message="expected: not &lt;null&gt;" type="org.opentest4j.AssertionFailedError"><![CDATA[org.opentest4j.AssertionFailedError: expected: not <null>
	at ed22_ud12_Ejercicio2_GeneradorIP.GeneradorTest.testIfIsNotNull(GeneradorTest.java:32)
]]></failure>
  </testcase>
  <testcase name="testIfIsNotNull[176]" classname="ed22_ud12_Ejercicio2_GeneradorIP.GeneradorTest" time="0.001">
    <failure message="expected: not &lt;null&gt;" type="org.opentest4j.AssertionFailedError"><![CDATA[org.opentest4j.AssertionFailedError: expected: not <null>
	at ed22_ud12_Ejercicio2_GeneradorIP.GeneradorTest.testIfIsNotNull(GeneradorTest.java:32)
]]></failure>
  </testcase>
  <testcase name="testIfIsNotNull[177]" classname="ed22_ud12_Ejercicio2_GeneradorIP.GeneradorTest" time="0">
    <failure message="expected: not &lt;null&gt;" type="org.opentest4j.AssertionFailedError"><![CDATA[org.opentest4j.AssertionFailedError: expected: not <null>
	at ed22_ud12_Ejercicio2_GeneradorIP.GeneradorTest.testIfIsNotNull(GeneradorTest.java:32)
]]></failure>
  </testcase>
  <testcase name="testIfIsNotNull[178]" classname="ed22_ud12_Ejercicio2_GeneradorIP.GeneradorTest" time="0.001">
    <failure message="expected: not &lt;null&gt;" type="org.opentest4j.AssertionFailedError"><![CDATA[org.opentest4j.AssertionFailedError: expected: not <null>
	at ed22_ud12_Ejercicio2_GeneradorIP.GeneradorTest.testIfIsNotNull(GeneradorTest.java:32)
]]></failure>
  </testcase>
  <testcase name="testIfIsNotNull[179]" classname="ed22_ud12_Ejercicio2_GeneradorIP.GeneradorTest" time="0.001">
    <failure message="expected: not &lt;null&gt;" type="org.opentest4j.AssertionFailedError"><![CDATA[org.opentest4j.AssertionFailedError: expected: not <null>
	at ed22_ud12_Ejercicio2_GeneradorIP.GeneradorTest.testIfIsNotNull(GeneradorTest.java:32)
]]></failure>
  </testcase>
  <testcase name="testIfIsNotNull[180]" classname="ed22_ud12_Ejercicio2_GeneradorIP.GeneradorTest" time="0">
    <failure message="expected: not &lt;null&gt;" type="org.opentest4j.AssertionFailedError"><![CDATA[org.opentest4j.AssertionFailedError: expected: not <null>
	at ed22_ud12_Ejercicio2_GeneradorIP.GeneradorTest.testIfIsNotNull(GeneradorTest.java:32)
]]></failure>
  </testcase>
  <testcase name="testIfIsNotNull[181]" classname="ed22_ud12_Ejercicio2_GeneradorIP.GeneradorTest" time="0">
    <failure message="expected: not &lt;null&gt;" type="org.opentest4j.AssertionFailedError"><![CDATA[org.opentest4j.AssertionFailedError: expected: not <null>
	at ed22_ud12_Ejercicio2_GeneradorIP.GeneradorTest.testIfIsNotNull(GeneradorTest.java:32)
]]></failure>
  </testcase>
  <testcase name="testIfIsNotNull[182]" classname="ed22_ud12_Ejercicio2_GeneradorIP.GeneradorTest" time="0">
    <failure message="expected: not &lt;null&gt;" type="org.opentest4j.AssertionFailedError"><![CDATA[org.opentest4j.AssertionFailedError: expected: not <null>
	at ed22_ud12_Ejercicio2_GeneradorIP.GeneradorTest.testIfIsNotNull(GeneradorTest.java:32)
]]></failure>
  </testcase>
  <testcase name="testIfIsNotNull[183]" classname="ed22_ud12_Ejercicio2_GeneradorIP.GeneradorTest" time="0">
    <failure message="expected: not &lt;null&gt;" type="org.opentest4j.AssertionFailedError"><![CDATA[org.opentest4j.AssertionFailedError: expected: not <null>
	at ed22_ud12_Ejercicio2_GeneradorIP.GeneradorTest.testIfIsNotNull(GeneradorTest.java:32)
]]></failure>
  </testcase>
  <testcase name="testIfIsNotNull[184]" classname="ed22_ud12_Ejercicio2_GeneradorIP.GeneradorTest" time="0">
    <failure message="expected: not &lt;null&gt;" type="org.opentest4j.AssertionFailedError"><![CDATA[org.opentest4j.AssertionFailedError: expected: not <null>
	at ed22_ud12_Ejercicio2_GeneradorIP.GeneradorTest.testIfIsNotNull(GeneradorTest.java:32)
]]></failure>
  </testcase>
  <testcase name="testIfIsNotNull[185]" classname="ed22_ud12_Ejercicio2_GeneradorIP.GeneradorTest" time="0.001">
    <failure message="expected: not &lt;null&gt;" type="org.opentest4j.AssertionFailedError"><![CDATA[org.opentest4j.AssertionFailedError: expected: not <null>
	at ed22_ud12_Ejercicio2_GeneradorIP.GeneradorTest.testIfIsNotNull(GeneradorTest.java:32)
]]></failure>
  </testcase>
  <testcase name="testIfIsNotNull[186]" classname="ed22_ud12_Ejercicio2_GeneradorIP.GeneradorTest" time="0.001">
    <failure message="expected: not &lt;null&gt;" type="org.opentest4j.AssertionFailedError"><![CDATA[org.opentest4j.AssertionFailedError: expected: not <null>
	at ed22_ud12_Ejercicio2_GeneradorIP.GeneradorTest.testIfIsNotNull(GeneradorTest.java:32)
]]></failure>
  </testcase>
  <testcase name="testIfIsNotNull[187]" classname="ed22_ud12_Ejercicio2_GeneradorIP.GeneradorTest" time="0">
    <failure message="expected: not &lt;null&gt;" type="org.opentest4j.AssertionFailedError"><![CDATA[org.opentest4j.AssertionFailedError: expected: not <null>
	at ed22_ud12_Ejercicio2_GeneradorIP.GeneradorTest.testIfIsNotNull(GeneradorTest.java:32)
]]></failure>
  </testcase>
  <testcase name="testIfIsNotNull[188]" classname="ed22_ud12_Ejercicio2_GeneradorIP.GeneradorTest" time="0.001">
    <failure message="expected: not &lt;null&gt;" type="org.opentest4j.AssertionFailedError"><![CDATA[org.opentest4j.AssertionFailedError: expected: not <null>
	at ed22_ud12_Ejercicio2_GeneradorIP.GeneradorTest.testIfIsNotNull(GeneradorTest.java:32)
]]></failure>
  </testcase>
  <testcase name="testIfIsNotNull[189]" classname="ed22_ud12_Ejercicio2_GeneradorIP.GeneradorTest" time="0.001">
    <failure message="expected: not &lt;null&gt;" type="org.opentest4j.AssertionFailedError"><![CDATA[org.opentest4j.AssertionFailedError: expected: not <null>
	at ed22_ud12_Ejercicio2_GeneradorIP.GeneradorTest.testIfIsNotNull(GeneradorTest.java:32)
]]></failure>
  </testcase>
  <testcase name="testIfIsNotNull[190]" classname="ed22_ud12_Ejercicio2_GeneradorIP.GeneradorTest" time="0.001">
    <failure message="expected: not &lt;null&gt;" type="org.opentest4j.AssertionFailedError"><![CDATA[org.opentest4j.AssertionFailedError: expected: not <null>
	at ed22_ud12_Ejercicio2_GeneradorIP.GeneradorTest.testIfIsNotNull(GeneradorTest.java:32)
]]></failure>
  </testcase>
  <testcase name="testIfIsNotNull[191]" classname="ed22_ud12_Ejercicio2_GeneradorIP.GeneradorTest" time="0.001">
    <failure message="expected: not &lt;null&gt;" type="org.opentest4j.AssertionFailedError"><![CDATA[org.opentest4j.AssertionFailedError: expected: not <null>
	at ed22_ud12_Ejercicio2_GeneradorIP.GeneradorTest.testIfIsNotNull(GeneradorTest.java:32)
]]></failure>
  </testcase>
  <testcase name="testIfIsNotNull[192]" classname="ed22_ud12_Ejercicio2_GeneradorIP.GeneradorTest" time="0.001">
    <failure message="expected: not &lt;null&gt;" type="org.opentest4j.AssertionFailedError"><![CDATA[org.opentest4j.AssertionFailedError: expected: not <null>
	at ed22_ud12_Ejercicio2_GeneradorIP.GeneradorTest.testIfIsNotNull(GeneradorTest.java:32)
]]></failure>
  </testcase>
  <testcase name="testIfIsNotNull[193]" classname="ed22_ud12_Ejercicio2_GeneradorIP.GeneradorTest" time="0">
    <failure message="expected: not &lt;null&gt;" type="org.opentest4j.AssertionFailedError"><![CDATA[org.opentest4j.AssertionFailedError: expected: not <null>
	at ed22_ud12_Ejercicio2_GeneradorIP.GeneradorTest.testIfIsNotNull(GeneradorTest.java:32)
]]></failure>
  </testcase>
  <testcase name="testIfIsNotNull[194]" classname="ed22_ud12_Ejercicio2_GeneradorIP.GeneradorTest" time="0">
    <failure message="expected: not &lt;null&gt;" type="org.opentest4j.AssertionFailedError"><![CDATA[org.opentest4j.AssertionFailedError: expected: not <null>
	at ed22_ud12_Ejercicio2_GeneradorIP.GeneradorTest.testIfIsNotNull(GeneradorTest.java:32)
]]></failure>
  </testcase>
  <testcase name="testIfIsNotNull[195]" classname="ed22_ud12_Ejercicio2_GeneradorIP.GeneradorTest" time="0">
    <failure message="expected: not &lt;null&gt;" type="org.opentest4j.AssertionFailedError"><![CDATA[org.opentest4j.AssertionFailedError: expected: not <null>
	at ed22_ud12_Ejercicio2_GeneradorIP.GeneradorTest.testIfIsNotNull(GeneradorTest.java:32)
]]></failure>
  </testcase>
  <testcase name="testIfIsNotNull[196]" classname="ed22_ud12_Ejercicio2_GeneradorIP.GeneradorTest" time="0">
    <failure message="expected: not &lt;null&gt;" type="org.opentest4j.AssertionFailedError"><![CDATA[org.opentest4j.AssertionFailedError: expected: not <null>
	at ed22_ud12_Ejercicio2_GeneradorIP.GeneradorTest.testIfIsNotNull(GeneradorTest.java:32)
]]></failure>
  </testcase>
  <testcase name="testIfIsNotNull[197]" classname="ed22_ud12_Ejercicio2_GeneradorIP.GeneradorTest" time="0">
    <failure message="expected: not &lt;null&gt;" type="org.opentest4j.AssertionFailedError"><![CDATA[org.opentest4j.AssertionFailedError: expected: not <null>
	at ed22_ud12_Ejercicio2_GeneradorIP.GeneradorTest.testIfIsNotNull(GeneradorTest.java:32)
]]></failure>
  </testcase>
  <testcase name="testIfIsNotNull[198]" classname="ed22_ud12_Ejercicio2_GeneradorIP.GeneradorTest" time="0.001">
    <failure message="expected: not &lt;null&gt;" type="org.opentest4j.AssertionFailedError"><![CDATA[org.opentest4j.AssertionFailedError: expected: not <null>
	at ed22_ud12_Ejercicio2_GeneradorIP.GeneradorTest.testIfIsNotNull(GeneradorTest.java:32)
]]></failure>
  </testcase>
  <testcase name="testIfIsNotNull[199]" classname="ed22_ud12_Ejercicio2_GeneradorIP.GeneradorTest" time="0.001">
    <failure message="expected: not &lt;null&gt;" type="org.opentest4j.AssertionFailedError"><![CDATA[org.opentest4j.AssertionFailedError: expected: not <null>
	at ed22_ud12_Ejercicio2_GeneradorIP.GeneradorTest.testIfIsNotNull(GeneradorTest.java:32)
]]></failure>
  </testcase>
  <testcase name="testIfIsNotNull[200]" classname="ed22_ud12_Ejercicio2_GeneradorIP.GeneradorTest" time="0">
    <failure message="expected: not &lt;null&gt;" type="org.opentest4j.AssertionFailedError"><![CDATA[org.opentest4j.AssertionFailedError: expected: not <null>
	at ed22_ud12_Ejercicio2_GeneradorIP.GeneradorTest.testIfIsNotNull(GeneradorTest.java:32)
]]></failure>
  </testcase>
  <testcase name="testIfIsNotNull[201]" classname="ed22_ud12_Ejercicio2_GeneradorIP.GeneradorTest" time="0.001">
    <failure message="expected: not &lt;null&gt;" type="org.opentest4j.AssertionFailedError"><![CDATA[org.opentest4j.AssertionFailedError: expected: not <null>
	at ed22_ud12_Ejercicio2_GeneradorIP.GeneradorTest.testIfIsNotNull(GeneradorTest.java:32)
]]></failure>
  </testcase>
  <testcase name="testIfIsNotNull[202]" classname="ed22_ud12_Ejercicio2_GeneradorIP.GeneradorTest" time="0">
    <failure message="expected: not &lt;null&gt;" type="org.opentest4j.AssertionFailedError"><![CDATA[org.opentest4j.AssertionFailedError: expected: not <null>
	at ed22_ud12_Ejercicio2_GeneradorIP.GeneradorTest.testIfIsNotNull(GeneradorTest.java:32)
]]></failure>
  </testcase>
  <testcase name="testIfIsNotNull[203]" classname="ed22_ud12_Ejercicio2_GeneradorIP.GeneradorTest" time="0.001">
    <failure message="expected: not &lt;null&gt;" type="org.opentest4j.AssertionFailedError"><![CDATA[org.opentest4j.AssertionFailedError: expected: not <null>
	at ed22_ud12_Ejercicio2_GeneradorIP.GeneradorTest.testIfIsNotNull(GeneradorTest.java:32)
]]></failure>
[...]
  <testcase name="testIfNull[818]" classname="ed22_ud12_Ejercicio2_GeneradorIP.GeneradorTest" time="0"/>
  <testcase name="testIfNull[819]" classname="ed22_ud12_Ejercicio2_GeneradorIP.GeneradorTest" time="0"/>
  <testcase name="testIfNull[820]" classname="ed22_ud12_Ejercicio2_GeneradorIP.GeneradorTest" time="0"/>
  <testcase name="testIfNull[821]" classname="ed22_ud12_Ejercicio2_GeneradorIP.GeneradorTest" time="0"/>
  <testcase name="testIfNull[822]" classname="ed22_ud12_Ejercicio2_GeneradorIP.GeneradorTest" time="0"/>
  <testcase name="testIfNull[823]" classname="ed22_ud12_Ejercicio2_GeneradorIP.GeneradorTest" time="0"/>
  <testcase name="testIfNull[824]" classname="ed22_ud12_Ejercicio2_GeneradorIP.GeneradorTest" time="0.001"/>
  <testcase name="testIfNull[825]" classname="ed22_ud12_Ejercicio2_GeneradorIP.GeneradorTest" time="0"/>
  <testcase name="testIfNull[826]" classname="ed22_ud12_Ejercicio2_GeneradorIP.GeneradorTest" time="0"/>
  <testcase name="testIfNull[827]" classname="ed22_ud12_Ejercicio2_GeneradorIP.GeneradorTest" time="0"/>
  <testcase name="testIfNull[828]" classname="ed22_ud12_Ejercicio2_GeneradorIP.GeneradorTest" time="0"/>
  <testcase name="testIfNull[829]" classname="ed22_ud12_Ejercicio2_GeneradorIP.GeneradorTest" time="0"/>
  <testcase name="testIfNull[830]" classname="ed22_ud12_Ejercicio2_GeneradorIP.GeneradorTest" time="0"/>
  <testcase name="testIfNull[831]" classname="ed22_ud12_Ejercicio2_GeneradorIP.GeneradorTest" time="0"/>
  <testcase name="testIfNull[832]" classname="ed22_ud12_Ejercicio2_GeneradorIP.GeneradorTest" time="0"/>
  <testcase name="testIfNull[833]" classname="ed22_ud12_Ejercicio2_GeneradorIP.GeneradorTest" time="0.003"/>
  <testcase name="testIfNull[834]" classname="ed22_ud12_Ejercicio2_GeneradorIP.GeneradorTest" time="0.001"/>
  <testcase name="testIfNull[835]" classname="ed22_ud12_Ejercicio2_GeneradorIP.GeneradorTest" time="0"/>
  <testcase name="testIfNull[836]" classname="ed22_ud12_Ejercicio2_GeneradorIP.GeneradorTest" time="0"/>
  <testcase name="testIfNull[837]" classname="ed22_ud12_Ejercicio2_GeneradorIP.GeneradorTest" time="0.001"/>
  <testcase name="testIfNull[838]" classname="ed22_ud12_Ejercicio2_GeneradorIP.GeneradorTest" time="0"/>
  <testcase name="testIfNull[839]" classname="ed22_ud12_Ejercicio2_GeneradorIP.GeneradorTest" time="0"/>
  <testcase name="testIfNull[840]" classname="ed22_ud12_Ejercicio2_GeneradorIP.GeneradorTest" time="0"/>
  <testcase name="testIfNull[841]" classname="ed22_ud12_Ejercicio2_GeneradorIP.GeneradorTest" time="0.001"/>
  <testcase name="testIfNull[842]" classname="ed22_ud12_Ejercicio2_GeneradorIP.GeneradorTest" time="0"/>
  <testcase name="testIfNull[843]" classname="ed22_ud12_Ejercicio2_GeneradorIP.GeneradorTest" time="0"/>
  <testcase name="testIfNull[844]" classname="ed22_ud12_Ejercicio2_GeneradorIP.GeneradorTest" time="0"/>
  <testcase name="testIfNull[845]" classname="ed22_ud12_Ejercicio2_GeneradorIP.GeneradorTest" time="0"/>
  <testcase name="testIfNull[846]" classname="ed22_ud12_Ejercicio2_GeneradorIP.GeneradorTest" time="0"/>
  <testcase name="testIfNull[847]" classname="ed22_ud12_Ejercicio2_GeneradorIP.GeneradorTest" time="0"/>
  <testcase name="testIfNull[848]" classname="ed22_ud12_Ejercicio2_GeneradorIP.GeneradorTest" time="0"/>
  <testcase name="testIfNull[849]" classname="ed22_ud12_Ejercicio2_GeneradorIP.GeneradorTest" time="0"/>
  <testcase name="testIfNull[850]" classname="ed22_ud12_Ejercicio2_GeneradorIP.GeneradorTest" time="0"/>
  <testcase name="testIfNull[851]" classname="ed22_ud12_Ejercicio2_GeneradorIP.GeneradorTest" time="0"/>
  <testcase name="testIfNull[852]" classname="ed22_ud12_Ejercicio2_GeneradorIP.GeneradorTest" time="0"/>
  <testcase name="testIfNull[853]" classname="ed22_ud12_Ejercicio2_GeneradorIP.GeneradorTest" time="0"/>
  <testcase name="testIfNull[854]" classname="ed22_ud12_Ejercicio2_GeneradorIP.GeneradorTest" time="0"/>
  <testcase name="testIfNull[855]" classname="ed22_ud12_Ejercicio2_GeneradorIP.GeneradorTest" time="0.001"/>
  <testcase name="testIfNull[856]" classname="ed22_ud12_Ejercicio2_GeneradorIP.GeneradorTest" time="0"/>
  <testcase name="testIfNull[857]" classname="ed22_ud12_Ejercicio2_GeneradorIP.GeneradorTest" time="0"/>
  <testcase name="testIfNull[858]" classname="ed22_ud12_Ejercicio2_GeneradorIP.GeneradorTest" time="0"/>
  <testcase name="testIfNull[859]" classname="ed22_ud12_Ejercicio2_GeneradorIP.GeneradorTest" time="0"/>
  <testcase name="testIfNull[860]" classname="ed22_ud12_Ejercicio2_GeneradorIP.GeneradorTest" time="0"/>
  <testcase name="testIfNull[861]" classname="ed22_ud12_Ejercicio2_GeneradorIP.GeneradorTest" time="0"/>
  <testcase name="testIfNull[862]" classname="ed22_ud12_Ejercicio2_GeneradorIP.GeneradorTest" time="0"/>
  <testcase name="testIfNull[863]" classname="ed22_ud12_Ejercicio2_GeneradorIP.GeneradorTest" time="0"/>
  <testcase name="testIfNull[864]" classname="ed22_ud12_Ejercicio2_GeneradorIP.GeneradorTest" time="0"/>
  <testcase name="testIfNull[865]" classname="ed22_ud12_Ejercicio2_GeneradorIP.GeneradorTest" time="0"/>
  <testcase name="testIfNull[866]" classname="ed22_ud12_Ejercicio2_GeneradorIP.GeneradorTest" time="0"/>
  <testcase name="testIfNull[867]" classname="ed22_ud12_Ejercicio2_GeneradorIP.GeneradorTest" time="0"/>
  <testcase name="testIfNull[868]" classname="ed22_ud12_Ejercicio2_GeneradorIP.GeneradorTest" time="0"/>
  <testcase name="testIfNull[869]" classname="ed22_ud12_Ejercicio2_GeneradorIP.GeneradorTest" time="0"/>
  <testcase name="testIfNull[870]" classname="ed22_ud12_Ejercicio2_GeneradorIP.GeneradorTest" time="0"/>
  <testcase name="testIfNull[871]" classname="ed22_ud12_Ejercicio2_GeneradorIP.GeneradorTest" time="0.001"/>
  <testcase name="testIfNull[872]" classname="ed22_ud12_Ejercicio2_GeneradorIP.GeneradorTest" time="0"/>
  <testcase name="testIfNull[873]" classname="ed22_ud12_Ejercicio2_GeneradorIP.GeneradorTest" time="0"/>
  <testcase name="testIfNull[874]" classname="ed22_ud12_Ejercicio2_GeneradorIP.GeneradorTest" time="0"/>
  <testcase name="testIfNull[875]" classname="ed22_ud12_Ejercicio2_GeneradorIP.GeneradorTest" time="0"/>
  <testcase name="testIfNull[876]" classname="ed22_ud12_Ejercicio2_GeneradorIP.GeneradorTest" time="0"/>
  <testcase name="testIfNull[877]" classname="ed22_ud12_Ejercicio2_GeneradorIP.GeneradorTest" time="0"/>
  <testcase name="testIfNull[878]" classname="ed22_ud12_Ejercicio2_GeneradorIP.GeneradorTest" time="0"/>
  <testcase name="testIfNull[879]" classname="ed22_ud12_Ejercicio2_GeneradorIP.GeneradorTest" time="0"/>
  <testcase name="testIfNull[880]" classname="ed22_ud12_Ejercicio2_GeneradorIP.GeneradorTest" time="0"/>
  <testcase name="testIfNull[881]" classname="ed22_ud12_Ejercicio2_GeneradorIP.GeneradorTest" time="0"/>
  <testcase name="testIfNull[882]" classname="ed22_ud12_Ejercicio2_GeneradorIP.GeneradorTest" time="0"/>
  <testcase name="testIfNull[883]" classname="ed22_ud12_Ejercicio2_GeneradorIP.GeneradorTest" time="0"/>
  <testcase name="testIfNull[884]" classname="ed22_ud12_Ejercicio2_GeneradorIP.GeneradorTest" time="0"/>
  <testcase name="testIfNull[885]" classname="ed22_ud12_Ejercicio2_GeneradorIP.GeneradorTest" time="0"/>
  <testcase name="testIfNull[886]" classname="ed22_ud12_Ejercicio2_GeneradorIP.GeneradorTest" time="0"/>
  <testcase name="testIfNull[887]" classname="ed22_ud12_Ejercicio2_GeneradorIP.GeneradorTest" time="0"/>
  <testcase name="testIfNull[888]" classname="ed22_ud12_Ejercicio2_GeneradorIP.GeneradorTest" time="0"/>
  <testcase name="testIfNull[889]" classname="ed22_ud12_Ejercicio2_GeneradorIP.GeneradorTest" time="0"/>
  <testcase name="testIfNull[890]" classname="ed22_ud12_Ejercicio2_GeneradorIP.GeneradorTest" time="0"/>
  <testcase name="testIfNull[891]" classname="ed22_ud12_Ejercicio2_GeneradorIP.GeneradorTest" time="0"/>
  <testcase name="testIfNull[892]" classname="ed22_ud12_Ejercicio2_GeneradorIP.GeneradorTest" time="0"/>
  <testcase name="testIfNull[893]" classname="ed22_ud12_Ejercicio2_GeneradorIP.GeneradorTest" time="0"/>
  <testcase name="testIfNull[894]" classname="ed22_ud12_Ejercicio2_GeneradorIP.GeneradorTest" time="0"/>
  <testcase name="testIfNull[895]" classname="ed22_ud12_Ejercicio2_GeneradorIP.GeneradorTest" time="0"/>
  <testcase name="testIfNull[896]" classname="ed22_ud12_Ejercicio2_GeneradorIP.GeneradorTest" time="0"/>
  <testcase name="testIfNull[897]" classname="ed22_ud12_Ejercicio2_GeneradorIP.GeneradorTest" time="0"/>
  <testcase name="testIfNull[898]" classname="ed22_ud12_Ejercicio2_GeneradorIP.GeneradorTest" time="0"/>
  <testcase name="testIfNull[899]" classname="ed22_ud12_Ejercicio2_GeneradorIP.GeneradorTest" time="0.001"/>
  <testcase name="testIfNull[900]" classname="ed22_ud12_Ejercicio2_GeneradorIP.GeneradorTest" time="0"/>
  <testcase name="testIfNull[901]" classname="ed22_ud12_Ejercicio2_GeneradorIP.GeneradorTest" time="0"/>
  <testcase name="testIfNull[902]" classname="ed22_ud12_Ejercicio2_GeneradorIP.GeneradorTest" time="0"/>
  <testcase name="testIfNull[903]" classname="ed22_ud12_Ejercicio2_GeneradorIP.GeneradorTest" time="0"/>
  <testcase name="testIfNull[904]" classname="ed22_ud12_Ejercicio2_GeneradorIP.GeneradorTest" time="0"/>
  <testcase name="testIfNull[905]" classname="ed22_ud12_Ejercicio2_GeneradorIP.GeneradorTest" time="0"/>
  <testcase name="testIfNull[906]" classname="ed22_ud12_Ejercicio2_GeneradorIP.GeneradorTest" time="0"/>
  <testcase name="testIfNull[907]" classname="ed22_ud12_Ejercicio2_GeneradorIP.GeneradorTest" time="0"/>
  <testcase name="testIfNull[908]" classname="ed22_ud12_Ejercicio2_GeneradorIP.GeneradorTest" time="0"/>
  <testcase name="testIfNull[909]" classname="ed22_ud12_Ejercicio2_GeneradorIP.GeneradorTest" time="0"/>
  <testcase name="testIfNull[910]" classname="ed22_ud12_Ejercicio2_GeneradorIP.GeneradorTest" time="0"/>
  <testcase name="testIfNull[911]" classname="ed22_ud12_Ejercicio2_GeneradorIP.GeneradorTest" time="0.001"/>
  <testcase name="testIfNull[912]" classname="ed22_ud12_Ejercicio2_GeneradorIP.GeneradorTest" time="0"/>
  <testcase name="testIfNull[913]" classname="ed22_ud12_Ejercicio2_GeneradorIP.GeneradorTest" time="0"/>
  <testcase name="testIfNull[914]" classname="ed22_ud12_Ejercicio2_GeneradorIP.GeneradorTest" time="0"/>
  <testcase name="testIfNull[915]" classname="ed22_ud12_Ejercicio2_GeneradorIP.GeneradorTest" time="0"/>
  <testcase name="testIfNull[916]" classname="ed22_ud12_Ejercicio2_GeneradorIP.GeneradorTest" time="0"/>
  <testcase name="testIfNull[917]" classname="ed22_ud12_Ejercicio2_GeneradorIP.GeneradorTest" time="0"/>
  <testcase name="testIfNull[918]" classname="ed22_ud12_Ejercicio2_GeneradorIP.GeneradorTest" time="0"/>
  <testcase name="testIfNull[919]" classname="ed22_ud12_Ejercicio2_GeneradorIP.GeneradorTest" time="0"/>
  <testcase name="testIfNull[920]" classname="ed22_ud12_Ejercicio2_GeneradorIP.GeneradorTest" time="0"/>
  <testcase name="testIfNull[921]" classname="ed22_ud12_Ejercicio2_GeneradorIP.GeneradorTest" time="0.001"/>
  <testcase name="testIfNull[922]" classname="ed22_ud12_Ejercicio2_GeneradorIP.GeneradorTest" time="0"/>
  <testcase name="testIfNull[923]" classname="ed22_ud12_Ejercicio2_GeneradorIP.GeneradorTest" time="0"/>
  <testcase name="testIfNull[924]" classname="ed22_ud12_Ejercicio2_GeneradorIP.GeneradorTest" time="0"/>
  <testcase name="testIfNull[925]" classname="ed22_ud12_Ejercicio2_GeneradorIP.GeneradorTest" time="0"/>
  <testcase name="testIfNull[926]" classname="ed22_ud12_Ejercicio2_GeneradorIP.GeneradorTest" time="0.001"/>
  <testcase name="testIfNull[927]" classname="ed22_ud12_Ejercicio2_GeneradorIP.GeneradorTest" time="0"/>
  <testcase name="testIfNull[928]" classname="ed22_ud12_Ejercicio2_GeneradorIP.GeneradorTest" time="0"/>
  <testcase name="testIfNull[929]" classname="ed22_ud12_Ejercicio2_GeneradorIP.GeneradorTest" time="0"/>
  <testcase name="testIfNull[930]" classname="ed22_ud12_Ejercicio2_GeneradorIP.GeneradorTest" time="0"/>
  <testcase name="testIfNull[931]" classname="ed22_ud12_Ejercicio2_GeneradorIP.GeneradorTest" time="0"/>
  <testcase name="testIfNull[932]" classname="ed22_ud12_Ejercicio2_GeneradorIP.GeneradorTest" time="0"/>
  <testcase name="testIfNull[933]" classname="ed22_ud12_Ejercicio2_GeneradorIP.GeneradorTest" time="0"/>
  <testcase name="testIfNull[934]" classname="ed22_ud12_Ejercicio2_GeneradorIP.GeneradorTest" time="0"/>
  <testcase name="testIfNull[935]" classname="ed22_ud12_Ejercicio2_GeneradorIP.GeneradorTest" time="0"/>
  <testcase name="testIfNull[936]" classname="ed22_ud12_Ejercicio2_GeneradorIP.GeneradorTest" time="0"/>
  <testcase name="testIfNull[937]" classname="ed22_ud12_Ejercicio2_GeneradorIP.GeneradorTest" time="0"/>
  <testcase name="testIfNull[938]" classname="ed22_ud12_Ejercicio2_GeneradorIP.GeneradorTest" time="0"/>
  <testcase name="testIfNull[939]" classname="ed22_ud12_Ejercicio2_GeneradorIP.GeneradorTest" time="0.001"/>
  <testcase name="testIfNull[940]" classname="ed22_ud12_Ejercicio2_GeneradorIP.GeneradorTest" time="0"/>
  <testcase name="testIfNull[941]" classname="ed22_ud12_Ejercicio2_GeneradorIP.GeneradorTest" time="0"/>
  <testcase name="testIfNull[942]" classname="ed22_ud12_Ejercicio2_GeneradorIP.GeneradorTest" time="0"/>
  <testcase name="testIfNull[943]" classname="ed22_ud12_Ejercicio2_GeneradorIP.GeneradorTest" time="0"/>
  <testcase name="testIfNull[944]" classname="ed22_ud12_Ejercicio2_GeneradorIP.GeneradorTest" time="0"/>
  <testcase name="testIfNull[945]" classname="ed22_ud12_Ejercicio2_GeneradorIP.GeneradorTest" time="0"/>
  <testcase name="testIfNull[946]" classname="ed22_ud12_Ejercicio2_GeneradorIP.GeneradorTest" time="0"/>
  <testcase name="testIfNull[947]" classname="ed22_ud12_Ejercicio2_GeneradorIP.GeneradorTest" time="0"/>
  <testcase name="testIfNull[948]" classname="ed22_ud12_Ejercicio2_GeneradorIP.GeneradorTest" time="0"/>
  <testcase name="testIfNull[949]" classname="ed22_ud12_Ejercicio2_GeneradorIP.GeneradorTest" time="0"/>
  <testcase name="testIfNull[950]" classname="ed22_ud12_Ejercicio2_GeneradorIP.GeneradorTest" time="0"/>
  <testcase name="testIfNull[951]" classname="ed22_ud12_Ejercicio2_GeneradorIP.GeneradorTest" time="0"/>
  <testcase name="testIfNull[952]" classname="ed22_ud12_Ejercicio2_GeneradorIP.GeneradorTest" time="0"/>
  <testcase name="testIfNull[953]" classname="ed22_ud12_Ejercicio2_GeneradorIP.GeneradorTest" time="0"/>
  <testcase name="testIfNull[954]" classname="ed22_ud12_Ejercicio2_GeneradorIP.GeneradorTest" time="0"/>
  <testcase name="testIfNull[955]" classname="ed22_ud12_Ejercicio2_GeneradorIP.GeneradorTest" time="0"/>
  <testcase name="testIfNull[956]" classname="ed22_ud12_Ejercicio2_GeneradorIP.GeneradorTest" time="0"/>
  <testcase name="testIfNull[957]" classname="ed22_ud12_Ejercicio2_GeneradorIP.GeneradorTest" time="0"/>
  <testcase name="testIfNull[958]" classname="ed22_ud12_Ejercicio2_GeneradorIP.GeneradorTest" time="0"/>
  <testcase name="testIfNull[959]" classname="ed22_ud12_Ejercicio2_GeneradorIP.GeneradorTest" time="0"/>
  <testcase name="testIfNull[960]" classname="ed22_ud12_Ejercicio2_GeneradorIP.GeneradorTest" time="0"/>
  <testcase name="testIfNull[961]" classname="ed22_ud12_Ejercicio2_GeneradorIP.GeneradorTest" time="0"/>
  <testcase name="testIfNull[962]" classname="ed22_ud12_Ejercicio2_GeneradorIP.GeneradorTest" time="0"/>
  <testcase name="testIfNull[963]" classname="ed22_ud12_Ejercicio2_GeneradorIP.GeneradorTest" time="0.001"/>
  <testcase name="testIfNull[964]" classname="ed22_ud12_Ejercicio2_GeneradorIP.GeneradorTest" time="0"/>
  <testcase name="testIfNull[965]" classname="ed22_ud12_Ejercicio2_GeneradorIP.GeneradorTest" time="0"/>
  <testcase name="testIfNull[966]" classname="ed22_ud12_Ejercicio2_GeneradorIP.GeneradorTest" time="0"/>
  <testcase name="testIfNull[967]" classname="ed22_ud12_Ejercicio2_GeneradorIP.GeneradorTest" time="0"/>
  <testcase name="testIfNull[968]" classname="ed22_ud12_Ejercicio2_GeneradorIP.GeneradorTest" time="0.001"/>
  <testcase name="testIfNull[969]" classname="ed22_ud12_Ejercicio2_GeneradorIP.GeneradorTest" time="0"/>
  <testcase name="testIfNull[970]" classname="ed22_ud12_Ejercicio2_GeneradorIP.GeneradorTest" time="0"/>
  <testcase name="testIfNull[971]" classname="ed22_ud12_Ejercicio2_GeneradorIP.GeneradorTest" time="0"/>
  <testcase name="testIfNull[972]" classname="ed22_ud12_Ejercicio2_GeneradorIP.GeneradorTest" time="0"/>
  <testcase name="testIfNull[973]" classname="ed22_ud12_Ejercicio2_GeneradorIP.GeneradorTest" time="0"/>
  <testcase name="testIfNull[974]" classname="ed22_ud12_Ejercicio2_GeneradorIP.GeneradorTest" time="0"/>
  <testcase name="testIfNull[975]" classname="ed22_ud12_Ejercicio2_GeneradorIP.GeneradorTest" time="0"/>
  <testcase name="testIfNull[976]" classname="ed22_ud12_Ejercicio2_GeneradorIP.GeneradorTest" time="0"/>
  <testcase name="testIfNull[977]" classname="ed22_ud12_Ejercicio2_GeneradorIP.GeneradorTest" time="0"/>
  <testcase name="testIfNull[978]" classname="ed22_ud12_Ejercicio2_GeneradorIP.GeneradorTest" time="0"/>
  <testcase name="testIfNull[979]" classname="ed22_ud12_Ejercicio2_GeneradorIP.GeneradorTest" time="0"/>
  <testcase name="testIfNull[980]" classname="ed22_ud12_Ejercicio2_GeneradorIP.GeneradorTest" time="0"/>
  <testcase name="testIfNull[981]" classname="ed22_ud12_Ejercicio2_GeneradorIP.GeneradorTest" time="0.001"/>
  <testcase name="testIfNull[982]" classname="ed22_ud12_Ejercicio2_GeneradorIP.GeneradorTest" time="0"/>
  <testcase name="testIfNull[983]" classname="ed22_ud12_Ejercicio2_GeneradorIP.GeneradorTest" time="0"/>
  <testcase name="testIfNull[984]" classname="ed22_ud12_Ejercicio2_GeneradorIP.GeneradorTest" time="0"/>
  <testcase name="testIfNull[985]" classname="ed22_ud12_Ejercicio2_GeneradorIP.GeneradorTest" time="0"/>
  <testcase name="testIfNull[986]" classname="ed22_ud12_Ejercicio2_GeneradorIP.GeneradorTest" time="0"/>
  <testcase name="testIfNull[987]" classname="ed22_ud12_Ejercicio2_GeneradorIP.GeneradorTest" time="0"/>
  <testcase name="testIfNull[988]" classname="ed22_ud12_Ejercicio2_GeneradorIP.GeneradorTest" time="0"/>
  <testcase name="testIfNull[989]" classname="ed22_ud12_Ejercicio2_GeneradorIP.GeneradorTest" time="0"/>
  <testcase name="testIfNull[990]" classname="ed22_ud12_Ejercicio2_GeneradorIP.GeneradorTest" time="0.001"/>
  <testcase name="testIfNull[991]" classname="ed22_ud12_Ejercicio2_GeneradorIP.GeneradorTest" time="0"/>
  <testcase name="testIfNull[992]" classname="ed22_ud12_Ejercicio2_GeneradorIP.GeneradorTest" time="0"/>
  <testcase name="testIfNull[993]" classname="ed22_ud12_Ejercicio2_GeneradorIP.GeneradorTest" time="0"/>
  <testcase name="testIfNull[994]" classname="ed22_ud12_Ejercicio2_GeneradorIP.GeneradorTest" time="0"/>
  <testcase name="testIfNull[995]" classname="ed22_ud12_Ejercicio2_GeneradorIP.GeneradorTest" time="0"/>
  <testcase name="testIfNull[996]" classname="ed22_ud12_Ejercicio2_GeneradorIP.GeneradorTest" time="0"/>
  <testcase name="testIfNull[997]" classname="ed22_ud12_Ejercicio2_GeneradorIP.GeneradorTest" time="0"/>
  <testcase name="testIfNull[998]" classname="ed22_ud12_Ejercicio2_GeneradorIP.GeneradorTest" time="0"/>
  <testcase name="testIfNull[999]" classname="ed22_ud12_Ejercicio2_GeneradorIP.GeneradorTest" time="0.001"/>
  <testcase name="testIfNull[1000]" classname="ed22_ud12_Ejercicio2_GeneradorIP.GeneradorTest" time="0"/>
  <testcase name="testIfIsTrue" classname="ed22_ud12_Ejercicio2_GeneradorIP.GeneradorTest" time="0">
    <error message="Cannot invoke &quot;ed22_ud12_Ejercicio2_GeneradorIP.Generador.setMin(int)&quot; because &quot;this.g1&quot; is null" type="java.lang.NullPointerException">java.lang.NullPointerException: Cannot invoke "ed22_ud12_Ejercicio2_GeneradorIP.Generador.setMin(int)" because "this.g1" is null
	at ed22_ud12_Ejercicio2_GeneradorIP.GeneradorTest.testIfIsTrue(GeneradorTest.java:45)
</error>
  </testcase>
  <testcase name="testSameObject" classname="ed22_ud12_Ejercicio2_GeneradorIP.GeneradorTest" time="0.001"/>
</testsuite>